This is pdfTeX, Version 3.14159265-2.6-1.40.18 (TeX Live 2017/Debian) (preloaded format=latex 2019.8.7)  5 FEB 2022 14:37
entering extended mode
 restricted \write18 enabled.
 %&-line parsing enabled.
**./manual-images.tex
(./manual-images.tex
LaTeX2e <2017-04-15>
Babel <3.18> and hyphenation patterns for 30 language(s) loaded.

(/usr/share/texlive/texmf-dist/tex/latex/base/article.cls
Document Class: article 2014/09/29 v1.4h Standard LaTeX document class
(/usr/share/texlive/texmf-dist/tex/latex/base/size10.clo
File: size10.clo 2014/09/29 v1.4h Standard LaTeX file (size option)
)
\c@part=\count79
\c@section=\count80
\c@subsection=\count81
\c@subsubsection=\count82
\c@paragraph=\count83
\c@subparagraph=\count84
\c@figure=\count85
\c@table=\count86
\abovecaptionskip=\skip41
\belowcaptionskip=\skip42
\bibindent=\dimen102
) (/usr/share/texlive/texmf-dist/tex/latex/base/ifthen.sty
Package: ifthen 2014/09/29 v1.1c Standard LaTeX ifthen package (DPC)
) (/usr/share/texlive/texmf-dist/tex/latex/base/makeidx.sty
Package: makeidx 2014/09/29 v1.0m Standard LaTeX package
) (/tmp/euslisp/doc/latex/mytabbing.sty) (/usr/share/texlive/texmf-dist/tex/lat
ex/fancyhdr/fancyheadings.sty
Package: fancyheadings 2017/06/30 v3.9a Legacy package to call fancyhdr

Package fancyheadings Warning: Please stop using fancyheadings!
(fancyheadings)                Use fancyhdr instead.
(fancyheadings)                We will call fancyhdr with the very same
(fancyheadings)                options you passed to fancyheadings.
(fancyheadings)                
(fancyheadings)                fancyhdr is 99 percent compatible with
(fancyheadings)                fancyheadings. The only incompatibility is
(fancyheadings)                that \headrulewidth and \footrulewidth and
(fancyheadings)                their \plain... versions are no longer length
(fancyheadings)                parameters, but normal macros (to be changed
(fancyheadings)                with \renewcommand rather than \setlength)..

(/usr/share/texlive/texmf-dist/tex/latex/fancyhdr/fancyhdr.sty
Package: fancyhdr 2017/06/30 v3.9a Extensive control of page headers and footer
s
\f@nch@headwidth=\skip43
\f@nch@O@elh=\skip44
\f@nch@O@erh=\skip45
\f@nch@O@olh=\skip46
\f@nch@O@orh=\skip47
\f@nch@O@elf=\skip48
\f@nch@O@erf=\skip49
\f@nch@O@olf=\skip50
\f@nch@O@orf=\skip51
)) (/usr/share/texlive/texmf-dist/tex/latex/amsmath/amsmath.sty
Package: amsmath 2017/09/02 v2.17a AMS math features
\@mathmargin=\skip52
For additional information on amsmath, use the `?' option.
(/usr/share/texlive/texmf-dist/tex/latex/amsmath/amstext.sty
Package: amstext 2000/06/29 v2.01 AMS text
(/usr/share/texlive/texmf-dist/tex/latex/amsmath/amsgen.sty
File: amsgen.sty 1999/11/30 v2.0 generic functions
\@emptytoks=\toks14
\ex@=\dimen103
)) (/usr/share/texlive/texmf-dist/tex/latex/amsmath/amsbsy.sty
Package: amsbsy 1999/11/29 v1.2d Bold Symbols
\pmbraise@=\dimen104
) (/usr/share/texlive/texmf-dist/tex/latex/amsmath/amsopn.sty
Package: amsopn 2016/03/08 v2.02 operator names
)
\inf@bad=\count87
LaTeX Info: Redefining \frac on input line 213.
\uproot@=\count88
\leftroot@=\count89
LaTeX Info: Redefining \overline on input line 375.
\classnum@=\count90
\DOTSCASE@=\count91
LaTeX Info: Redefining \ldots on input line 472.
LaTeX Info: Redefining \dots on input line 475.
LaTeX Info: Redefining \cdots on input line 596.
\Mathstrutbox@=\box26
\strutbox@=\box27
\big@size=\dimen105
LaTeX Font Info:    Redeclaring font encoding OML on input line 712.
LaTeX Font Info:    Redeclaring font encoding OMS on input line 713.
\macc@depth=\count92
\c@MaxMatrixCols=\count93
\dotsspace@=\muskip10
\c@parentequation=\count94
\dspbrk@lvl=\count95
\tag@help=\toks15
\row@=\count96
\column@=\count97
\maxfields@=\count98
\andhelp@=\toks16
\eqnshift@=\dimen106
\alignsep@=\dimen107
\tagshift@=\dimen108
\tagwidth@=\dimen109
\totwidth@=\dimen110
\lineht@=\dimen111
\@envbody=\toks17
\multlinegap=\skip53
\multlinetaggap=\skip54
\mathdisplay@stack=\toks18
LaTeX Info: Redefining \[ on input line 2817.
LaTeX Info: Redefining \] on input line 2818.
) (/usr/share/texlive/texmf-dist/tex/latex/graphics/graphicx.sty
Package: graphicx 2017/06/01 v1.1a Enhanced LaTeX Graphics (DPC,SPQR)
(/usr/share/texlive/texmf-dist/tex/latex/graphics/keyval.sty
Package: keyval 2014/10/28 v1.15 key=value parser (DPC)
\KV@toks@=\toks19
) (/usr/share/texlive/texmf-dist/tex/latex/graphics/graphics.sty
Package: graphics 2017/06/25 v1.2c Standard LaTeX Graphics (DPC,SPQR)
(/usr/share/texlive/texmf-dist/tex/latex/graphics/trig.sty
Package: trig 2016/01/03 v1.10 sin cos tan (DPC)
) (/usr/share/texlive/texmf-dist/tex/latex/graphics-cfg/graphics.cfg
File: graphics.cfg 2016/06/04 v1.11 sample graphics configuration
)
Package graphics Info: Driver file: dvipdfmx.def on input line 99.
(/usr/share/texlive/texmf-dist/tex/latex/graphics-def/dvipdfmx.def
File: dvipdfmx.def 2017/06/24 v5.0g Graphics/color driver for dvipdfmx
))
\Gin@req@height=\dimen112
\Gin@req@width=\dimen113
) (/usr/share/texlive/texmf-dist/tex/latex/hyperref/hyperref.sty
Package: hyperref 2018/02/06 v6.86b Hypertext links for LaTeX
(/usr/share/texlive/texmf-dist/tex/generic/oberdiek/hobsub-hyperref.sty
Package: hobsub-hyperref 2016/05/16 v1.14 Bundle oberdiek, subset hyperref (HO)

(/usr/share/texlive/texmf-dist/tex/generic/oberdiek/hobsub-generic.sty
Package: hobsub-generic 2016/05/16 v1.14 Bundle oberdiek, subset generic (HO)
Package: hobsub 2016/05/16 v1.14 Construct package bundles (HO)
Package: infwarerr 2016/05/16 v1.4 Providing info/warning/error messages (HO)
Package: ltxcmds 2016/05/16 v1.23 LaTeX kernel commands for general use (HO)
Package: ifluatex 2016/05/16 v1.4 Provides the ifluatex switch (HO)
Package ifluatex Info: LuaTeX not detected.
Package: ifvtex 2016/05/16 v1.6 Detect VTeX and its facilities (HO)
Package ifvtex Info: VTeX not detected.
Package: intcalc 2016/05/16 v1.2 Expandable calculations with integers (HO)
Package: ifpdf 2017/03/15 v3.2 Provides the ifpdf switch
Package: etexcmds 2016/05/16 v1.6 Avoid name clashes with e-TeX commands (HO)
Package etexcmds Info: Could not find \expanded.
(etexcmds)             That can mean that you are not using pdfTeX 1.50 or
(etexcmds)             that some package has redefined \expanded.
(etexcmds)             In the latter case, load this package earlier.
Package: kvsetkeys 2016/05/16 v1.17 Key value parser (HO)
Package: kvdefinekeys 2016/05/16 v1.4 Define keys (HO)
Package: pdftexcmds 2018/01/21 v0.26 Utility functions of pdfTeX for LuaTeX (HO
)
Package pdftexcmds Info: LuaTeX not detected.
Package pdftexcmds Info: \pdf@primitive is available.
Package pdftexcmds Info: \pdf@ifprimitive is available.
Package pdftexcmds Info: \pdfdraftmode is ignored in DVI mode.
Package: pdfescape 2016/05/16 v1.14 Implements pdfTeX's escape features (HO)
Package: bigintcalc 2016/05/16 v1.4 Expandable calculations on big integers (HO
)
Package: bitset 2016/05/16 v1.2 Handle bit-vector datatype (HO)
Package: uniquecounter 2016/05/16 v1.3 Provide unlimited unique counter (HO)
)
Package hobsub Info: Skipping package `hobsub' (already loaded).
Package: letltxmacro 2016/05/16 v1.5 Let assignment for LaTeX macros (HO)
Package: hopatch 2016/05/16 v1.3 Wrapper for package hooks (HO)
Package: xcolor-patch 2016/05/16 xcolor patch
Package: atveryend 2016/05/16 v1.9 Hooks at the very end of document (HO)
Package atveryend Info: \enddocument detected (standard20110627).
Package: atbegshi 2016/06/09 v1.18 At begin shipout hook (HO)
Package: refcount 2016/05/16 v3.5 Data extraction from label references (HO)
Package: hycolor 2016/05/16 v1.8 Color options for hyperref/bookmark (HO)
) (/usr/share/texlive/texmf-dist/tex/generic/ifxetex/ifxetex.sty
Package: ifxetex 2010/09/12 v0.6 Provides ifxetex conditional
) (/usr/share/texlive/texmf-dist/tex/latex/oberdiek/auxhook.sty
Package: auxhook 2016/05/16 v1.4 Hooks for auxiliary files (HO)
) (/usr/share/texlive/texmf-dist/tex/latex/oberdiek/kvoptions.sty
Package: kvoptions 2016/05/16 v3.12 Key value format for package options (HO)
)
\@linkdim=\dimen114
\Hy@linkcounter=\count99
\Hy@pagecounter=\count100
(/usr/share/texlive/texmf-dist/tex/latex/hyperref/pd1enc.def
File: pd1enc.def 2018/02/06 v6.86b Hyperref: PDFDocEncoding definition (HO)
)
\Hy@SavedSpaceFactor=\count101
(/usr/share/texlive/texmf-dist/tex/latex/latexconfig/hyperref.cfg
File: hyperref.cfg 2002/06/06 v1.2 hyperref configuration of TeXLive
)
Package hyperref Info: Option `bookmarks' set `true' on input line 4383.
Package hyperref Info: Option `bookmarksnumbered' set `true' on input line 4383
.
Package hyperref Info: Hyper figures OFF on input line 4509.
Package hyperref Info: Link nesting OFF on input line 4514.
Package hyperref Info: Hyper index ON on input line 4517.
Package hyperref Info: Plain pages OFF on input line 4524.
Package hyperref Info: Backreferencing OFF on input line 4529.
Package hyperref Info: Implicit mode ON; LaTeX internals redefined.
Package hyperref Info: Bookmarks ON on input line 4762.
\c@Hy@tempcnt=\count102
(/usr/share/texlive/texmf-dist/tex/latex/url/url.sty
\Urlmuskip=\muskip11
Package: url 2013/09/16  ver 3.4  Verb mode for urls, etc.
)
LaTeX Info: Redefining \url on input line 5115.
\XeTeXLinkMargin=\dimen115
\Fld@menulength=\count103
\Field@Width=\dimen116
\Fld@charsize=\dimen117
Package hyperref Info: Hyper figures OFF on input line 6369.
Package hyperref Info: Link nesting OFF on input line 6374.
Package hyperref Info: Hyper index ON on input line 6377.
Package hyperref Info: backreferencing OFF on input line 6384.
Package hyperref Info: Link coloring OFF on input line 6389.
Package hyperref Info: Link coloring with OCG OFF on input line 6394.
Package hyperref Info: PDF/A mode OFF on input line 6399.
LaTeX Info: Redefining \ref on input line 6439.
LaTeX Info: Redefining \pageref on input line 6443.
\Hy@abspage=\count104
\c@Item=\count105
\c@Hfootnote=\count106
)
Package hyperref Info: Driver: hdvipdfm.
(/usr/share/texlive/texmf-dist/tex/latex/hyperref/hdvipdfm.def
File: hdvipdfm.def 2018/02/06 v6.86b Hyperref driver for dvipdfm
\pdfm@box=\box28
\c@Hy@AnnotLevel=\count107
\HyField@AnnotCount=\count108
\Fld@listcount=\count109
\c@bookmark@seq@number=\count110
(/usr/share/texlive/texmf-dist/tex/latex/oberdiek/rerunfilecheck.sty
Package: rerunfilecheck 2016/05/16 v1.8 Rerun checks for auxiliary files (HO)
Package uniquecounter Info: New unique counter `rerunfilecheck' on input line 2
82.
)
\Hy@SectionHShift=\skip55
)
\@indexfile=\write3
\openout3 = `manual-images.idx'.

Writing index file manual-images.idx
(/usr/share/texlive/texmf-dist/tex/latex/xcolor/xcolor.sty
Package: xcolor 2016/05/11 v2.12 LaTeX color extensions (UK)
(/usr/share/texlive/texmf-dist/tex/latex/graphics-cfg/color.cfg
File: color.cfg 2016/01/02 v1.6 sample color configuration
)
Package xcolor Info: Driver file: dvips.def on input line 225.
(/usr/share/texlive/texmf-dist/tex/latex/graphics-def/dvips.def
File: dvips.def 2017/06/20 v3.1d Graphics/color driver for dvips
)
Package xcolor Info: Model `cmy' substituted by `cmy0' on input line 1348.
Package xcolor Info: Model `RGB' extended on input line 1364.
Package xcolor Info: Model `HTML' substituted by `rgb' on input line 1366.
Package xcolor Info: Model `Hsb' substituted by `hsb' on input line 1367.
Package xcolor Info: Model `tHsb' substituted by `hsb' on input line 1368.
Package xcolor Info: Model `HSB' substituted by `hsb' on input line 1369.
Package xcolor Info: Model `Gray' substituted by `gray' on input line 1370.
Package xcolor Info: Model `wave' substituted by `hsb' on input line 1371.
) (/usr/share/texlive/texmf-dist/tex/latex/base/inputenc.sty
Package: inputenc 2015/03/17 v1.2c Input encoding file
\inpenc@prehook=\toks20
\inpenc@posthook=\toks21
(/usr/share/texlive/texmf-dist/tex/latex/base/latin1.def
File: latin1.def 2015/03/17 v1.2c Input encoding file
))
\sizebox=\box29
\lthtmlwrite=\write4
(./manual-images.aux)
\openout1 = `manual-images.aux'.

LaTeX Font Info:    Checking defaults for OML/cmm/m/it on input line 161.
LaTeX Font Info:    ... okay on input line 161.
LaTeX Font Info:    Checking defaults for T1/cmr/m/n on input line 161.
LaTeX Font Info:    ... okay on input line 161.
LaTeX Font Info:    Checking defaults for OT1/cmr/m/n on input line 161.
LaTeX Font Info:    ... okay on input line 161.
LaTeX Font Info:    Checking defaults for OMS/cmsy/m/n on input line 161.
LaTeX Font Info:    ... okay on input line 161.
LaTeX Font Info:    Checking defaults for OMX/cmex/m/n on input line 161.
LaTeX Font Info:    ... okay on input line 161.
LaTeX Font Info:    Checking defaults for U/cmr/m/n on input line 161.
LaTeX Font Info:    ... okay on input line 161.
LaTeX Font Info:    Checking defaults for PD1/pdf/m/n on input line 161.
LaTeX Font Info:    ... okay on input line 161.
\AtBeginShipoutBox=\box30
Package hyperref Info: Link coloring OFF on input line 161.
(/usr/share/texlive/texmf-dist/tex/latex/hyperref/nameref.sty
Package: nameref 2016/05/21 v2.44 Cross-referencing by name of section
(/usr/share/texlive/texmf-dist/tex/generic/oberdiek/gettitlestring.sty
Package: gettitlestring 2016/05/16 v1.5 Cleanup title references (HO)
)
\c@section@level=\count111
)
LaTeX Info: Redefining \ref on input line 161.
LaTeX Info: Redefining \pageref on input line 161.
LaTeX Info: Redefining \nameref on input line 161.
\@outlinefile=\write5
\openout5 = `manual-images.out'.


latex2htmlLength hsize=349.0pt

latex2htmlLength vsize=744.17567pt

latex2htmlLength hoffset=0.0pt

latex2htmlLength voffset=0.0pt

latex2htmlLength topmargin=0.0pt

latex2htmlLength topskip=0.00003pt

latex2htmlLength headheight=0.0pt

latex2htmlLength headsep=0.0pt

latex2htmlLength parskip=2.84526pt

latex2htmlLength oddsidemargin=14.22636pt

latex2htmlLength evensidemargin=14.22636pt

File: fig/eta3colavo.ps Graphic file (type eps)
<fig/eta3colavo.ps>
Overfull \hbox (77.79134pt too wide) detected at line 389
 [] 
 []

l2hSize :tex2html_wrap56598:212.9832pt::0.0pt::349.0pt.
[1



]
File: fig/pointer.ps Graphic file (type eps)
<fig/pointer.ps>
l2hSize :tex2html_wrap56600:110.85197pt::0.0pt::349.0pt.
[2


]
File: fig/object.ps Graphic file (type eps)
<fig/object.ps>
Overfull \hbox (49.48874pt too wide) detected at line 404
 [] 
 []

l2hSize :tex2html_wrap56606:119.44624pt::0.0pt::349.0pt.
[3


]
l2hSize :figure772:617.0pt::0.0pt::349.0pt.
[4


]
l2hSize :tex2html_wrap_inline56653:8.0pt::8.0pt::3.27782pt.
[5


]
l2hSize :tex2html_wrap_inline56744:6.95831pt::6.95831pt::8.27783pt.
[6


]
l2hSize :tex2html_wrap_inline56776:8.64003pt::8.64003pt::104.29175pt.
[7


]
l2hSize :tex2html_wrap_inline56779:8.14003pt::0.0pt::20.22232pt.
[8


]
l2hSize :tex2html_wrap_inline56785:6.45831pt::0.0pt::6.55908pt.
[9


]
l2hSize :tex2html_wrap_inline56788:6.95831pt::6.95831pt::23.78123pt.
[10


]
l2hSize :tex2html_wrap_inline56791:8.0pt::8.0pt::16.55911pt.
[11


]
l2hSize :tex2html_wrap_inline56795:6.95831pt::6.95831pt::31.55904pt.
[12


]
l2hSize :tex2html_wrap_inline56806:6.95831pt::6.95831pt::8.27783pt.
[13


]
l2hSize :tex2html_wrap_inline56826:6.95831pt::6.95831pt::16.05563pt.
[14


]
l2hSize :tex2html_wrap_inline56831:6.95831pt::6.95831pt::16.05563pt.
[15


]
l2hSize :tex2html_wrap_inline56838:7.44444pt::7.44444pt::51.96654pt.
[16


]
l2hSize :tex2html_wrap_inline56841:7.44444pt::7.44444pt::51.96654pt.
[17


]
l2hSize :tex2html_wrap_inline56877:8.0pt::8.0pt::45.33878pt.
[18


]
l2hSize :tex2html_wrap_inline56880:8.0pt::8.0pt::45.06609pt.
[19


]
l2hSize :tex2html_wrap_inline56883:8.0pt::8.0pt::46.10315pt.
[20


]
l2hSize :tex2html_wrap_inline56886:10.78847pt::10.78847pt::31.07172pt.
[21


]
l2hSize :tex2html_wrap_inline56889:10.78847pt::10.78847pt::30.96062pt.
[22


]
l2hSize :tex2html_wrap_inline56892:10.78847pt::10.78847pt::31.07172pt.
[23


]
l2hSize :tex2html_wrap_inline56897:8.0pt::8.0pt::44.43996pt.
[24


]
l2hSize :tex2html_wrap_inline56905:6.6428pt::0.0pt::10.19102pt.
[25


]
l2hSize :tex2html_wrap_inline56908:6.6428pt::0.0pt::10.82065pt.
[26


]
l2hSize :tex2html_wrap_inline56922:8.0pt::8.0pt::5.50005pt.
[27


]
l2hSize :tex2html_wrap_inline56924:8.0pt::8.0pt::14.38896pt.
[28


]
l2hSize :tex2html_wrap_indisplay57210:8.0pt::8.0pt::100.36201pt.
[29


]
l2hSize :tex2html_wrap_inline57215:8.14003pt::0.0pt::14.98619pt.
[30


]
l2hSize :tex2html_wrap_inline57269:8.0pt::8.0pt::43.54858pt.
[31


]
l2hSize :tex2html_wrap_inline57345:6.45831pt::0.0pt::8.27783pt.
[32


]
l2hSize :tex2html_wrap_inline57557:6.94444pt::0.0pt::45.55737pt.
[33


]
l2hSize :tex2html_wrap_inline57559:6.94444pt::0.0pt::45.55737pt.
[34


]
l2hSize :tex2html_wrap_inline57561:6.94444pt::0.0pt::45.55737pt.
[35


]
File: fig/threadfig.ps Graphic file (type eps)
<fig/threadfig.ps>
Overfull \hbox (20.88582pt too wide) detected at line 751
 [] 
 []

l2hSize :tex2html_wrap57682:162.4837pt::0.0pt::349.0pt.
[36


]
File: fig/parathreads.ps Graphic file (type eps)
<fig/parathreads.ps>
l2hSize :tex2html_wrap57687:294.6941pt::0.0pt::349.0pt.
[37


]
File: fig/threadobj.ps Graphic file (type eps)
<fig/threadobj.ps>
l2hSize :tex2html_wrap57691:119.55902pt::0.0pt::349.0pt.
[38


]
File: fig/threadpool.ps Graphic file (type eps)
<fig/threadpool.ps>
l2hSize :tex2html_wrap57693:116.9237pt::0.0pt::349.0pt.
[39


]
File: fig/synchports.ps Graphic file (type eps)
<fig/synchports.ps>
Overfull \hbox (20.88582pt too wide) detected at line 780
 [] 
 []

l2hSize :tex2html_wrap57702:191.1055pt::0.0pt::349.0pt.
[40


]
l2hSize :tex2html_wrap_inline57798:8.0pt::8.0pt::33.00938pt.
[41


]
l2hSize :tex2html_wrap_inline57801:8.64003pt::8.64003pt::121.52103pt.
[42


]
l2hSize :tex2html_wrap_inline57805:8.0pt::8.0pt::77.18532pt.
[43


]
l2hSize :tex2html_wrap_inline57808:8.64003pt::8.64003pt::81.67145pt.
[44


]
l2hSize :tex2html_wrap_inline57813:8.0pt::8.0pt::67.84715pt.
[45


]
l2hSize :tex2html_wrap_inline57815:8.0pt::8.0pt::43.89569pt.
[46


]
l2hSize :tex2html_wrap_inline57821:7.44444pt::7.44444pt::98.40784pt.
[47


]
l2hSize :tex2html_wrap_inline57829:6.95831pt::6.95831pt::8.27783pt.
[48


]
l2hSize :tex2html_wrap_inline57928:6.95831pt::6.95831pt::22.7222pt.
[49


]
l2hSize :tex2html_wrap_indisplay57930:15.0001pt::15.0001pt::73.4013pt.
[50


]
l2hSize :tex2html_wrap_inline57932:7.36111pt::7.36111pt::15.42464pt.
[51


]
l2hSize :tex2html_wrap_inline57934:6.95831pt::6.95831pt::22.7222pt.
[52


]
l2hSize :tex2html_wrap_inline57936:6.95831pt::6.95831pt::13.18854pt.
[53


]
l2hSize :tex2html_wrap_inline57938:6.95831pt::6.95831pt::22.7222pt.
[54


]
l2hSize :tex2html_wrap_inline57945:6.86111pt::0.0pt::9.12498pt.
[55


]
l2hSize :tex2html_wrap_inline57947:6.95831pt::6.95831pt::6.88889pt.
[56


]
l2hSize :tex2html_wrap_inline57949:6.45831pt::0.0pt::10.50005pt.
[57


]
l2hSize :tex2html_wrap_inline57960:6.45831pt::0.0pt::6.72917pt.
[58


]
l2hSize :tex2html_wrap_inline57966:7.36111pt::7.36111pt::21.65378pt.
[59


]
l2hSize :tex2html_wrap_inline57973:8.91226pt::8.91226pt::27.95343pt.
[60


]
l2hSize :tex2html_wrap_inline57980:7.36111pt::7.36111pt::46.56442pt.
[61


]
l2hSize :tex2html_wrap_inline57987:9.28888pt::9.28888pt::60.44534pt.
[62


]
l2hSize :tex2html_wrap_inline57993:8.14003pt::0.0pt::18.46883pt.
[63


]
l2hSize :tex2html_wrap_indisplay57995:15.19446pt::15.19446pt::115.71284pt.
[64


]
l2hSize :tex2html_wrap_inline57998:8.14003pt::0.0pt::25.96884pt.
[65


]
l2hSize :tex2html_wrap_inline58000:8.14003pt::0.0pt::25.96884pt.
[66


]
l2hSize :tex2html_wrap_inline58002:8.14003pt::0.0pt::58.37167pt.
[67


]
l2hSize :tex2html_wrap_inline58006:6.45831pt::0.0pt::10.50005pt.
[68


]
l2hSize :tex2html_wrap_inline58008:6.45831pt::0.0pt::10.50005pt.
[69


]
l2hSize :tex2html_wrap_inline58010:7.36111pt::7.36111pt::46.11894pt.
[70


]
l2hSize :tex2html_wrap_inline58012:6.95831pt::6.95831pt::41.64674pt.
[71


]
l2hSize :tex2html_wrap_inline58019:7.36111pt::7.36111pt::39.60503pt.
[72


]
l2hSize :tex2html_wrap_inline58021:6.95831pt::6.95831pt::35.13283pt.
[73


]
l2hSize :tex2html_wrap_inline58024:6.83331pt::0.0pt::38.02078pt.
[74


]
l2hSize :tex2html_wrap_inline58026:6.83331pt::0.0pt::30.78813pt.
[75


]
l2hSize :tex2html_wrap_inline58028:6.83331pt::0.0pt::41.62148pt.
[76


]
l2hSize :tex2html_wrap_inline58033:7.36111pt::7.36111pt::74.80836pt.
[77


]
l2hSize :tex2html_wrap_inline58035:6.95831pt::6.95831pt::59.88376pt.
[78


]
l2hSize :tex2html_wrap_inline58037:7.36111pt::7.36111pt::77.60596pt.
[79


]
l2hSize :tex2html_wrap_inline58044:6.95831pt::6.95831pt::34.97311pt.
[80


]
l2hSize :tex2html_wrap_inline58046:7.36111pt::7.36111pt::80.40355pt.
[81


]
l2hSize :tex2html_wrap_inline58051:6.83331pt::0.0pt::38.02078pt.
[82


]
l2hSize :tex2html_wrap_inline58053:6.83331pt::0.0pt::20.5104pt.
[83


]
l2hSize :tex2html_wrap_inline58055:10.03891pt::10.03891pt::57.07996pt.
[84


]
File: fig/beam.ps Graphic file (type eps)
<fig/beam.ps>
l2hSize :tex2html_wrap58058:284.52756pt::0.0pt::349.0pt.
[85


]
l2hSize :tex2html_wrap_inline58068:8.0pt::8.0pt::141.06131pt.
[86


]
l2hSize :tex2html_wrap_inline58082:8.0pt::8.0pt::125.04399pt.
[87


]
l2hSize :tex2html_wrap_inline58097:6.45831pt::0.0pt::26.00711pt.
[88


]
l2hSize :tex2html_wrap_inline58099:6.45831pt::0.0pt::26.00711pt.
[89


]
l2hSize :tex2html_wrap_inline58101:7.44444pt::7.44444pt::118.42616pt.
[90


]
l2hSize :tex2html_wrap_inline58112:7.44444pt::7.44444pt::118.42616pt.
[91


]
l2hSize :tex2html_wrap_inline58123:7.44444pt::7.44444pt::118.42616pt.
[92


]
l2hSize :tex2html_wrap_inline58134:7.44444pt::7.44444pt::118.42616pt.
[93


]
l2hSize :tex2html_wrap_inline58154:8.0pt::8.0pt::99.72559pt.
[94


]
l2hSize :tex2html_wrap_inline58158:8.0pt::8.0pt::186.27444pt.
[95


]
l2hSize :tex2html_wrap_inline58202:8.0pt::8.0pt::57.27438pt.
[96


]
l2hSize :tex2html_wrap_inline58250:7.44444pt::7.44444pt::162.16379pt.
[97


]
l2hSize :tex2html_wrap_inline58252:7.09525pt::7.09525pt::37.33066pt.
[98


]
File: fig/fig1.ps Graphic file (type eps)
<fig/fig1.ps>
l2hSize :tex2html_wrap58279:400.9714pt::0.0pt::349.0pt.
[99


]
l2hSize :tex2html_wrap_inline58285:6.45831pt::0.0pt::5.59033pt.
[100


]
File: fig/fig-peg-in-hole1.ps Graphic file (type eps)
<fig/fig-peg-in-hole1.ps>
l2hSize :tex2html_wrap58321:224.77774pt::0.0pt::349.0pt.
[101


]
File: fig/fig-peg-in-hole2.ps Graphic file (type eps)
<fig/fig-peg-in-hole2.ps>
l2hSize :tex2html_wrap58322:224.77774pt::0.0pt::349.0pt.
[102


]
File: fig/fig-peg-in-hole3.ps Graphic file (type eps)
<fig/fig-peg-in-hole3.ps>
l2hSize :tex2html_wrap58323:224.77774pt::0.0pt::349.0pt.
[103


]
File: fig/fig-peg-in-hole4.ps Graphic file (type eps)
<fig/fig-peg-in-hole4.ps>
l2hSize :tex2html_wrap58324:224.77774pt::0.0pt::349.0pt.
[104


]
File: fig/fig-peg-naname-m1.ps Graphic file (type eps)
<fig/fig-peg-naname-m1.ps>
l2hSize :tex2html_wrap58325:224.77774pt::0.0pt::349.0pt.
[105


]
File: fig/fig-peg-naname-m2.ps Graphic file (type eps)
<fig/fig-peg-naname-m2.ps>
l2hSize :tex2html_wrap58326:224.77774pt::0.0pt::349.0pt.
[106


]
File: fig/fig-peg-naname-m3.ps Graphic file (type eps)
<fig/fig-peg-naname-m3.ps>
l2hSize :tex2html_wrap58327:224.77774pt::0.0pt::349.0pt.
[107


]
File: fig/fig-peg-naname-m4.ps Graphic file (type eps)
<fig/fig-peg-naname-m4.ps>
l2hSize :tex2html_wrap58328:224.77774pt::0.0pt::349.0pt.
[108


]
l2hSize :tex2html_wrap_inline58334:6.45831pt::0.0pt::29.13432pt.
[109


]
l2hSize :tex2html_wrap_inline58336:8.0pt::8.0pt::19.2547pt.
[110


]
l2hSize :tex2html_wrap_inline58338:6.94444pt::0.0pt::22.95956pt.
[111


]
l2hSize :tex2html_wrap_inline58340:6.45831pt::0.0pt::19.56723pt.
[112


]
l2hSize :tex2html_wrap_inline58342:6.59525pt::0.0pt::16.90004pt.
[113


]
l2hSize :tex2html_wrap_inline58344:7.33331pt::7.33331pt::22.6818pt.
[114


]
l2hSize :tex2html_wrap_inline58358:6.94444pt::0.0pt::19.88779pt.
[115


]
File: fig/viewcoords.ps Graphic file (type eps)
<fig/viewcoords.ps>
Overfull \hbox (69.89468pt too wide) detected at line 1269
 [] 
 []

l2hSize :tex2html_wrap58362:284.52756pt::0.0pt::349.0pt.
[116


]
l2hSize :tex2html_wrap_inline58397:6.95831pt::6.95831pt::180.41145pt.
[117


]
l2hSize :tex2html_wrap_inline58516:7.44444pt::7.44444pt::66.53725pt.
[118


]
l2hSize :tex2html_wrap_inline58526:8.0pt::8.0pt::66.34158pt.
[119


]
l2hSize :tex2html_wrap_inline58528:7.33331pt::7.33331pt::145.23035pt.
[120


]
File: fig/block1.edg.ps Graphic file (type eps)
<fig/block1.edg.ps>
l2hSize :tex2html_wrap58562:256.0748pt::0.0pt::349.0pt.
[121


]
l2hSize :tex2html_wrap_inline58620:6.83331pt::0.0pt::7.73268pt.
[122


]
l2hSize :displaymath58622:175.38892pt::0.0pt::349.0pt.
[123


]
File: fig/eta3coords.ps Graphic file (type eps)
<fig/eta3coords.ps>
l2hSize :tex2html_wrap58625:284.52756pt::0.0pt::349.0pt.
[124


]
File: fig/xdraw.ps Graphic file (type eps)
<fig/xdraw.ps>
l2hSize :tex2html_wrap58691:170.71652pt::0.0pt::349.0pt.
[125


]
l2hSize :tex2html_wrap_inline58696:8.0pt::8.0pt::23.69911pt.
[126


]
l2hSize :tex2html_wrap_inline58786:8.14003pt::0.0pt::76.38889pt.
[127


]
l2hSize :tex2html_wrap_inline58800:6.95831pt::6.95831pt::13.27785pt.
[128


]
File: fig/panellayout.ps Graphic file (type eps)
<fig/panellayout.ps>
l2hSize :tex2html_wrap58827:199.16928pt::0.0pt::349.0pt.
[129


]
File: fig/filepanel.ps Graphic file (type eps)
<fig/filepanel.ps>
l2hSize :tex2html_wrap58848:213.39566pt::0.0pt::349.0pt.
[130


]
File: fig/textviewpanel.ps Graphic file (type eps)
<fig/textviewpanel.ps>
l2hSize :tex2html_wrap58853:199.16928pt::0.0pt::349.0pt.
[131


]
File: fig/panelitem.ps Graphic file (type eps)
<fig/panelitem.ps>
l2hSize :tex2html_wrap58887:142.26378pt::0.0pt::349.0pt.
[132


]
Package atveryend Info: Empty hook `BeforeClearDocument' on input line 1423.
Package atveryend Info: Empty hook `AfterLastShipout' on input line 1423.
(./manual-images.aux)
Package atveryend Info: Empty hook `AtVeryEndDocument' on input line 1423.
Package atveryend Info: Executing hook `AtEndAfterFileList' on input line 1423.


Package rerunfilecheck Warning: File `manual-images.out' has changed.
(rerunfilecheck)                Rerun to get outlines right
(rerunfilecheck)                or use package `bookmark'.

Package rerunfilecheck Info: Checksums for `manual-images.out':
(rerunfilecheck)             Before: <no file>
(rerunfilecheck)             After:  D41D8CD98F00B204E9800998ECF8427E;0.
Package atveryend Info: Empty hook `AtVeryVeryEnd' on input line 1423.
 ) 
Here is how much of TeX's memory you used:
 6018 strings out of 494334
 85963 string characters out of 6168120
 190048 words of memory out of 5000000
 9432 multiletter control sequences out of 15000+600000
 5487 words of font info for 21 fonts, out of 8000000 for 9000
 309 hyphenation exceptions out of 8191
 28i,8n,45p,279b,364s stack positions out of 5000i,500n,10000p,200000b,80000s

Output written on manual-images.dvi (132 pages, 42052 bytes).
