This is JTeX, Version 1.52, based on TeX C Version 3.141 (format=jlplain 95.6.26)  25 OCT 1995 18:25
**manual.tex
(manual.tex
** JLaTeX ver.1.3......Isozaki
(/opt/SOUMfs/lib/tex/inputs/article.sty
Document Style `article' <16 Mar 88>.
(/opt/SOUMfs/lib/tex/inputs/art10.sty)
\c@part=\count82
\c@section=\count83
\c@subsection=\count84
\c@subsubsection=\count85
\c@paragraph=\count86
\c@subparagraph=\count87
\c@figure=\count88
\c@table=\count89
) (/opt/SOUMfs/lib/tex/inputs/art10.sty)
(/opt/SOUMfs/lib/tex/inputs/titlepage.sty)
(/opt/SOUMfs/lib/tex/NTT/inputs/makeidx.sty)
(/opt/SOUMfs/lib/tex/inputs.local/EPSF/epsf.sty
EPSF macro package for LaTeX. version 1.3 - Released October 31, 1990
\@arga=\count90
\@argb=\count91
\@argc=\count92
\@ctmpa=\count93
\@ctmpb=\count94
\@ctmpc=\count95
\@ctmpd=\count96
\@ctmpe=\count97
\@darg=\dimen100
\@bblen=\dimen101
\ps@stream=\read1
)
\@indexfile=\write3

Writing index file manual.idx 
(manual.aux) (opengl.tex
Underfull \hbox (badness 10000) in paragraph at lines 3--6


\hbox(0.0+0.0)x455.24408
.\glue(\rightskip) 0.0


Underfull \hbox (badness 10000) in paragraph at lines 7--11


\hbox(0.0+0.0)x455.24408
.\glue(\rightskip) 0.0


Underfull \hbox (badness 10000) in paragraph at lines 12--14


\hbox(0.0+0.0)x455.24408
.\glue(\rightskip) 0.0


Underfull \hbox (badness 10000) in paragraph at lines 17--21


\hbox(0.0+0.0)x455.24408
.\glue(\rightskip) 0.0

[1

]
Underfull \hbox (badness 10000) in paragraph at lines 98--98


\hbox(0.0+0.0)x430.24408
.\glue(\rightskip) 0.0


Underfull \hbox (badness 10000) in paragraph at lines 98--98


\hbox(0.0+0.0)x430.24408
.\glue(\rightskip) 0.0

[2]
Underfull \hbox (badness 10000) in paragraph at lines 124--124


\hbox(0.0+0.0)x430.24408
.\glue(\rightskip) 0.0


Underfull \hbox (badness 10000) in paragraph at lines 127--133


\hbox(0.0+0.0)x455.24408
.\glue(\rightskip) 0.0


Overfull \hbox (34.45647pt too wide) in paragraph at lines 134--138
\tenrm /usr/local/eus/gl/src/README.Mesa を 参 照 の こ と。 Mesa GL は、 http:
//www.ssec.wisc.edu/[]brianp/Mesa.html

\hbox(9.31749+2.5)x455.24408, glue set - 1.0
.\tenrm /
.\tenrm u
.\tenrm s
.\tenrm r
.\tenrm /
.etc.


Underfull \hbox (badness 10000) in paragraph at lines 134--138


\hbox(0.0+0.0)x455.24408
.\glue(\rightskip) 0.0


Underfull \hbox (badness 10000) in paragraph at lines 139--141


\hbox(0.0+0.0)x455.24408
.\glue(\rightskip) 0.0

) [3] [4

]
No file manual.ind.
(manual.aux) ) 
Here is how much of TeX's memory you used:
 275 strings out of 10526
 2654 string characters out of 75037
 41464 words of memory out of 262141
 3017 multiletter control sequences out of 9500
 20660 words of font info for 98 fonts, out of 100000 for 511
 14 hyphenation exceptions out of 607
 17i,6n,17p,188b,233s stack positions out of 300i,80n,60p,3000b,4000s

Output written on manual.dvi (4 pages, 9476 bytes).
