This is JTeX, Version 1.06, based on TeX C Version 2.95 (preloaded format=jlplain 90.5.7)  25 NOV 1991 16:42
**&jlplain compose
(compose.tex
** JLaTeX ver.1.3......Isozaki
(/usr/share/lib/tex/inputs/jarticle.sty
Document Style 'jarticle'. Released 4 Nov 1988
(/usr/share/lib/tex/inputs/jart10.sty)
\c@part=\count79
\c@section=\count80
\c@subsection=\count81
\c@subsubsection=\count82
\c@paragraph=\count83
\c@subparagraph=\count84
\c@figure=\count85
\c@table=\count86

Conversion jlarge --> large etc.
) (/usr/share/lib/tex/inputs/jart12.sty) (compose.aux) [1

] [2]
Underfull \hbox (badness 10000) in paragraph at lines 155--162


\hbox(0.0+0.0)x497.92322
.\glue(\rightskip) 0.0

[3] [4] (compose.aux) 
Here is how much of TeX's memory you used:
 180 strings out of 3801
 1686 string characters out of 55040
 51944 words of memory out of 262141
 2829 multiletter control sequences out of 9500
 29472 words of font info for 145 fonts, out of 72000 for 255
 14 hyphenation exceptions out of 607
 13i,4n,15p,161b,166s stack positions out of 300i,40n,60p,2000b,4000s

Output written on compose.dvi (4 pages, 16468 bytes).
