This is JTeX, Version 1.06, based on TeX C Version 2.95 (preloaded format=jlplain 90.5.7)  19 AUG 1991 15:37
**&jlplain eus-manual
(eus-manual.tex
** JLaTeX ver.1.3......Isozaki
(/usr/share/lib/tex/inputs/jarticle.sty
Document Style 'jarticle'. Released 4 Nov 1988
(/usr/share/lib/tex/inputs/jart10.sty)
\c@part=\count79
\c@section=\count80
\c@subsection=\count81
\c@subsubsection=\count82
\c@paragraph=\count83
\c@subparagraph=\count84
\c@figure=\count85
\c@table=\count86

Conversion jlarge --> large etc.
) (/usr/share/lib/tex/inputs/makeidx.sty)
(/usr/share/lib/tex/inputs/titlepage.sty)
(/usr/share/lib/tex/inputs/TREE/tree.sty
\treewidth=\dimen100
\treebox=\box25
\treeheight=\dimen101
)
(/usr/share/lib/tex/inputs/EPSF/epsf.sty
EPSF macro package for LaTeX. version 1.3 - Released October 31, 1990
\@arga=\count87
\@argb=\count88
\@argc=\count89
\@ctmpa=\count90
\@ctmpb=\count91
\@ctmpc=\count92
\@ctmpd=\count93
\@ctmpe=\count94
\@darg=\dimen102
\@bblen=\dimen103
\ps@stream=\read0
) (eus-manual.aux (preface.aux) (object.aux) (vector-matrix.aux) (geometry.aux)
(perspective.aux)) [0

] (preface.tex
Underfull \hbox (badness 10000) in paragraph at lines 1--2


\hbox(0.0+0.0)x455.24408
.\glue(\rightskip) 0.0

[1

]) [2] (eus-manual.toc)
\tf@toc=\write3
 [3

] (object.tex [4

] [5]) [6] (vector-matrix.tex
[7


] [8] [9]
Underfull \hbox (badness 10000) in paragraph at lines 171--176


\hbox(0.0+0.0)x455.24408
.\glue(\rightskip) 0.0

[10] [11] [12]
Underfull \hbox (badness 10000) in paragraph at lines 287--289


\hbox(0.0+0.0)x455.24408
.\glue(\rightskip) 0.0

[13]) [14] (geometry.tex
Underfull \hbox (badness 10000) in paragraph at lines 49--53


\hbox(0.0+0.0)x455.24408
.\glue(\rightskip) 0.0

[15


] [16]
Underfull \hbox (badness 10000) in paragraph at lines 90--92


\hbox(0.0+0.0)x455.24408
.\glue(\rightskip) 0.0

[17] [18]
Underfull \hbox (badness 10000) in paragraph at lines 218--220


\hbox(0.0+0.0)x455.24408
.\glue(\rightskip) 0.0


Overfull \hbox (25.0pt too wide) in paragraph at lines 240--256
[] 

\hbox(320.0+0.0)x430.24408
.\vbox(320.0+0.0)x455.24408
..\hbox(320.0+0.0)x455.24408, glue set 64.24408fil
...\hbox(0.0+0.0)x0.0
...\hbox(320.0+0.0)x391.0, glue set 391.0fil []
...\penalty 10000
...\glue(\parfillskip) 0.0 plus 1.0fil
...\glue(\rightskip) 0.0
..\glue 0.0
.\penalty 10000
.\glue(\parfillskip) 0.0 plus 1.0fil
.\glue(\rightskip) 0.0

[19] [20]
Underfull \hbox (badness 10000) in paragraph at lines 282--284


\hbox(0.0+0.0)x455.24408
.\glue(\rightskip) 0.0

[21]
Underfull \hbox (badness 10000) in paragraph at lines 377--379


\hbox(0.0+0.0)x455.24408
.\glue(\rightskip) 0.0

[22] [23]
Underfull \hbox (badness 10000) in paragraph at lines 478--480


\hbox(0.0+0.0)x455.24408
.\glue(\rightskip) 0.0

[24]
Underfull \hbox (badness 10000) in paragraph at lines 515--517


\hbox(0.0+0.0)x455.24408
.\glue(\rightskip) 0.0

[25]
Underfull \hbox (badness 10000) in paragraph at lines 544--546


\hbox(0.0+0.0)x455.24408
.\glue(\rightskip) 0.0

[26] [27

] [28] [29

]
epsf:[fig-program.ps]
BoundingBox: (120bp,167bp)--(408bp,624bp) =>(227bp,359bp) [30

]
Underfull \hbox (badness 10000) in paragraph at lines 873--875


\hbox(0.0+0.0)x455.24408
.\glue(\rightskip) 0.0

[31

] [32

] [33

] [34

] [35

] [36

]
Underfull \hbox (badness 10000) in paragraph at lines 1142--1144


\hbox(0.0+0.0)x455.24408
.\glue(\rightskip) 0.0


Underfull \hbox (badness 10000) in paragraph at lines 1163--1164


\hbox(0.0+0.0)x455.24408
.\glue(\rightskip) 0.0


Underfull \hbox (badness 10000) in paragraph at lines 1185--1190


\hbox(0.0+0.0)x430.24408
.\glue(\rightskip) 0.0


Underfull \hbox (badness 10000) in paragraph at lines 1208--1212


\hbox(0.0+0.0)x430.24408
.\glue(\rightskip) 0.0

[37

] [38] [39

] [40

] [41

]
epsf:[fig-bilateral.ps]
BoundingBox: (0bp,0bp)--(480bp,480bp) =>(426bp,426bp) [42

]
epsf:[fig-unilateral.ps]
BoundingBox: (0bp,0bp)--(480bp,480bp) =>(426bp,426bp) [43]
epsf:[fig-peg-in-hole1.ps]
BoundingBox: (0bp,0bp)--(480bp,480bp) =>(227bp,227bp)
epsf:[fig-peg-in-hole2.ps]
BoundingBox: (0bp,0bp)--(480bp,480bp) =>(227bp,227bp)
epsf:[fig-peg-in-hole3.ps]
BoundingBox: (0bp,0bp)--(480bp,480bp) =>(227bp,227bp)
epsf:[fig-peg-in-hole4.ps]
BoundingBox: (0bp,0bp)--(480bp,480bp) =>(227bp,227bp)
Overfull \hbox (2.22221pt too wide) in paragraph at lines 1440--1444
[][] []

\hbox(227.62204+0.0)x455.24408, glue set - 1.0
.\hbox(0.0+0.0)x0.0
.\vbox(227.62204+0.0)x227.62204, glue set 227.62204fil
..\hbox(0.0+0.0)x227.62204, glue set 227.62204fil
...\special{epsfile=fig-peg-in-hole1.ps hsize=227 }
...\glue 0.0 plus 1.0fil
..\glue 0.0 plus 1.0fil
.\glue 3.33333 plus 1.66666 minus 1.11111
.\vbox(227.62204+0.0)x227.62204, glue set 227.62204fil
..\hbox(0.0+0.0)x227.62204, glue set 227.62204fil
...\special{epsfile=fig-peg-in-hole2.ps hsize=227 }
...\glue 0.0 plus 1.0fil
..\glue 0.0 plus 1.0fil
.\glue(\rightskip) 0.0


Overfull \hbox (2.22221pt too wide) in paragraph at lines 1440--1444
[] [] 

\hbox(227.62204+0.0)x455.24408, glue set - 1.0
.\vbox(227.62204+0.0)x227.62204, glue set 227.62204fil
..\hbox(0.0+0.0)x227.62204, glue set 227.62204fil
...\special{epsfile=fig-peg-in-hole3.ps hsize=227 }
...\glue 0.0 plus 1.0fil
..\glue 0.0 plus 1.0fil
.\glue 3.33333 plus 1.66666 minus 1.11111
.\vbox(227.62204+0.0)x227.62204, glue set 227.62204fil
..\hbox(0.0+0.0)x227.62204, glue set 227.62204fil
...\special{epsfile=fig-peg-in-hole4.ps hsize=227 }
...\glue 0.0 plus 1.0fil
..\glue 0.0 plus 1.0fil
.\penalty 10000
.\glue(\parfillskip) 0.0 plus 1.0fil
.etc.

[44

] [45

] [46]
Underfull \hbox (badness 10000) in paragraph at lines 1627--1629


\hbox(0.0+0.0)x455.24408
.\glue(\rightskip) 0.0


Underfull \hbox (badness 10000) in paragraph at lines 1647--1649


\hbox(0.0+0.0)x430.24408
.\glue(\rightskip) 0.0

[47

]
epsf:[fig-onthetable-0.ps]
BoundingBox: (0bp,0bp)--(480bp,480bp) =>(199bp,199bp)
epsf:[fig-onthetable-m1.ps]
BoundingBox: (0bp,0bp)--(480bp,480bp) =>(199bp,199bp)
epsf:[fig-onthetable-mt.ps]
BoundingBox: (0bp,0bp)--(480bp,480bp) =>(199bp,199bp)
epsf:[fig-onthetable-mr.ps]
BoundingBox: (0bp,0bp)--(480bp,480bp) =>(199bp,199bp) [48

]
epsf:[fig-peg-naname-0.ps]
BoundingBox: (0bp,0bp)--(480bp,480bp) =>(199bp,199bp)
epsf:[fig-peg-naname-m1.ps]
BoundingBox: (0bp,0bp)--(480bp,480bp) =>(199bp,199bp)
epsf:[fig-peg-naname-m2.ps]
BoundingBox: (0bp,0bp)--(480bp,480bp) =>(199bp,199bp)
epsf:[fig-peg-naname-m3.ps]
BoundingBox: (0bp,0bp)--(480bp,480bp) =>(199bp,199bp) [49

]) [50

]
(perspective.tex
Overfull \hbox (27.36182pt too wide) in paragraph at lines 50--62
 [] 

\hbox(0.0+167.72513)x455.24408
.\glue(\leftskip) 0.0 plus 1.0fil
.\vbox(0.0+167.72513)x482.6059
..\glue 6.0 plus 2.0 minus 2.0
..\glue 0.0
..\hbox(155.72513+0.0)x482.6059
...\vbox(155.72513+0.0)x33.74448, glue set 70.01813fil []
...\glue 1.99997
...\vbox(155.72513+0.0)x10.00002, glue set 77.66257fil []
...\vbox(155.72513+0.0)x436.86143 []
..\glue 6.0 plus 2.0 minus 2.0
..\glue 0.0
..etc.
.\penalty 10000
.\glue(\parfillskip) 0.0
.\glue(\rightskip) 0.0 plus 1.0fil

[51


] [52]
Underfull \hbox (badness 10000) in paragraph at lines 104--106


\hbox(0.0+0.0)x455.24408
.\glue(\rightskip) 0.0

[53]
Underfull \hbox (badness 10000) in paragraph at lines 150--152


\hbox(0.0+0.0)x455.24408
.\glue(\rightskip) 0.0

[54]
Underfull \hbox (badness 10000) in paragraph at lines 200--202


\hbox(0.0+0.0)x455.24408
.\glue(\rightskip) 0.0


Underfull \hbox (badness 10000) in paragraph at lines 223--225


\hbox(0.0+0.0)x455.24408
.\glue(\rightskip) 0.0


Overfull \hbox (38.78032pt too wide) in paragraph at lines 297--298
[][] 

\hbox(410.93437+0.0)x455.24408
.\hbox(0.0+0.0)x0.0
.\hbox(410.93437+0.0)x494.0244, glue set 525.63474fil
..\glue -31.61034
..\hbox(722.52197+0.0)x0.0, shifted 316.10336
...\hbox(0.60213+0.0)x0.0, glue set - 72.65355fil, shifted -523.82843 []
...\hbox(0.60213+0.0)x0.0, glue set - 80.78192fil, shifted -521.11897 []
...\hbox(0.60213+0.0)x0.0, glue set - 88.9103fil, shifted -518.40952 []
...\hbox(0.60213+0.0)x0.0, glue set - 97.03867fil, shifted -515.70006 []
...\hbox(0.60213+0.0)x0.0, glue set - 105.16704fil, shifted -512.9906 []
...etc.
..\glue 0.0 plus 1.0fil minus 1.0fil
.\penalty 10000
.\glue(\parfillskip) 0.0 plus 1.0fil
.\glue(\rightskip) 0.0

[55] [56]
Underfull \hbox (badness 10000) in paragraph at lines 301--303


\hbox(0.0+0.0)x455.24408
.\glue(\rightskip) 0.0

[57

]
Underfull \hbox (badness 10000) in paragraph at lines 361--363


\hbox(0.0+0.0)x455.24408
.\glue(\rightskip) 0.0

[58]) [59] [60


] (eus-manual.aux (preface.aux) (object.aux) (vector-matrix.aux)
(geometry.aux) (perspective.aux)) 
Here is how much of TeX's memory you used:
 518 strings out of 3801
 4770 string characters out of 55031
 58983 words of memory out of 262141
 2993 multiletter control sequences out of 9500
 29640 words of font info for 186 fonts, out of 72000 for 255
 14 hyphenation exceptions out of 607
 19i,18n,18p,207b,520s stack positions out of 300i,40n,60p,2000b,4000s

Output written on eus-manual.dvi (61 pages, 147924 bytes).
