This is JTeX, Version 1.44, based on TeX C Version 3.14t3 (format=jlplain 93.11.30)  20 JAN 1995 11:35
**&jlatex man
(man.tex
** JLaTeX ver.1.3......Isozaki
(/net/etlfs/usr/share/lib/tex/inputs/article.sty
Document Style `article' <16 Mar 88>.
(/net/etlfs/usr/share/lib/tex/inputs/art11.sty)
\c@part=\count82
\c@section=\count83
\c@subsection=\count84
\c@subsubsection=\count85
\c@paragraph=\count86
\c@subparagraph=\count87
\c@figure=\count88
\c@table=\count89
)
(/net/etlfs/usr/share/lib/tex/inputs/titlepage.sty)
(/net/etlfs/usr/share/lib/tex/inputs/makeidx.sty)
(/net/etlfs/usr/share/lib/tex/inputs/EPSF/epsf.sty
EPSF macro package for LaTeX. version 1.3 - Released October 31, 1990
\@arga=\count90
\@argb=\count91
\@argc=\count92
\@ctmpa=\count93
\@ctmpb=\count94
\@ctmpc=\count95
\@ctmpd=\count96
\@ctmpe=\count97
\@darg=\dimen100
\@bblen=\dimen101
\ps@stream=\read0
) (mytabbing.sty) (/net/etlfs/usr/share/lib/tex/inputs/PSFONTS/times.sty)
(/net/etlfs/usr/share/lib/tex/inputs/psfonts.sty
\@cmrfam=\fam11
\@cmrscale=\count98
)
\@indexfile=\write3

Writing index file man.idx 
(man.aux) [0

] (man.toc [1] [2] [3])
\tf@toc=\write4
 [4] (intro.tex
LaTeX Warning: Citation `Eus7' on page 1 undefined.
LaTeX Warning: Citation `Eus4' on page 1 undefined.
LaTeX Warning: Citation `Eus5' on page 1 undefined.
LaTeX Warning: Citation `Eus6' on page 1 undefined.
LaTeX Warning: Citation `CLtL' on page 1 undefined.
LaTeX Warning: Citation `CLOS:Keene' on page 1 undefined.
LaTeX Warning: Citation `CLOS:Keene' on page 1 undefined.
[1]
LaTeX Warning: Citation `CLtL' on page 2 undefined.
LaTeX Warning: Citation `CLtL2' on page 2 undefined.
LaTeX Warning: Citation `MTEus1' on page 2 undefined.
LaTeX Warning: Citation `MTEus2' on page 2 undefined.
[2]
LaTeX Warning: Citation `CLtL' on page 3 undefined.
LaTeX Warning: Citation `CLtL2' on page 3 undefined.
[3]
LaTeX Warning: Citation `Hirukawa:1991a' on page 4 undefined.
LaTeX Warning: Citation `Hirukawa:1991b' on page 4 undefined.
LaTeX Warning: Citation `Hirukawa:1991c' on page 4 undefined.

Overfull \hbox (16.37378pt too wide) in paragraph at lines 339--342
\\prm11 fix, and up-grade in-for-ma-tion is cir-cu-lated. This in-for-ma-tion h
as been ac-cu-mu-lated in \\ptt11 *eusdir*/doc/mails\\prm11 . 

\hbox(7.491+2.37599)x469.47046, glue set - 1.0
.\\prm11 ^^L (ligature fi)
.\\prm11 x
.\\prm11 ,
.\glue 2.75 plus 4.12498 minus 0.87999
.\\prm11 a
.etc.

[4]
epsf:[fig/eta3colavo.ps]
BoundingBox: (33bp,489bp)--(546bp,745bp) =>(426bp,209bp)
No file man.bbl.
[5]) (generals.tex
epsf:[fig/pointer.ps]
BoundingBox: (134bp,508bp)--(383bp,605bp) =>(249bp,97bp) [6]
epsf:[fig/object.ps]
BoundingBox: (87bp,594bp)--(484bp,713bp) =>(398bp,119bp) [7] [8] [9] [10]
[11] [12] [13] [14] [15] [16]) (controls.tex [17] [18] [19] [20]) (objects.tex
[21] [22]
Underfull \vbox (badness 10000) has occurred while \output is active
\vbox(699.93796+0.0)x469.47046, glue set 11.67744
.\glue(\topskip) 2.41002
.\hbox(7.58998+2.37599)x442.0954, glue set 0.95148fil, shifted 27.37506
..\\prm11 c
..\\prm11 u
..\\prm11 r
..\\prm11 r
..\\prm11 e
..etc.
.\penalty -51
.\glue 0.0
.\glue 8.53581
.etc.

 [23]
Underfull \vbox (badness 10000) has occurred while \output is active
\vbox(699.93796+0.0)x469.47046, glue set 13.54918
.\glue(\topskip) 1.672
.\hbox(8.328+0.19199)x469.47046, glue set 374.80246fil
..\hbox(8.11198+0.19199)x27.0
...\glue 0.0
...\\pbf12 5
...\\pbf12 .
...\\pbf12 4
...\glue 12.0
..\\pbf12 B
..\\pbf12 a
..\\pbf12 s
..\\pbf12 i
..etc.
.\write1{\@writefile{toc}{\string\contentsline\space {subsection}{\string\numb\
ETC.}
.\penalty 10000
.\glue 7.39198 plus 0.98558
.etc.

 [24]
[25]) (arith.tex [26] [27] [28] [29] [30]) (symbols.tex
Underfull \vbox (badness 8189) has occurred while \output is active
\vbox(699.93796+0.0)x469.47046, glue set 4.34398
.\glue(\topskip) 0.284
.\hbox(9.716+2.954)x469.47046, glue set 313.11847fil
..\hbox(9.46399+0.0)x21.0
...\glue 0.0
...\\pbf14 7
...\glue 14.0
..\\pbf14 S
..\\pbf14 y
..\\pbf14 m
..\\pbf14 b
..etc.
.\write1{\@writefile{toc}{\string\contentsline\space {section}{\string\numberl\
ETC.}
.\penalty 10000
.\glue 11.3344 plus 0.98558
.etc.

 [31]
Underfull \vbox (badness 10000) has occurred while \output is active
\vbox(699.93796+0.0)x469.47046
.\write3{\indexentry{get}{\thepage }}
.\glue(\topskip) 2.41002
.\hbox(7.58998+2.321)x469.47046, glue set 348.1845fill
..\hbox(0.0+0.0)x0.0
..\\pbf11 g
..\\pbf11 e
..\\pbf11 t
..\glue 2.75 plus 3.29999 minus 1.09999
..etc.
.\penalty -51
.\glue 0.0
.etc.

 [32]
[33]
Underfull \vbox (badness 10000) has occurred while \output is active
\vbox(699.93796+0.0)x469.47046
.\write3{\indexentry{find-symbol}{\thepage }}
.\glue(\topskip) 2.366
.\hbox(7.634+2.321)x469.47046, glue set 193.56853fill
..\hbox(0.0+0.0)x0.0
..\\pbf11 ^^L (ligature fi)
..\\pbf11 n
..\\pbf11 d
..\\pbf11 -
..etc.
.\penalty -51
.\glue 0.0
.etc.

 [34]
[35]) (sequences.tex [36]
Underfull \vbox (badness 10000) has occurred while \output is active
\vbox(699.93796+0.0)x469.47046
.\write3{\indexentry{replace}{\thepage }}
.\glue(\topskip) 2.41002
.\hbox(7.58998+2.321)x469.47046, glue set 190.85153fill
..\hbox(0.0+0.0)x0.0
..\\pbf11 r
..\kern-0.198
..\\pbf11 e
..\\pbf11 p
..etc.
.\penalty -51
.\glue 0.0
.etc.

 [37]
[38]
Underfull \vbox (badness 10000) has occurred while \output is active
\vbox(699.93796+0.0)x469.47046, glue set 11.64264
.\glue(\topskip) 1.672
.\hbox(8.328+0.19199)x469.47046, glue set 417.79846fil
..\hbox(8.11198+0.19199)x27.0
...\glue 0.0
...\\pbf12 8
...\\pbf12 .
...\\pbf12 2
...\glue 12.0
..\\pbf12 L
..\\pbf12 i
..\\pbf12 s
..\\pbf12 t
..etc.
.\write1{\@writefile{toc}{\string\contentsline\space {subsection}{\string\numb\
ETC.}
.\penalty 10000
.\glue 7.39198 plus 0.98558
.etc.

 [39]
Underfull \vbox (badness 10000) has occurred while \output is active
\vbox(699.93796+0.0)x469.47046
.\glue(\topskip) 2.41002
.\hbox(7.58998+2.37599)x442.0954, glue set - 0.15553, shifted 27.37506
..\hbox(0.0+0.0)x0.0
..\glue 0.0
..\hbox(0.0+0.0)x0.0
...\glue 0.0
...\glue -21.90005
...\glue -5.475
...\hbox(0.0+0.0)x21.90005, glue set 19.15005fil []
...\glue 5.475
..\penalty 0
..\glue 0.0
..etc.
.\penalty 300
.\glue(\baselineskip) 3.73302
.\hbox(7.491+1.584)x442.0954, glue set 330.2035fil, shifted 27.37506
..\\prm11 a
..\\prm11 n
..\\prm11 d
..\glue 2.75 plus 3.29999 minus 1.09999
..\\prm11 t
..etc.
.etc.

 [40]
Underfull \vbox (badness 10000) has occurred while \output is active
\vbox(699.93796+0.0)x469.47046
.\write3{\indexentry{append}{\thepage }}
.\glue(\topskip) 1.7875
.\hbox(8.2125+2.73749)x469.47046, glue set 355.23048fill
..\hbox(0.0+0.0)x0.0
..\\pbf11 a
..\\pbf11 p
..\\pbf11 p
..\\pbf11 e
..etc.
.\penalty -51
.\glue 0.0
.etc.

 [41]
[42] [43] [44]
Underfull \vbox (badness 10000) has occurred while \output is active
\vbox(699.93796+0.0)x469.47046, glue set 12.27817
.\glue(\topskip) 1.672
.\hbox(8.328+2.532)x469.47046, glue set 323.14246fil
..\hbox(8.11198+0.19199)x27.0
...\glue 0.0
...\\pbf12 8
...\\pbf12 .
...\\pbf12 4
...\glue 12.0
..\\pbf12 C
..\\pbf12 h
..\\pbf12 a
..\\pbf12 r
..etc.
.\write1{\@writefile{toc}{\string\contentsline\space {subsection}{\string\numb\
ETC.}
.\penalty 10000
.\glue 7.39198 plus 0.98558
.etc.

 [45]
[46] [47]) (io.tex [48] [49] [50] [51]
Underfull \vbox (badness 10000) has occurred while \output is active
\vbox(699.93796+0.0)x469.47046
.\glue(\topskip) 2.509
.\hbox(7.491+2.37599)x469.47046, glue set - 0.14993
..\\prm11 k
..\\prm11 n
..\\prm11 o
..\\prm11 w
..\glue 2.75 plus 3.29999 minus 1.09999
..etc.
.\penalty 150
.\glue(\baselineskip) 3.73302
.\hbox(7.491+2.37599)x469.47046, glue set 195.5815fil
..\\prm11 s
..\\prm11 t
..\\prm11 r
..\\prm11 e
..\\prm11 a
..etc.
.etc.

 [52]
[53] [54] [55]
Overfull \hbox (15.62894pt too wide) in paragraph at lines 451--451
[]\\ptt11 (with-open-file (f "afile" :direction :output)  (princ (make-string 6
4) f))[] 

\hbox(7.42499+2.277)x469.47046, glue set - 1.0
.\hbox(0.0+0.0)x0.0
.\\ptt11 (
.\\ptt11 w
.\\ptt11 i
.\\ptt11 t
.etc.

[56]
Overfull \hbox (28.82892pt too wide) in paragraph at lines 547--547
[]\\ptt11 (setq saddr  (make-socket-address :domain af_inet :host "etlic2" :por
t 2000))[] 

\hbox(7.42499+3.18999)x469.47046, glue set - 1.0
.\hbox(0.0+0.0)x0.0
.\\ptt11 (
.\\ptt11 s
.\\ptt11 e
.\\ptt11 t
.etc.


Overfull \hbox (23.32892pt too wide) in paragraph at lines 547--547
[]\\ptt11 (setq caddr (make-socket-address :domain af_inet :host "etlic2" :port
 2000))[] 

\hbox(7.42499+3.18999)x469.47046, glue set - 1.0
.\hbox(0.0+0.0)x0.0
.\\ptt11 (
.\\ptt11 s
.\\ptt11 e
.\\ptt11 t
.etc.

[57]
Overfull \hbox (28.82892pt too wide) in paragraph at lines 606--606
[]\\ptt11 (setq saddr  (make-socket-address :domain af_inet :host "etlic2" :por
t 2001))[] 

\hbox(7.42499+3.18999)x469.47046, glue set - 1.0
.\hbox(0.0+0.0)x0.0
.\\ptt11 (
.\\ptt11 s
.\\ptt11 e
.\\ptt11 t
.etc.


Overfull \hbox (23.32892pt too wide) in paragraph at lines 606--606
[]\\ptt11 (setq caddr (make-socket-address :domain af_inet :host "etlic2" :port
 2001))[] 

\hbox(7.42499+3.18999)x469.47046, glue set - 1.0
.\hbox(0.0+0.0)x0.0
.\\ptt11 (
.\\ptt11 s
.\\ptt11 e
.\\ptt11 t
.etc.

[58] [59] [60]) (evaluation.tex [61] [62] [63]
Underfull \vbox (badness 5260) has occurred while \output is active
\vbox(699.93796+0.0)x469.47046, glue set 3.74881
.\glue(\topskip) 1.672
.\hbox(8.328+2.532)x469.47046, glue set 329.25044fil
..\hbox(8.328+0.19199)x33.0
...\glue 0.0
...\\pbf12 1
...\\pbf12 0
...\\pbf12 .
...\\pbf12 2
...etc.
..\\pbf12 T
..\kern-1.10399
..\\pbf12 o
..\\pbf12 p
..etc.
.\write1{\@writefile{toc}{\string\contentsline\space {subsection}{\string\numb\
ETC.}
.\penalty 10000
.\glue 7.39198 plus 0.98558
.etc.

 [64]
[65]
Underfull \vbox (badness 7397) has occurred while \output is active
\vbox(699.93796+0.0)x469.47046, glue set 4.19888
.\glue(\topskip) 1.672
.\hbox(8.328+2.532)x469.47046, glue set 372.46246fil
..\hbox(8.328+0.19199)x33.0
...\glue 0.0
...\\pbf12 1
...\\pbf12 0
...\\pbf12 .
...\\pbf12 3
...etc.
..\\pbf12 C
..\\pbf12 o
..\\pbf12 m
..\\pbf12 p
..etc.
.\write1{\@writefile{toc}{\string\contentsline\space {subsection}{\string\numb\
ETC.}
.\penalty 10000
.\glue 7.39198 plus 0.98558
.etc.

 [66]
[67] [68] [69]
Underfull \vbox (badness 10000) has occurred while \output is active
\vbox(699.93796+0.0)x469.47046, glue set 10.02676
.\glue(\topskip) 1.672
.\hbox(8.328+2.532)x469.47046, glue set 359.45447fil
..\hbox(8.328+0.19199)x33.0
...\glue 0.0
...\\pbf12 1
...\\pbf12 0
...\\pbf12 .
...\\pbf12 5
...etc.
..\\pbf12 D
..\\pbf12 e
..\\pbf12 b
..\\pbf12 u
..etc.
.\write1{\@writefile{toc}{\string\contentsline\space {subsection}{\string\numb\
ETC.}
.\penalty 10000
.\glue 7.39198 plus 0.98558
.etc.

 [70]
[71] [72] [73]) (sysfunc.tex
Underfull \vbox (badness 10000) has occurred while \output is active
\vbox(699.93796+0.0)x469.47046, glue set 5.34177
.\write1{\@writefile{toc}{\string\contentsline\space {part}{\uppercase {ii}\st\
ETC.}
.\glue(\topskip) 0.53601
.\hbox(9.46399+0.22398)x469.47046, glue set 214.32323fil
..\hbox(0.0+0.0)x0.0
..\\pbf14 P
..\\pbf14 a
..\\pbf14 r
..\kern0.0
..etc.
.\penalty 10000
.\glue(\parskip) 2.84526
.etc.

 [74]
Underfull \vbox (badness 10000) has occurred while \output is active
\vbox(699.93796+0.0)x469.47046
.\glue(\topskip) 2.509
.\hbox(7.491+2.37599)x469.47046, glue set 0.08543
..\\ptt11 (
..\\ptt11 S
..\\ptt11 Y
..\\ptt11 S
..\\ptt11 :
..etc.
.\penalty 150
.\glue(\baselineskip) 3.73302
.\hbox(7.491+0.14299)x469.47046, glue set 461.22046fil
..\\prm11 1
..\\prm11 .
..\penalty 10000
..\glue(\parfillskip) 0.0 plus 1.0fil
..\glue(\rightskip) 0.0
.etc.

 [75]
[76] [77] [78] [79] [80] [81] [82] [83]
Underfull \vbox (badness 10000) has occurred while \output is active
\vbox(699.93796+0.0)x469.47046
.\glue(\topskip) 2.509
.\hbox(7.491+2.37599)x442.0954, glue set 346.16443fil, shifted 27.37506
..\hbox(0.0+0.0)x0.0
..\glue 0.0
..\hbox(0.0+0.0)x0.0
...\glue 0.0
...\glue -21.90005
...\glue -5.475
...\hbox(0.0+0.0)x21.90005, glue set 19.15005fil []
...\glue 5.475
..\penalty 0
..\glue 0.0
..etc.
.\penalty -51
.\glue 0.0
.\glue 8.53581
.etc.

 [84]
[85] [86]
Underfull \vbox (badness 6412) has occurred while \output is active
\vbox(699.93796+0.0)x469.47046, glue set 4.00447
.\glue(\topskip) 1.672
.\hbox(8.328+2.532)x469.47046, glue set 258.09048fil
..\hbox(8.328+0.19199)x33.0
...\glue 0.0
...\\pbf12 1
...\\pbf12 1
...\\pbf12 .
...\\pbf12 4
...etc.
..\\pbf12 A
..\\pbf12 d
..\\pbf12 d
..\\pbf12 i
..etc.
.\write1{\@writefile{toc}{\string\contentsline\space {subsection}{\string\numb\
ETC.}
.\penalty 10000
.\glue 7.39198 plus 0.98558
.etc.

 [87]
[88] [89] [90]) (mthread.tex [91]
epsf:[fig/threadfig.ps]
BoundingBox: (0bp,0bp)--(560bp,246bp) =>(369bp,159bp)
Underfull \vbox (badness 1077) has occurred while \output is active
\vbox(699.93796+0.0)x469.47046, glue set 2.20966
.\glue(\topskip) 0.284
.\hbox(9.716+0.22398)x469.47046, glue set 368.61444fil
..\hbox(9.716+0.0)x28.0
...\glue 0.0
...\\pbf14 1
...\\pbf14 2
...\glue 14.0
..\\pbf14 M
..\\pbf14 u
..\\pbf14 l
..\\pbf14 t
..etc.
.\write1{\@writefile{toc}{\string\contentsline\space {section}{\string\numberl\
ETC.}
.\penalty 10000
.\glue 11.3344 plus 0.98558
.etc.

 [92]
epsf:[fig/parathreads.ps]
BoundingBox: (0bp,0bp)--(504bp,435bp) =>(341bp,293bp)
Underfull \vbox (badness 10000) has occurred while \output is active
\vbox(699.93796+0.0)x469.47046, glue set 26.5281
.\vbox(343.60829+0.0)x469.47046
..\penalty -51
..\glue 12.0 plus 4.0 minus 7.0
..\glue(\parskip) 0.0
..\hbox(293.6323+0.0)x469.47046, glue set 64.0187fil
...\glue(\leftskip) 0.0 plus 1.0fil
...\hbox(0.0+0.0)x0.0
...\glue 0.0
...\hbox(0.0+0.0)x0.0 []
...\penalty 0
...etc.
..\write1{\@writefile{lof}{\string\contentsline\space {figure}{\string\numberli
\ETC.}
..etc.
.\glue 12.0 plus 2.0 minus 2.0
.\glue -12.0 plus -2.0 minus -2.0
.\glue 20.0 plus 2.0 minus 4.0
.\glue(\topskip) 2.366
.etc.

 [93]
epsf:[fig/threadobj.ps]
BoundingBox: (0bp,0bp)--(564bp,316bp) =>(213bp,119bp)
epsf:[fig/threadpool.ps]
BoundingBox: (0bp,0bp)--(553bp,303bp) =>(213bp,115bp)
epsf:[fig/synchports.ps]
BoundingBox: (0bp,250bp)--(600bp,560bp) =>(369bp,188bp) [94] [95] [96]
Overfull \hbox (29.80402pt too wide) in paragraph at lines 315--315
 []\\ptt11 (setq trd (sys:thread \#'compute-pi 1000)) ;assign compute-pi to a t
hread[] 

\hbox(7.42499+2.277)x469.47046, glue set - 1.0
.\glue(\leftskip) 27.37506
.\hbox(0.0+0.0)x0.0
.\\ptt11 (
.\\ptt11 s
.\\ptt11 e
.etc.

[97] [98]) (matrix.tex [99]
Overfull \hbox (6.42592pt too wide) in paragraph at lines 19--19
[] []  \\prm11 makes a new float-vector whose el-e-ments are \\pit11 num-bers\\
prm11 . Note the dif-fer-ence be-tween \\ptt11 (float-vector

\hbox(7.58998+1.584)x442.0954, glue set - 1.0
.\hbox(0.0+0.0)x0.0
.\glue 0.0
.\hbox(0.0+0.0)x0.0
..\glue 0.0
..\glue -21.90005
..\glue -5.475
..\hbox(0.0+0.0)x21.90005, glue set 19.15005fil
...\glue 0.0 plus 1.0fil
...\glue 2.75 plus 3.29999 minus 1.09999
..\glue 5.475
.\penalty 0
.\glue 0.0
.etc.

[100] [101]
Underfull \vbox (badness 10000) has occurred while \output is active
\vbox(699.93796+0.0)x469.47046
.\glue(\topskip) 2.41002
.\hbox(7.58998+2.37599)x442.0954, glue set - 0.25337, shifted 27.37506
..\hbox(0.0+0.0)x0.0
..\glue 0.0
..\hbox(0.0+0.0)x0.0
...\glue 0.0
...\glue -21.90005
...\glue -5.475
...\hbox(0.0+0.0)x21.90005, glue set 19.15005fil []
...\glue 5.475
..\penalty 0
..\glue 0.0
..etc.
.\penalty 150
.\glue(\baselineskip) 3.63403
.\hbox(7.58998+2.37599)x442.0954, glue set 0.15053, shifted 27.37506
..\\prm11 E
..\\prm11 a
..\\prm11 c
..\\prm11 h
..\glue 2.75 plus 3.29999 minus 1.09999
..etc.
.etc.

 [102]
[103]
Underfull \vbox (badness 10000) has occurred while \output is active
\vbox(699.93796+0.0)x469.47046, glue set 4.72913
.\glue(\topskip) 1.672
.\hbox(8.328+0.19199)x469.47046, glue set 373.80646fil
..\hbox(8.328+0.19199)x33.0
...\glue 0.0
...\\pbf12 1
...\\pbf12 3
...\\pbf12 .
...\\pbf12 4
...etc.
..\write1{\newlabel{Coordinates}{{13.4}{\thepage }}}
..\\pbf12 C
..\\pbf12 o
..\\pbf12 o
..etc.
.\write1{\@writefile{toc}{\string\contentsline\space {subsection}{\string\numb\
ETC.}
.\penalty 10000
.\glue 7.39198 plus 0.98558
.etc.

 [104]
Underfull \vbox (badness 10000) has occurred while \output is active
\vbox(699.93796+0.0)x469.47046
.\glue(\topskip) 2.509
.\hbox(7.491+1.694)x469.47046, glue set 344.45547fill
..\hbox(0.0+0.0)x0.0
..\\pbf11 :
..\\pbf11 r
..\kern-0.198
..\\pbf11 o
..etc.
.\penalty -51
.\glue 0.0
.\glue -4.5 plus -2.0 minus -1.0
.etc.

 [105]
[106]
Underfull \vbox (badness 10000) has occurred while \output is active
\vbox(699.93796+0.0)x469.47046
.\write3{\indexentry{:assoc}{\thepage }}
.\glue(\topskip) 2.41002
.\hbox(7.58998+2.277)x469.47046, glue set 226.87653fill
..\hbox(0.0+0.0)x0.0
..\\pbf11 :
..\\pbf11 a
..\\pbf11 s
..\\pbf11 s
..etc.
.\penalty -51
.\glue 0.0
.etc.

 [107])
(geometry.tex [108]
epsf:[fig/beam.ps]
BoundingBox: (130bp,261bp)--(523bp,608bp) =>(321bp,284bp) [109]
Underfull \vbox (badness 10000) has occurred while \output is active
\vbox(699.93796+0.0)x469.47046
.\glue(\topskip) 2.366
.\hbox(7.634+2.321)x469.47046, glue set 324.05049fill
..\hbox(0.0+0.0)x0.0
..\\pbf11 t
..\\pbf11 r
..\\pbf11 i
..\\pbf11 a
..etc.
.\penalty -51
.\glue 0.0
.\glue -4.5 plus -2.0 minus -1.0
.etc.

 [110]
Underfull \vbox (badness 10000) has occurred while \output is active
\vbox(699.93796+0.0)x469.47046
.\glue(\topskip) 2.366
.\hbox(7.634+2.37599)x442.0954, glue set 0.11757, shifted 27.37506
..\hbox(0.0+0.0)x0.0
..\glue 0.0
..\hbox(0.0+0.0)x0.0
...\glue 0.0
...\glue -21.90005
...\glue -5.475
...\hbox(0.0+0.0)x21.90005, glue set 19.15005fil []
...\glue 5.475
..\penalty 0
..\glue 0.0
..etc.
.\penalty 10150
.\glue(\baselineskip) 3.63403
.\hbox(7.58998+2.37599)x442.0954, glue set 58.64644fil, shifted 27.37506
..\\prm11 i
..\\prm11 n
..\glue 2.75 plus 3.29999 minus 1.09999
..\\pit11 p
..\\pit11 o
..etc.
.etc.

 [111]
[112]
Underfull \vbox (badness 10000) has occurred while \output is active
\vbox(699.93796+0.0)x469.47046, glue set 4.72913
.\glue(\topskip) 1.672
.\hbox(8.328+2.532)x469.47046, glue set 361.78247fil
..\hbox(8.328+0.19199)x33.0
...\glue 0.0
...\\pbf12 1
...\\pbf12 4
...\\pbf12 .
...\\pbf12 2
...etc.
..\\pbf12 L
..\\pbf12 i
..\\pbf12 n
..\\pbf12 e
..etc.
.\write1{\@writefile{toc}{\string\contentsline\space {subsection}{\string\numb\
ETC.}
.\penalty 10000
.\glue 7.39198 plus 0.98558
.etc.

 [113]
Underfull \vbox (badness 10000) has occurred while \output is active
\vbox(699.93796+0.0)x469.47046
.\glue(\topskip) 2.366
.\hbox(7.634+2.321)x469.47046, glue set 131.04454fill
..\\pbf11 :
..\\pbf11 c
..\\pbf11 o
..\\pbf11 l
..\\pbf11 l
..etc.
.\penalty -51
.\glue 0.0
.\glue -4.5 plus -2.0 minus -1.0
.etc.

 [114]
[115] [116]
Underfull \vbox (badness 10000) has occurred while \output is active
\vbox(699.93796+0.0)x469.47046
.\write3{\indexentry{:boxtest}{\thepage }}
.\glue(\topskip) 2.41002
.\hbox(7.58998+2.277)x469.47046, glue set 272.7135fill
..\\pbf11 :
..\\pbf11 b
..\\pbf11 o
..\\pbf11 x
..\\pbf11 t
..etc.
.\penalty -51
.\glue 0.0
.etc.

 [117]
Underfull \vbox (badness 10000) has occurred while \output is active
\vbox(699.93796+0.0)x469.47046
.\glue(\topskip) 0.48004
.\hbox(9.51996+4.08003)x172.0086
..\hbox(0.0+0.0)x0.0
...\hbox(0.0+0.0)x0.0 []
..\glue 0.0
..\hbox(9.51996+4.08003)x172.0086
...\rule(9.51996+4.08003)x0.0
...\glue 85.35826
...\glue 2.75 plus 3.29999 minus 1.09999
...\\prm11 :
...\\prm11 s
...etc.
.\glue(\baselineskip) 0.00002
.\hbox(9.51996+4.08003)x274.94658
..\glue 0.0
..\hbox(9.51996+4.08003)x274.94658
...\rule(9.51996+4.08003)x0.0
...\glue 85.35826
...\glue 2.75 plus 3.29999 minus 1.09999
...\\prm11 :
...\\prm11 s
...etc.
.\penalty -51
.etc.

 [118]
[119]
Underfull \vbox (badness 10000) has occurred while \output is active
\vbox(699.93796+0.0)x469.47046, glue set 12.27817
.\glue(\topskip) 1.672
.\hbox(8.328+2.532)x469.47046, glue set 409.79446fil
..\hbox(8.328+0.19199)x33.0
...\glue 0.0
...\\pbf12 1
...\\pbf12 4
...\\pbf12 .
...\\pbf12 4
...etc.
..\\pbf12 B
..\\pbf12 o
..\\pbf12 d
..\\pbf12 y
..etc.
.\write1{\@writefile{toc}{\string\contentsline\space {subsection}{\string\numb\
ETC.}
.\penalty 10000
.\glue 7.39198 plus 0.98558
.etc.

 [120]
[121]
epsf:[fig/fig1.ps]
BoundingBox: (99bp,122bp)--(556bp,766bp) =>(378bp,540bp)
Underfull \vbox (badness 10000) has occurred while \output is active
\vbox(699.93796+0.0)x469.47046, glue set 8.41089
.\glue(\topskip) 1.672
.\hbox(8.328+2.532)x469.47046, glue set 310.69844fil
..\hbox(8.328+0.19199)x33.0
...\glue 0.0
...\\pbf12 1
...\\pbf12 4
...\\pbf12 .
...\\pbf12 5
...etc.
..\write1{\newlabel{primitive-body-creation}{{14.5}{\thepage }}}
..\\pbf12 P
..\\pbf12 r
..\\pbf12 i
..etc.
.\write1{\@writefile{toc}{\string\contentsline\space {subsection}{\string\numb\
ETC.}
.\penalty 10000
.\glue 7.39198 plus 0.98558
.etc.

 [122]
[123] [124] [125]) (contact.tex
Underfull \hbox (badness 10000) in paragraph at lines 25--26


\hbox(0.0+0.0)x469.47046
.\glue(\rightskip) 0.0


Overfull \hbox (3.52899pt too wide) in paragraph at lines 56--56
[]\\ptt11 (setq x (make-prism '(#f(50 50 0) #f(50 -50 0) #f(-50 -50 0) #f(-50 5
0 0))[] 

\hbox(7.42499+2.277)x469.47046, glue set - 1.0
.\hbox(0.0+0.0)x0.0
.\\ptt11 (
.\\ptt11 s
.\\ptt11 e
.\\ptt11 t
.etc.

[126] [127]
epsf:[fig/fig-peg-in-hole1.ps]
BoundingBox: (0bp,0bp)--(480bp,480bp) =>(224bp,224bp)
epsf:[fig/fig-peg-in-hole2.ps]
BoundingBox: (0bp,0bp)--(480bp,480bp) =>(224bp,224bp)
epsf:[fig/fig-peg-in-hole3.ps]
BoundingBox: (0bp,0bp)--(480bp,480bp) =>(224bp,224bp)
epsf:[fig/fig-peg-in-hole4.ps]
BoundingBox: (0bp,0bp)--(480bp,480bp) =>(224bp,224bp) [128

]
epsf:[fig/fig-peg-naname-m1.ps]
BoundingBox: (0bp,0bp)--(480bp,480bp) =>(224bp,224bp)
epsf:[fig/fig-peg-naname-m2.ps]
BoundingBox: (0bp,0bp)--(480bp,480bp) =>(224bp,224bp)
epsf:[fig/fig-peg-naname-m3.ps]
BoundingBox: (0bp,0bp)--(480bp,480bp) =>(224bp,224bp)
epsf:[fig/fig-peg-naname-m4.ps]
BoundingBox: (0bp,0bp)--(480bp,480bp) =>(224bp,224bp) [129

]) (voronoi.tex
Overfull \hbox (36.52895pt too wide) in paragraph at lines 50--50
[]       \\ptt11 (type <:endpoint or :point-point or :segment-segment or :point
-segment>)[] 

\hbox(7.42499+2.277)x469.47046, glue set - 1.0
.\hbox(0.0+0.0)x0.0
.\penalty 10000
.\glue 6.59999 plus 3.29999 minus 1.09999
.\penalty 10000
.\glue 6.59999 plus 3.29999 minus 1.09999
.etc.


Underfull \vbox (badness 10000) has occurred while \output is active
\vbox(699.93796+0.0)x469.47046, glue set 7.71886
.\write-{}
.\glue(\topskip) 1.672
.\hbox(8.328+2.532)x469.47046, glue set 285.46243fil
..\hbox(8.328+0.19199)x33.0
...\glue 0.0
...\\pbf12 1
...\\pbf12 4
...\\pbf12 .
...\\pbf12 9
...etc.
..\\pbf12 V
..\kern-1.10399
..\\pbf12 o
..\\pbf12 r
..etc.
.\write1{\@writefile{toc}{\string\contentsline\space {subsection}{\string\numb\
ETC.}
.\penalty 10000
.etc.

 [130

]
[131]) (graphics.tex
epsf:[fig/viewcoords.ps]
BoundingBox: (178bp,407bp)--(549bp,659bp) =>(418bp,284bp) [132] [133] [134]
[135] [136]
Underfull \vbox (badness 10000) has occurred while \output is active
\vbox(699.93796+0.0)x469.47046
.\glue(\topskip) 2.509
.\hbox(7.491+2.37599)x442.0954, glue set - 0.5304, shifted 27.37506
..\hbox(0.0+0.0)x0.0
..\glue 0.0
..\hbox(0.0+0.0)x0.0
...\glue 0.0
...\glue -21.90005
...\glue -5.475
...\hbox(0.0+0.0)x21.90005, glue set 19.15005fil []
...\glue 5.475
..\penalty 0
..\\prm11 d
..etc.
.\penalty -51
.\glue 0.0
.\glue 8.53581
.etc.

 [137]
[138]
Underfull \vbox (badness 10000) has occurred while \output is active
\vbox(699.93796+0.0)x469.47046, glue set 11.9333
.\glue(\topskip) 1.672
.\hbox(8.328+2.532)x469.47046, glue set 387.13846fil
..\hbox(8.328+0.19199)x33.0
...\glue 0.0
...\\pbf12 1
...\\pbf12 5
...\\pbf12 .
...\\pbf12 5
...etc.
..\write1{\newlabel{Drawings}{{15.5}{\thepage }}}
..\\pbf12 D
..\\pbf12 r
..\\pbf12 a
..etc.
.\write1{\@writefile{toc}{\string\contentsline\space {subsection}{\string\numb\
ETC.}
.\penalty 10000
.\glue 7.39198 plus 0.98558
.etc.

 [139]
[140] [141]) (xwindow.tex [142]
Underfull \vbox (badness 10000) has occurred while \output is active
\vbox(699.93796+0.0)x469.47046
.\write3{\indexentry{x:*bg-pixel*}{\thepage }}
.\glue(\topskip) 2.366
.\hbox(7.634+2.321)x469.47046, glue set 363.15549fill
..\\pbf11 x
..\\pbf11 :
..\\pbf11 *
..\\pbf11 b
..\\pbf11 g
..etc.
.\penalty -51
.\glue 0.0
.etc.

 [143]
Underfull \vbox (badness 10000) has occurred while \output is active
\vbox(699.93796+0.0)x469.47046
.\glue(\topskip) 2.509
.\hbox(7.491+0.14299)x442.0954, glue set 414.5954fil, shifted 27.37506
..\hbox(0.0+0.0)x0.0
..\glue 0.0
..\hbox(0.0+0.0)x0.0
...\glue 0.0
...\glue -21.90005
...\glue -5.475
...\hbox(0.0+0.0)x21.90005, glue set 19.15005fil []
...\glue 5.475
..\penalty 0
..\glue 0.0
..etc.
.\penalty -51
.\glue 0.0
.\glue 8.53581
.etc.

 [144]
Underfull \vbox (badness 10000) has occurred while \output is active
\vbox(699.93796+0.0)x469.47046, glue set 10.02676
.\glue(\topskip) 1.672
.\hbox(8.328+0.19199)x469.47046, glue set 387.79846fil
..\hbox(8.328+0.19199)x33.0
...\glue 0.0
...\\pbf12 1
...\\pbf12 6
...\\pbf12 .
...\\pbf12 2
...etc.
..\\pbf12 X
..\\pbf12 w
..\\pbf12 i
..\\pbf12 n
..etc.
.\write1{\@writefile{toc}{\string\contentsline\space {subsection}{\string\numb\
ETC.}
.\penalty 10000
.\glue 7.39198 plus 0.98558
.etc.

 [145]
epsf:[fig/xdraw.ps]
BoundingBox: (0bp,0bp)--(409bp,252bp) =>(276bp,170bp)
Underfull \vbox (badness 2903) has occurred while \output is active
\vbox(699.93796+0.0)x469.47046, glue set 3.07567
.\vbox(202.69252+0.0)x469.47046
..\penalty -51
..\glue 3.0 plus 1.0 minus 2.0
..\glue(\parskip) 0.0
..\hbox(170.71652+0.0)x469.47046, glue set 96.4549fil
...\glue(\leftskip) 0.0 plus 1.0fil
...\hbox(0.0+0.0)x0.0
...\glue 0.0
...\hbox(0.0+0.0)x0.0 []
...\penalty 0
...etc.
..\penalty -51
..etc.
.\glue 12.0 plus 2.0 minus 2.0
.\glue -12.0 plus -2.0 minus -2.0
.\glue 20.0 plus 2.0 minus 4.0
.\glue(\topskip) 2.509
.etc.

 [146]
Underfull \vbox (badness 10000) has occurred while \output is active
\vbox(699.93796+0.0)x469.47046, glue set 11.34888
.\write3{\indexentry{:draw-line}{\thepage }}
.\glue(\topskip) 2.366
.\hbox(7.634+2.277)x469.47046, glue set 343.08049fill
..\\pbf11 :
..\\pbf11 d
..\\pbf11 r
..\\pbf11 a
..\\pbf11 w
..etc.
.\penalty -51
.\glue 0.0
.etc.

 [147]
Underfull \vbox (badness 10000) has occurred while \output is active
\vbox(699.93796+0.0)x469.47046, glue set 6.65118
.\glue(\topskip) 0.48004
.\hbox(9.51996+4.08003)x208.43895
..\glue 0.0
..\hbox(9.51996+4.08003)x208.43895
...\rule(9.51996+4.08003)x0.0
...\glue 67.287
...\glue 2.75 plus 3.29999 minus 1.09999
...\\pit11 (
...\\pit11 t
...etc.
.\glue(\baselineskip) 0.00002
.\hbox(9.51996+4.08003)x94.47899
..\glue 0.0
..\hbox(9.51996+4.08003)x94.47899
...\rule(9.51996+4.08003)x0.0
...\glue 67.287
...\glue 2.75 plus 3.29999 minus 1.09999
...\\pit11 (
...\\pit11 f
...etc.
.\glue(\baselineskip) 0.00002
.etc.

 [148]
Underfull \vbox (badness 10000) has occurred while \output is active
\vbox(699.93796+0.0)x469.47046
.\glue(\topskip) 2.41002
.\hbox(7.58998+0.14299)x442.0954, glue set 222.09546fil, shifted 27.37506
..\hbox(0.0+0.0)x0.0
..\glue 0.0
..\hbox(0.0+0.0)x0.0
...\glue 0.0
...\glue -21.90005
...\glue -5.475
...\hbox(0.0+0.0)x21.90005, glue set 19.15005fil []
...\glue 5.475
..\penalty 0
..\glue 0.0
..etc.
.\penalty -51
.\glue 0.0
.\glue 8.53581
.etc.

 [149]
[150]
Overfull \hbox (0.54405pt too wide) in paragraph at lines 438--438
\\ptt11 15=Set, :clear, :and, :andReverse, :copy, :andInverted, :NoOp, :Xor,

\hbox(6.79799+2.277)x442.0954, glue set - 1.0
.\\ptt11 1
.\\ptt11 5
.\\ptt11 =
.\\ptt11 S
.\\ptt11 e
.etc.


Overfull \hbox (48.50397pt too wide) in paragraph at lines 455--455
\\ptt11 :line-width, :line-style, :cap-style, :join-style, :fill-style, :fill-r
ule,

\hbox(7.42499+2.277)x442.0954, glue set - 1.0
.\\ptt11 :
.\\ptt11 l
.\\ptt11 i
.\\ptt11 n
.\\ptt11 e
.etc.

[151]
Underfull \vbox (badness 10000) has occurred while \output is active
\vbox(699.93796+0.0)x469.47046
.\glue(\topskip) 2.509
.\hbox(7.491+2.37599)x442.0954, glue set 0.12723, shifted 27.37506
..\hbox(0.0+0.0)x0.0
..\glue 0.0
..\hbox(0.0+0.0)x0.0
...\glue 0.0
...\glue -21.90005
...\glue -5.475
...\hbox(0.0+0.0)x21.90005, glue set 19.15005fil []
...\glue 5.475
..\penalty 0
..\\prm11 d
..etc.
.\penalty 150
.\glue(\baselineskip) 3.73302
.\hbox(7.491+2.37599)x442.0954, glue set 0.29993, shifted 27.37506
..\\prm11 b
..\\prm11 y
..\glue 2.75 plus 3.29999 minus 1.09999
..\\prm11 R
..\\prm11 G
..etc.
.etc.

 [152]
Underfull \vbox (badness 10000) has occurred while \output is active
\vbox(699.93796+0.0)x469.47046
.\glue(\topskip) 2.509
.\hbox(7.491+2.37599)x442.0954, glue set 0.08379, shifted 27.37506
..\\prm11 P
..\\prm11 i
..\\prm11 x
..\\prm11 e
..\\prm11 l
..etc.
.\glue(\baselineskip) 3.73302
.\hbox(7.491+2.37599)x442.0954, glue set 0.11696, shifted 27.37506
..\\prm11 b
..\\prm11 e
..\glue 2.75 plus 3.29999 minus 1.09999
..\\prm11 r
..\\prm11 e
..etc.
.\penalty 150
.etc.

 [153])
(xtoolkit.tex [154] [155]
Overfull \hbox (1.29211pt too wide) in paragraph at lines 141--141
\\ptt11 :VisibilityNotify \\prm11 (15), \\ptt11 :CreateNotify \\prm11 (16), \\p
tt11 :DestroyNotify \\prm11 (17), \\ptt11 :UnmapNotify

\hbox(7.491+2.277)x442.0954, glue set - 1.0
.\\ptt11 :
.\\ptt11 V
.\\ptt11 i
.\\ptt11 s
.\\ptt11 i
.etc.


Overfull \hbox (11.03813pt too wide) in paragraph at lines 141--141
\\prm11 (18), \\ptt11 :MapNotify \\prm11 (19), \\ptt11 :MapRequest \\prm11 (20)
, \\ptt11 :ConfigureNotify \\prm11 (22), \\ptt11 :ConfigureRequest

\hbox(7.491+2.277)x442.0954, glue set - 1.0
.\\prm11 (
.\\prm11 1
.\\prm11 8
.\\prm11 )
.\\prm11 ,
.etc.


Overfull \hbox (57.23807pt too wide) in paragraph at lines 141--141
\\prm11 (23), \\ptt11 :GravityNotify \\prm11 (24), \\ptt11 :ResizeRequest \\prm
11 (25), \\ptt11 :CirculateNotify \\prm11 (26), \\ptt11 :CirculateRequest

\hbox(7.491+2.277)x442.0954, glue set - 1.0
.\\prm11 (
.\\prm11 2
.\\prm11 3
.\\prm11 )
.\\prm11 ,
.etc.


Overfull \hbox (70.43805pt too wide) in paragraph at lines 141--141
\\prm11 (27), \\ptt11 :PropertyNotify \\prm11 (28), \\ptt11 :SelectionClear \\p
rm11 (29), \\ptt11 :SelectionRequest \\prm11 (30), \\ptt11 :SelectionNotify

\hbox(7.491+2.277)x442.0954, glue set - 1.0
.\\prm11 (
.\\prm11 2
.\\prm11 7
.\\prm11 )
.\\prm11 ,
.etc.


Overfull \hbox (4.43814pt too wide) in paragraph at lines 141--141
\\prm11 (31), \\ptt11 :ColormapNotify \\prm11 (32), \\ptt11 :ClientMessage \\pr
m11 (33), \\ptt11 :MappingNotify \\prm11 (34), \\ptt11 :LASTEvent

\hbox(7.491+2.277)x442.0954, glue set - 1.0
.\\prm11 (
.\\prm11 3
.\\prm11 1
.\\prm11 )
.\\prm11 ,
.etc.

[156]
Overfull \hbox (22.984pt too wide) in paragraph at lines 176--176
\\ptt11 :ButtonPress, :ButtonRelease, :MotionNotify, :EnterNotify, :LeaveNotify


\hbox(7.42499+2.277)x442.0954, glue set - 1.0
.\\ptt11 :
.\\ptt11 B
.\\ptt11 u
.\\ptt11 t
.\\ptt11 t
.etc.

epsf:[fig/panellayout.ps]
BoundingBox: (117bp,375bp)--(478bp,641bp) =>(268bp,199bp) [157]
Overfull \hbox (33.35739pt too wide) in paragraph at lines 240--240
[] []\\prm11 creates an in-stance of the panel-item class spec-i-fied by \\pit1
1 klass \\prm11 (i.e., \\ptt11 button-item, menu-button-item,

\hbox(7.58998+2.37599)x442.0954, glue set - 1.0
.\hbox(0.0+0.0)x0.0
.\glue 0.0
.\hbox(0.0+0.0)x0.0
..\glue 0.0
..\glue -21.90005
..\glue -5.475
..\hbox(0.0+0.0)x21.90005, glue set 19.15005fil
...\glue 0.0 plus 1.0fil
...\glue 2.75 plus 3.29999 minus 1.09999
..\glue 5.475
.\penalty 0
.\\prm11 c
.etc.

[158]
epsf:[fig/filepanel.ps]
BoundingBox: (116bp,246bp)--(496bp,546bp) =>(268bp,213bp) [159]
epsf:[fig/textviewpanel.ps]
BoundingBox: (56bp,146bp)--(556bp,646bp) =>(199bp,199bp) [160]
Overfull \hbox (29.929pt too wide) in paragraph at lines 402--402
[]           \\ptt11 (if (substringp findstr (send view-window :line i)) (setq 
found i)))[] 

\hbox(7.42499+2.277)x469.47046, glue set - 1.0
.\hbox(0.0+0.0)x0.0
.\penalty 10000
.\glue 6.59999 plus 3.29999 minus 1.09999
.\penalty 10000
.\glue 6.59999 plus 3.29999 minus 1.09999
.etc.


Underfull \vbox (badness 7595) has occurred while \output is active
\vbox(699.93796+0.0)x469.47046, glue set 4.23613
.\glue(\topskip) 2.57501
.\hbox(7.42499+1.584)x469.47046, glue set 311.07068fil
..\hbox(0.0+0.0)x0.0
..\\ptt11 (
..\\ptt11 d
..\\ptt11 e
..\\ptt11 f
..etc.
.\glue(\parskip) 0.0
.\glue(\baselineskip) 4.59102
.\hbox(7.42499+2.277)x469.47046, glue set 60.27103fil
..\hbox(0.0+0.0)x0.0
..\penalty 10000
..\glue 6.59999 plus 3.29999 minus 1.09999
..\\ptt11 (
..\\ptt11 :
..etc.
.etc.

 [161]
[162] [163] [164]
Overfull \hbox (33.22893pt too wide) in paragraph at lines 682--682
[]    \\ptt11 (send-super :create-item button-item "quit" self :quit :font font
-courb14)[] 

\hbox(7.42499+2.277)x469.47046, glue set - 1.0
.\hbox(0.0+0.0)x0.0
.\penalty 10000
.\glue 6.59999 plus 3.29999 minus 1.09999
.\penalty 10000
.\glue 6.59999 plus 3.29999 minus 1.09999
.etc.

epsf:[fig/panelitem.ps]
BoundingBox: (201bp,306bp)--(411bp,486bp) =>(165bp,142bp) [165] [166] [167]
Underfull \vbox (badness 10000) has occurred while \output is active
\vbox(699.93796+0.0)x469.47046
.\write3{\indexentry{:goto}{\thepage }}
.\glue(\topskip) 2.41002
.\hbox(7.58998+2.321)x469.47046, glue set 283.71353fill
..\hbox(0.0+0.0)x0.0
..\\pbf11 :
..\\pbf11 g
..\\pbf11 o
..\\pbf11 t
..etc.
.\penalty -51
.\glue 0.0
.etc.

 [168]
Underfull \vbox (badness 10000) has occurred while \output is active
\vbox(699.93796+0.0)x469.47046
.\glue(\topskip) 2.509
.\hbox(7.491+2.37599)x442.0954, glue set 100.33652fil, shifted 27.37506
..\\prm11 t
..\\prm11 e
..\\prm11 x
..\\prm11 t
..\\prm11 .
..etc.
.\penalty -51
.\glue 0.0
.\glue 8.53581
.etc.

 [169]
[170]) (image.tex [171] [172]
Underfull \vbox (badness 10000) has occurred while \output is active
\vbox(699.93796+0.0)x469.47046
.\glue(\topskip) 2.41002
.\hbox(7.58998+2.37599)x442.0954, glue set - 0.0551, shifted 27.37506
..\hbox(0.0+0.0)x0.0
..\glue 0.0
..\hbox(0.0+0.0)x0.0
...\glue 0.0
...\glue -21.90005
...\glue -5.475
...\hbox(0.0+0.0)x21.90005, glue set 19.15005fil []
...\glue 5.475
..\penalty 0
..\glue 0.0
..etc.
.\penalty 10150
.\glue(\baselineskip) 3.73302
.\hbox(7.491+2.37599)x442.0954, glue set 13.19452fil, shifted 27.37506
..\\prm11 o
..\\prm11 r
..\\prm11 i
..\\prm11 g
..\\prm11 i
..etc.
.etc.

 [173]
[174] [175] [176]
epsf:[fig/block1.edg.ps]
BoundingBox: (50bp,156bp)--(562bp,636bp) =>(271bp,256bp) [177] [178])
(manipulator.tex [179] [180]
Underfull \vbox (badness 10000) has occurred while \output is active
\vbox(699.93796+0.0)x469.47046
.\glue(\topskip) 2.509
.\hbox(7.491+2.37599)x442.0954, glue set 190.04143fil, shifted 27.37506
..\hbox(0.0+0.0)x0.0
..\glue 0.0
..\hbox(0.0+0.0)x0.0
...\glue 0.0
...\glue -21.90005
...\glue -5.475
...\hbox(0.0+0.0)x21.90005, glue set 19.15005fil []
...\glue 5.475
..\penalty 0
..\\prm11 d
..etc.
.\penalty -51
.\glue 0.0
.\glue 8.53581
.etc.

 [181]
Overfull \hbox (31.45879pt too wide) in paragraph at lines 217--217
[] []  \\ptt11 (send eta3 :translate #f(0 0 -100))        ;put back the end-eff
ector by 10cm[] 

\hbox(7.42499+2.277)x469.47046, glue set - 1.0
.\hbox(0.0+0.0)x0.0
.\glue 0.0
.\hbox(0.0+0.0)x0.0
..\glue 0.0
..\glue 0.0
..\glue -5.475
..\hbox(0.0+0.0)x0.0
..\glue 5.475
.\penalty 0
.\glue(\@@jisspaceskip) 10.02383
.etc.


Overfull \hbox (44.65872pt too wide) in paragraph at lines 217--217
[]  \\ptt11 (send eta3 :translate #f(0 0 -100) :world) ;move down the end-effec
tor by 10cm[] 

\hbox(7.42499+2.277)x469.47046, glue set - 1.0
.\hbox(0.0+0.0)x0.0
.\glue(\@@jisspaceskip) 10.02383
.\glue(\@@jasciikanjiskip) 2.50595
.\\ptt11 (
.\\ptt11 s
.etc.


Overfull \hbox (28.82901pt too wide) in paragraph at lines 217--217
[]             \\ptt11 (manipulator-base eta3))  ;move down the end-effector wi
th respect[] 

\hbox(7.42499+2.277)x469.47046, glue set - 1.0
.\hbox(0.0+0.0)x0.0
.\penalty 10000
.\glue 6.59999 plus 3.29999 minus 1.09999
.\penalty 10000
.\glue 6.59999 plus 3.29999 minus 1.09999
.etc.

[182]
epsf:[fig/eta3coords.ps]
BoundingBox: (142bp,167bp)--(549bp,563bp) =>(290bp,284bp)
Underfull \vbox (badness 10000) has occurred while \output is active
\vbox(699.93796+0.0)x469.47046, glue set 6.4412
.\vbox(334.50356+0.0)x469.47046
..\penalty -51
..\glue 12.0 plus 4.0 minus 7.0
..\glue(\parskip) 0.0
..\hbox(284.52756+0.0)x469.47046, glue set 89.62619fil
...\glue(\leftskip) 0.0 plus 1.0fil
...\hbox(0.0+0.0)x0.0
...\glue 0.0
...\hbox(0.0+0.0)x0.0 []
...\penalty 0
...etc.
..\penalty -51
..etc.
.\glue 12.0 plus 2.0 minus 2.0
.\glue -12.0 plus -2.0 minus -2.0
.\glue 20.0 plus 2.0 minus 4.0
.\glue(\topskip) 2.366
.etc.

 [183]
Overfull \hbox (1.32896pt too wide) in paragraph at lines 348--348
[]\\ptt11 (send-all (eta3arm-components eta3) :color 1)  ;change the color of l
ines[] 

\hbox(7.42499+2.277)x469.47046, glue set - 1.0
.\hbox(0.0+0.0)x0.0
.\\ptt11 (
.\\ptt11 s
.\\ptt11 e
.\\ptt11 n
.etc.


Overfull \hbox (12.3291pt too wide) in paragraph at lines 348--348
[]\\ptt11 (send eta3 :set-coords)                        ;refer to the above ex
planation[] 

\hbox(7.42499+2.277)x469.47046, glue set - 1.0
.\hbox(0.0+0.0)x0.0
.\\ptt11 (
.\\ptt11 s
.\\ptt11 e
.\\ptt11 n
.etc.

) (mars-pre.tex [184]
Underfull \hbox (badness 10000) in paragraph at lines 43--50


\hbox(0.0+0.0)x469.47046
.\glue(\rightskip) 0.0

epsf:[fig/mars.eps]
BoundingBox: (16bp,132bp)--(595bp,659bp) =>(174bp,158bp)
epsf:[fig/simst.ps]
BoundingBox: (12bp,549bp)--(476bp,821bp) =>(195bp,122bp)
epsf:[fig/robot-ui2.ps]
BoundingBox: (13bp,629bp)--(475bp,806bp) =>(231bp,88bp)
epsf:[fig/robot-st2.ps]
BoundingBox: (28bp,410bp)--(587bp,685bp) =>(223bp,110bp)
Overfull \hbox (10.27315pt too wide) in paragraph at lines 80--84
 [] 

\hbox(59.84561+54.37062)x469.47046
.\glue(\leftskip) 0.0 plus 1.0fil
.\hbox(59.84561+54.37062)x479.7436
..\mathon
..\vbox(59.84561+54.37062)x479.7436
...\hbox(110.1362+4.08003)x479.7436 []
..\mathoff
.\penalty 10000
.\glue(\parfillskip) 0.0
.\glue(\rightskip) 0.0 plus 1.0fil

[185]) [186] [187] [188

]
No file man.ind.
(man.aux) ) 
Here is how much of TeX's memory you used:
 594 strings out of 3015
 5059 string characters out of 49114
 53592 words of memory out of 262141
 3144 multiletter control sequences out of 9500
 40414 words of font info for 137 fonts, out of 72000 for 511
 14 hyphenation exceptions out of 607
 19i,9n,28p,264b,349s stack positions out of 300i,40n,60p,3000b,4000s

Output written on man.dvi (193 pages, 557608 bytes).
