This is TeX, Version 3.14159 (Web2C 7.3.1) (format=latex 2002.4.24)  14 NOV 2003 11:48
**manual
(manual.tex
LaTeX2e <2000/06/01>
Babel <v3.6Z> and hyphenation patterns for american, french, german, ngerman, n
ohyphenation, loaded.
(/usr/share/texmf/tex/latex/base/latex209.def
File: latex209.def 1998/05/13 v0.52 Standard LaTeX file


          Entering LaTeX 2.09 COMPATIBILITY MODE
 *************************************************************
    !!WARNING!!    !!WARNING!!    !!WARNING!!    !!WARNING!!   
 
 This mode attempts to provide an emulation of the LaTeX 2.09
 author environment so that OLD documents can be successfully
 processed. It should NOT be used for NEW documents!
 
 New documents should use Standard LaTeX conventions and start
 with the \documentclass command.
 
 Compatibility mode is UNLIKELY TO WORK with LaTeX 2.09 style
 files that change any internal macros, especially not with
 those that change the FONT SELECTION or OUTPUT ROUTINES.
 
 Therefore such style files MUST BE UPDATED to use
          Current Standard LaTeX: LaTeX2e.
 If you suspect that you may be using such a style file, which
 is probably very, very old by now, then you should attempt to
 get it updated by sending a copy of this error message to the
 author of that file.
 *************************************************************

\footheight=\dimen102
\@maxsep=\dimen103
\@dblmaxsep=\dimen104
\@cla=\count79
\@clb=\count80
\mscount=\count81
(/usr/share/texmf/tex/latex/base/tracefnt.sty
Package: tracefnt 1997/05/29 v3.0j Standard LaTeX package (font tracing)
\tracingfonts=\count82
LaTeX Info: Redefining \selectfont on input line 96.
)
\symbold=\mathgroup4
\symsans=\mathgroup5
\symtypewriter=\mathgroup6
\symitalic=\mathgroup7
\symsmallcaps=\mathgroup8
\symslanted=\mathgroup9
LaTeX Font Info:    Redeclaring math alphabet \mathbf on input line 288.
LaTeX Font Info:    Redeclaring math alphabet \mathsf on input line 289.
LaTeX Font Info:    Redeclaring math alphabet \mathtt on input line 290.
LaTeX Font Info:    Redeclaring math alphabet \mathit on input line 296.
LaTeX Info: Redefining \em on input line 306.

(/usr/share/texmf/tex/latex/base/latexsym.sty
Package: latexsym 1998/08/17 v2.2e Standard LaTeX package (lasy symbols)
\symlasy=\mathgroup10
LaTeX Font Info:    Overwriting symbol font `lasy' in version `bold'
(Font)                  U/lasy/m/n --> U/lasy/b/n on input line 42.
)
LaTeX Font Info:    Redeclaring math delimiter \lgroup on input line 370.
LaTeX Font Info:    Redeclaring math delimiter \rgroup on input line 372.
LaTeX Font Info:    Redeclaring math delimiter \bracevert on input line 374.

(/usr/share/texmf/tex/latex/config/latex209.cfg)
(/usr/share/texmf/tex/latex/tools/rawfonts.sty
Package: rawfonts 1994/05/08 Low-level LaTeX 2.09 font compatibility

(/usr/share/texmf/tex/latex/tools/somedefs.sty
Package: somedefs 1994/06/01 Toolkit for optional definitions
)
LaTeX Font Info:    Try loading font information for U+lasy on input line 44.

(/usr/share/texmf/tex/latex/base/ulasy.fd
File: ulasy.fd 1998/08/17 v2.2eLaTeX symbol font definitions
)))
(/usr/share/texmf/tex/latex/base/article.cls
Document Class: article 2000/05/19 v1.4b Standard LaTeX document class
(/usr/share/texmf/tex/latex/base/size10.clo
File: size10.clo 2000/05/19 v1.4b Standard LaTeX file (size option)
)
\c@part=\count83
\c@section=\count84
\c@subsection=\count85
\c@subsubsection=\count86
\c@paragraph=\count87
\c@subparagraph=\count88
\c@figure=\count89
\c@table=\count90
\abovecaptionskip=\skip41
\belowcaptionskip=\skip42
Compatibility mode: definition of \rm ignored.
Compatibility mode: definition of \sf ignored.
Compatibility mode: definition of \tt ignored.
Compatibility mode: definition of \bf ignored.
Compatibility mode: definition of \it ignored.
Compatibility mode: definition of \sl ignored.
Compatibility mode: definition of \sc ignored.
LaTeX Info: Redefining \cal on input line 501.
LaTeX Info: Redefining \mit on input line 502.
\bibindent=\dimen105
)
(/usr/share/texmf/tex/latex/base/makeidx.sty
Package: makeidx 2000/03/29 v1.0m Standard LaTeX package
)
(/usr/share/texmf/tex/plain/dvips/epsf.tex
This is `epsf.tex' v2.7k <10 July 1997>
\epsffilein=\read1
\epsfframemargin=\dimen106
\epsfframethickness=\dimen107
\epsfrsize=\dimen108
\epsftmp=\dimen109
\epsftsize=\dimen110
\epsfxsize=\dimen111
\epsfysize=\dimen112
\pspoints=\dimen113
\epsfnoopenhelp=\toks14
) (mytabbing.sty)
\@indexfile=\write3
\openout3 = `manual.idx'.


Writing index file manual.idx
(manual.aux)
\openout1 = `manual.aux'.

LaTeX Font Info:    Checking defaults for OML/cmm/m/it on input line 43.
LaTeX Font Info:    ... okay on input line 43.
LaTeX Font Info:    Checking defaults for T1/cmr/m/n on input line 43.
LaTeX Font Info:    ... okay on input line 43.
LaTeX Font Info:    Checking defaults for OT1/cmr/m/n on input line 43.
LaTeX Font Info:    ... okay on input line 43.
LaTeX Font Info:    Checking defaults for OMS/cmsy/m/n on input line 43.
LaTeX Font Info:    ... okay on input line 43.
LaTeX Font Info:    Checking defaults for OMX/cmex/m/n on input line 43.
LaTeX Font Info:    ... okay on input line 43.
LaTeX Font Info:    Checking defaults for U/cmr/m/n on input line 43.
LaTeX Font Info:    ... okay on input line 43.
LaTeX Font Info:    External font `cmex10' loaded for size
(Font)              <12> on input line 133.
LaTeX Font Info:    External font `cmex10' loaded for size
(Font)              <8> on input line 133.
LaTeX Font Info:    External font `cmex10' loaded for size
(Font)              <6> on input line 133.
 [0

] (manual.toc
LaTeX Font Info:    External font `cmex10' loaded for size
(Font)              <7> on input line 3.
LaTeX Font Info:    External font `cmex10' loaded for size
(Font)              <5> on input line 3.
 [1] [2] [3])
\tf@toc=\write4
\openout4 = `manual.toc'.

 [4] (intro.tex [1] [2] [3]
(manual.bbl [4]
Missing character: There is no ^^be in font cmr10!
Missing character: There is no ^^be in font cmr10!
Missing character: There is no ^^b0 in font cmr10!
Missing character: There is no ^^e6 in font cmr10!
Missing character: There is no ^^bd in font cmr10!
Missing character: There is no ^^d3 in font cmr10!
Missing character: There is no ^^b9 in font cmr10!
Missing character: There is no ^^c0 in font cmr10!
Missing character: There is no ^^a5 in font cmr10!
Missing character: There is no ^^aa in font cmr10!
Missing character: There is no ^^a5 in font cmr10!
Missing character: There is no ^^d6 in font cmr10!
Missing character: There is no ^^a5 in font cmr10!
Missing character: There is no ^^b8 in font cmr10!
Missing character: There is no ^^a5 in font cmr10!
Missing character: There is no ^^a7 in font cmr10!
Missing character: There is no ^^a5 in font cmr10!
Missing character: There is no ^^af in font cmr10!
Missing character: There is no ^^a5 in font cmr10!
Missing character: There is no ^^c8 in font cmr10!
Missing character: There is no ^^bb in font cmr10!
Missing character: There is no ^^d8 in font cmr10!
Missing character: There is no ^^b8 in font cmr10!
Missing character: There is no ^^fe in font cmr10!
Missing character: There is no ^^a4 in font cmr10!
Missing character: There is no ^^cb in font cmr10!
Missing character: There is no ^^b4 in font cmr10!
Missing character: There is no ^^f0 in font cmr10!
Missing character: There is no ^^a4 in font cmr10!
Missing character: There is no ^^c5 in font cmr10!
Missing character: There is no ^^a4 in font cmr10!
Missing character: There is no ^^af in font cmr10!
Missing character: There is no ^^a4 in font cmr10!
Missing character: There is no ^^ce in font cmr10!
Missing character: There is no ^^bc in font cmr10!
Missing character: There is no ^^c2 in font cmr10!
Missing character: There is no ^^b8 in font cmr10!
Missing character: There is no ^^bd in font cmr10!
Missing character: There is no ^^c5 in font cmti10!
Missing character: There is no ^^c5 in font cmti10!
Missing character: There is no ^^bb in font cmti10!
Missing character: There is no ^^d2 in font cmti10!
Missing character: There is no ^^b5 in font cmti10!
Missing character: There is no ^^bb in font cmti10!
Missing character: There is no ^^bd in font cmti10!
Missing character: There is no ^^d1 in font cmti10!
Missing character: There is no ^^c1 in font cmti10!
Missing character: There is no ^^ed in font cmti10!
Missing character: There is no ^^b9 in font cmti10!
Missing character: There is no ^^e7 in font cmti10!
Missing character: There is no ^^b8 in font cmti10!
Missing character: There is no ^^a6 in font cmti10!
Missing character: There is no ^^b5 in font cmti10!
Missing character: There is no ^^e6 in font cmti10!
Missing character: There is no ^^bd in font cmti10!
Missing character: There is no ^^ea in font cmti10!
Missing character: There is no ^^d7 in font cmti10!
Missing character: There is no ^^c3 in font cmti10!
Missing character: There is no ^^ca in font cmti10!
Missing character: There is no ^^f3 in font cmti10!
Missing character: There is no ^^be in font cmr10!
Missing character: There is no ^^be in font cmr10!
Missing character: There is no ^^b0 in font cmr10!
Missing character: There is no ^^e6 in font cmr10!
Missing character: There is no ^^bd in font cmr10!
Missing character: There is no ^^d3 in font cmr10!
Missing character: There is no ^^b9 in font cmr10!
Missing character: There is no ^^c0 in font cmr10!
Missing character: There is no ^^a5 in font cmr10!
Missing character: There is no ^^aa in font cmr10!
Missing character: There is no ^^a5 in font cmr10!
Missing character: There is no ^^d6 in font cmr10!
Missing character: There is no ^^a5 in font cmr10!
Missing character: There is no ^^b8 in font cmr10!
Missing character: There is no ^^a5 in font cmr10!
Missing character: There is no ^^a7 in font cmr10!
Missing character: There is no ^^a5 in font cmr10!
Missing character: There is no ^^af in font cmr10!
Missing character: There is no ^^a5 in font cmr10!
Missing character: There is no ^^c8 in font cmr10!
Missing character: There is no ^^bb in font cmr10!
Missing character: There is no ^^d8 in font cmr10!
Missing character: There is no ^^b8 in font cmr10!
Missing character: There is no ^^fe in font cmr10!
Missing character: There is no ^^b7 in font cmr10!
Missing character: There is no ^^bf in font cmr10!
Missing character: There is no ^^a5 in font cmr10!
Missing character: There is no ^^e2 in font cmr10!
Missing character: There is no ^^a5 in font cmr10!
Missing character: There is no ^^c7 in font cmr10!
Missing character: There is no ^^a5 in font cmr10!
Missing character: There is no ^^eb in font cmr10!
Missing character: There is no ^^a4 in font cmr10!
Missing character: There is no ^^cb in font cmr10!
Missing character: There is no ^^b4 in font cmr10!
Missing character: There is no ^^f0 in font cmr10!
Missing character: There is no ^^a4 in font cmr10!
Missing character: There is no ^^c5 in font cmr10!
Missing character: There is no ^^a4 in font cmr10!
Missing character: There is no ^^af in font cmr10!
Missing character: There is no ^^a5 in font cmr10!
Missing character: There is no ^^ed in font cmr10!
Missing character: There is no ^^a5 in font cmr10!
Missing character: There is no ^^dc in font cmr10!
Missing character: There is no ^^a5 in font cmr10!
Missing character: There is no ^^c3 in font cmr10!
Missing character: There is no ^^a5 in font cmr10!
Missing character: There is no ^^c8 in font cmr10!
Missing character: There is no ^^a5 in font cmr10!
Missing character: There is no ^^d7 in font cmr10!
Missing character: There is no ^^a5 in font cmr10!
Missing character: There is no ^^ed in font cmr10!
Missing character: There is no ^^a5 in font cmr10!
Missing character: There is no ^^b0 in font cmr10!
Missing character: There is no ^^a5 in font cmr10!
Missing character: There is no ^^e9 in font cmr10!
Missing character: There is no ^^a5 in font cmr10!
Missing character: There is no ^^df in font cmr10!
Missing character: There is no ^^a5 in font cmr10!
Missing character: There is no ^^f3 in font cmr10!
Missing character: There is no ^^a5 in font cmr10!
Missing character: There is no ^^b0 in font cmr10!
Missing character: There is no ^^a5 in font cmr10!
Missing character: There is no ^^b7 in font cmr10!
Missing character: There is no ^^a5 in font cmr10!
Missing character: There is no ^^b9 in font cmr10!
Missing character: There is no ^^a5 in font cmr10!
Missing character: There is no ^^c6 in font cmr10!
Missing character: There is no ^^a5 in font cmr10!
Missing character: There is no ^^e0 in font cmr10!
Missing character: There is no ^^a4 in font cmr10!
Missing character: There is no ^^ce in font cmr10!
Missing character: There is no ^^b8 in font cmr10!
Missing character: There is no ^^a6 in font cmr10!
Missing character: There is no ^^b5 in font cmr10!
Missing character: There is no ^^e6 in font cmr10!
Missing character: There is no ^^be in font cmr10!
Missing character: There is no ^^be in font cmr10!
Missing character: There is no ^^b0 in font cmr10!
Missing character: There is no ^^e6 in font cmr10!
Missing character: There is no ^^bd in font cmr10!
Missing character: There is no ^^d3 in font cmr10!
Missing character: There is no ^^b9 in font cmr10!
Missing character: There is no ^^c0 in font cmr10!
Missing character: There is no ^^b0 in font cmr10!
Missing character: There is no ^^f0 in font cmr10!
Missing character: There is no ^^cd in font cmr10!
Missing character: There is no ^^d5 in font cmr10!
Missing character: There is no ^^b2 in font cmr10!
Missing character: There is no ^^ed in font cmr10!
Missing character: There is no ^^b9 in font cmr10!
Missing character: There is no ^^ac in font cmr10!
Missing character: There is no ^^a5 in font cmr10!
Missing character: There is no ^^aa in font cmr10!
Missing character: There is no ^^a5 in font cmr10!
Missing character: There is no ^^d6 in font cmr10!
Missing character: There is no ^^a5 in font cmr10!
Missing character: There is no ^^b8 in font cmr10!
Missing character: There is no ^^a5 in font cmr10!
Missing character: There is no ^^a7 in font cmr10!
Missing character: There is no ^^a5 in font cmr10!
Missing character: There is no ^^af in font cmr10!
Missing character: There is no ^^a5 in font cmr10!
Missing character: There is no ^^c8 in font cmr10!
Missing character: There is no ^^bb in font cmr10!
Missing character: There is no ^^d8 in font cmr10!
Missing character: There is no ^^b8 in font cmr10!
Missing character: There is no ^^fe in font cmr10!
Missing character: There is no ^^a4 in font cmr10!
Missing character: There is no ^^cb in font cmr10!
Missing character: There is no ^^b4 in font cmr10!
Missing character: There is no ^^f0 in font cmr10!
Missing character: There is no ^^a4 in font cmr10!
Missing character: There is no ^^c5 in font cmr10!
Missing character: There is no ^^a4 in font cmr10!
Missing character: There is no ^^af in font cmr10!
Missing character: There is no ^^a4 in font cmr10!
Missing character: There is no ^^ce in font cmr10!
Missing character: There is no ^^bc in font cmr10!
Missing character: There is no ^^c2 in font cmr10!
Missing character: There is no ^^b8 in font cmr10!
Missing character: There is no ^^bd in font cmr10!
Missing character: There is no ^^a4 in font cmr10!
Missing character: There is no ^^c8 in font cmr10!
Missing character: There is no ^^b4 in font cmr10!
Missing character: There is no ^^f6 in font cmr10!
Missing character: There is no ^^b2 in font cmr10!
Missing character: There is no ^^bf in font cmr10!
Missing character: There is no ^^a5 in font cmr10!
Missing character: There is no ^^e2 in font cmr10!
Missing character: There is no ^^a5 in font cmr10!
Missing character: There is no ^^c7 in font cmr10!
Missing character: There is no ^^a5 in font cmr10!
Missing character: There is no ^^e9 in font cmr10!
Missing character: There is no ^^a4 in font cmr10!
Missing character: There is no ^^d8 in font cmr10!
Missing character: There is no ^^a4 in font cmr10!
Missing character: There is no ^^ce in font cmr10!
Missing character: There is no ^^b1 in font cmr10!
Missing character: There is no ^^fe in font cmr10!
Missing character: There is no ^^cd in font cmr10!
Missing character: There is no ^^d1 in font cmr10!
Missing character: There is no ^^be in font cmti10!
Missing character: There is no ^^f0 in font cmti10!
Missing character: There is no ^^ca in font cmti10!
Missing character: There is no ^^f3 in font cmti10!
Missing character: There is no ^^bd in font cmti10!
Missing character: There is no ^^e8 in font cmti10!
Missing character: There is no ^^cd in font cmti10!
Missing character: There is no ^^fd in font cmti10!
Missing character: There is no ^^b3 in font cmti10!
Missing character: There is no ^^d8 in font cmti10!
Missing character: There is no ^^b2 in font cmti10!
Missing character: There is no ^^f1 in font cmti10!
Missing character: There is no ^^b5 in font cmti10!
Missing character: There is no ^^ad in font cmti10!
Missing character: There is no ^^b9 in font cmti10!
Missing character: There is no ^^e6 in font cmti10!
Missing character: There is no ^^bd in font cmti10!
Missing character: There is no ^^e8 in font cmti10!
Missing character: There is no ^^cd in font cmti10!
Missing character: There is no ^^fd in font cmti10!
Missing character: There is no ^^b8 in font cmti10!
Missing character: There is no ^^a6 in font cmti10!
Missing character: There is no ^^b5 in font cmti10!
Missing character: There is no ^^e6 in font cmti10!
Missing character: There is no ^^b2 in font cmti10!
Missing character: There is no ^^f1 in font cmti10!
Missing character: There is no ^^be in font cmr10!
Missing character: There is no ^^be in font cmr10!
Missing character: There is no ^^b0 in font cmr10!
Missing character: There is no ^^e6 in font cmr10!
Missing character: There is no ^^bd in font cmr10!
Missing character: There is no ^^d3 in font cmr10!
Missing character: There is no ^^b9 in font cmr10!
Missing character: There is no ^^c0 in font cmr10!
Missing character: There is no ^^b8 in font cmr10!
Missing character: There is no ^^b6 in font cmr10!
Missing character: There is no ^^b8 in font cmr10!
Missing character: There is no ^^f9 in font cmr10!
Missing character: There is no ^^a5 in font cmr10!
Missing character: There is no ^^de in font cmr10!
Missing character: There is no ^^a5 in font cmr10!
Missing character: There is no ^^eb in font cmr10!
Missing character: There is no ^^a5 in font cmr10!
Missing character: There is no ^^c1 in font cmr10!
Missing character: There is no ^^a5 in font cmr10!
Missing character: There is no ^^b9 in font cmr10!
Missing character: There is no ^^a5 in font cmr10!
Missing character: There is no ^^ec in font cmr10!
Missing character: There is no ^^a5 in font cmr10!
Missing character: There is no ^^c3 in font cmr10!
Missing character: There is no ^^a5 in font cmr10!
Missing character: There is no ^^c9 in font cmr10!
Missing character: There is no ^^a4 in font cmr10!
Missing character: There is no ^^ce in font cmr10!
Missing character: There is no ^^ca in font cmr10!
Missing character: There is no ^^c2 in font cmr10!
Missing character: There is no ^^ce in font cmr10!
Missing character: There is no ^^f3 in font cmr10!
Missing character: There is no ^^a1 in font cmr10!
Missing character: There is no ^^a6 in font cmr10!
Missing character: There is no ^^c8 in font cmr10!
Missing character: There is no ^^f3 in font cmr10!
Missing character: There is no ^^c6 in font cmr10!
Missing character: There is no ^^b1 in font cmr10!
Missing character: There is no ^^b4 in font cmr10!
Missing character: There is no ^^fc in font cmr10!
Missing character: There is no ^^a5 in font cmr10!
Missing character: There is no ^^d7 in font cmr10!
Missing character: There is no ^^a5 in font cmr10!
Missing character: There is no ^^ed in font cmr10!
Missing character: There is no ^^a5 in font cmr10!
Missing character: There is no ^^b0 in font cmr10!
Missing character: There is no ^^a5 in font cmr10!
Missing character: There is no ^^e9 in font cmr10!
Missing character: There is no ^^a5 in font cmr10!
Missing character: There is no ^^df in font cmr10!
Missing character: There is no ^^a5 in font cmr10!
Missing character: There is no ^^f3 in font cmr10!
Missing character: There is no ^^a5 in font cmr10!
Missing character: There is no ^^b0 in font cmr10!
Missing character: There is no ^^b5 in font cmr10!
Missing character: There is no ^^a1 in font cmr10!
Missing character: There is no ^^c7 in font cmr10!
Missing character: There is no ^^bd in font cmr10!
Missing character: There is no ^^c6 in font cmti10!
Missing character: There is no ^^fc in font cmti10!
Missing character: There is no ^^cb in font cmti10!
Missing character: There is no ^^dc in font cmti10!
Missing character: There is no ^^a5 in font cmti10!
Missing character: There is no ^^ed in font cmti10!
Missing character: There is no ^^a5 in font cmti10!
Missing character: There is no ^^dc in font cmti10!
Missing character: There is no ^^a5 in font cmti10!
Missing character: There is no ^^c3 in font cmti10!
Missing character: There is no ^^a5 in font cmti10!
Missing character: There is no ^^c8 in font cmti10!
Missing character: There is no ^^b3 in font cmti10!
Missing character: There is no ^^d8 in font cmti10!
Missing character: There is no ^^b2 in font cmti10!
Missing character: There is no ^^f1 in font cmti10!
Missing character: There is no ^^c2 in font cmti10!
Missing character: There is no ^^e8 in font cmti10!
Missing character: There is no ^^b2 in font cmti10!
Missing character: There is no ^^f3 in font cmti10!
Missing character: There is no ^^b3 in font cmti10!
Missing character: There is no ^^d8 in font cmti10!
Missing character: There is no ^^bd in font cmti10!
Missing character: There is no ^^d1 in font cmti10!
Missing character: There is no ^^b9 in font cmti10!
Missing character: There is no ^^d6 in font cmti10!
Missing character: There is no ^^b1 in font cmti10!
Missing character: There is no ^^e9 in font cmti10!
Missing character: There is no ^^b2 in font cmti10!
Missing character: There is no ^^f1 in font cmti10!
Missing character: There is no ^^c8 in font cmr10!
Missing character: There is no ^^e6 in font cmr10!
Missing character: There is no ^^ce in font cmr10!
Missing character: There is no ^^b1 in font cmr10!
Missing character: There is no ^^c0 in font cmr10!
Missing character: There is no ^^ee in font cmr10!
Missing character: There is no ^^c7 in font cmr10!
Missing character: There is no ^^ee in font cmr10!
Missing character: There is no ^^b5 in font cmr10!
Missing character: There is no ^^d7 in font cmr10!
Missing character: There is no ^^be in font cmr10!
Missing character: There is no ^^be in font cmr10!
Missing character: There is no ^^b0 in font cmr10!
Missing character: There is no ^^e6 in font cmr10!
Missing character: There is no ^^bd in font cmr10!
Missing character: There is no ^^d3 in font cmr10!
Missing character: There is no ^^b9 in font cmr10!
Missing character: There is no ^^c0 in font cmr10!
Missing character: There is no ^^b9 in font cmr10!
Missing character: There is no ^^e2 in font cmr10!
Missing character: There is no ^^c0 in font cmr10!
Missing character: There is no ^^a5 in font cmr10!
Missing character: There is no ^^d4 in font cmr10!
Missing character: There is no ^^a2 in font cmr10!
Missing character: There is no ^^b9 in font cmr10!
Missing character: There is no ^^ee in font cmr10!
Missing character: There is no ^^c2 in font cmr10!
Missing character: There is no ^^bf in font cmr10!
Missing character: There is no ^^cc in font cmr10!
Missing character: There is no ^^cc in font cmr10!
Missing character: There is no ^^c2 in font cmr10!
Missing character: There is no ^^ce in font cmr10!
Missing character: There is no ^^b4 in font cmr10!
Missing character: There is no ^^d6 in font cmr10!
Missing character: There is no ^^a4 in font cmr10!
Missing character: There is no ^^ce in font cmr10!
Missing character: There is no ^^c0 in font cmr10!
Missing character: There is no ^^dc in font cmr10!
Missing character: There is no ^^bf in font cmr10!
Missing character: There is no ^^a8 in font cmr10!
Missing character: There is no ^^a4 in font cmr10!
Missing character: There is no ^^cb in font cmr10!
Missing character: There is no ^^a4 in font cmr10!
Missing character: There is no ^^e8 in font cmr10!
Missing character: There is no ^^a4 in font cmr10!
Missing character: There is no ^^eb in font cmr10!
Missing character: There is no ^^b9 in font cmr10!
Missing character: There is no ^^b4 in font cmr10!
Missing character: There is no ^^c2 in font cmr10!
Missing character: There is no ^^ab in font cmr10!
Missing character: There is no ^^be in font cmr10!
Missing character: There is no ^^f2 in font cmr10!
Missing character: There is no ^^b7 in font cmr10!
Missing character: There is no ^^ef in font cmr10!
Missing character: There is no ^^a4 in font cmr10!
Missing character: There is no ^^ce in font cmr10!
Missing character: There is no ^^b9 in font cmr10!
Missing character: There is no ^^e2 in font cmr10!
Missing character: There is no ^^c2 in font cmr10!
Missing character: There is no ^^ae in font cmr10!
Missing character: There is no ^^b2 in font cmr10!
Missing character: There is no ^^f2 in font cmr10!
Missing character: There is no ^^cb in font cmr10!
Missing character: There is no ^^a1 in font cmr10!
Missing character: There is no ^^a4 in font cmr10!
Missing character: There is no ^^c8 in font cmr10!
Missing character: There is no ^^a4 in font cmr10!
Missing character: There is no ^^bd in font cmr10!
Missing character: There is no ^^a4 in font cmr10!
Missing character: There is no ^^ce in font cmr10!
Missing character: There is no ^^ce in font cmr10!
Missing character: There is no ^^a5 in font cmr10!
Missing character: There is no ^^c3 in font cmr10!
Missing character: There is no ^^a6 in font cmr10!
Missing character: There is no ^^c6 in font cmr10!
Missing character: There is no ^^b0 in font cmr10!
Missing character: There is no ^^ba in font cmr10!
Missing character: There is no ^^ee in font cmr10!
Missing character: There is no ^^b7 in font cmr10!
Missing character: There is no ^^d7 in font cmr10!
Missing character: There is no ^^b2 in font cmr10!
Missing character: There is no ^^e8 in font cmr10!
Missing character: There is no ^^a4 in font cmr10!
Missing character: There is no ^^d8 in font cmr10!
Missing character: There is no ^^a4 in font cmr10!
Missing character: There is no ^^ce in font cmr10!
Missing character: There is no ^^b1 in font cmr10!
Missing character: There is no ^^fe in font cmr10!
Missing character: There is no ^^cd in font cmr10!
Missing character: There is no ^^d1 in font cmr10!
Missing character: There is no ^^c6 in font cmti10!
Missing character: There is no ^^fc in font cmti10!
Missing character: There is no ^^cb in font cmti10!
Missing character: There is no ^^dc in font cmti10!
Missing character: There is no ^^a5 in font cmti10!
Missing character: There is no ^^ed in font cmti10!
Missing character: There is no ^^a5 in font cmti10!
Missing character: There is no ^^dc in font cmti10!
Missing character: There is no ^^a5 in font cmti10!
Missing character: There is no ^^c3 in font cmti10!
Missing character: There is no ^^a5 in font cmti10!
Missing character: There is no ^^c8 in font cmti10!
Missing character: There is no ^^b3 in font cmti10!
Missing character: There is no ^^d8 in font cmti10!
Missing character: There is no ^^b2 in font cmti10!
Missing character: There is no ^^f1 in font cmti10!
Missing character: There is no ^^bb in font cmti10!
Missing character: There is no ^^ef in font cmti10!
Missing character: There is no ^^c8 in font cmr10!
Missing character: There is no ^^e6 in font cmr10!
Missing character: There is no ^^ce in font cmr10!
Missing character: There is no ^^b1 in font cmr10!
Missing character: There is no ^^c0 in font cmr10!
Missing character: There is no ^^ee in font cmr10!
Missing character: There is no ^^c7 in font cmr10!
Missing character: There is no ^^ee in font cmr10!
Missing character: There is no ^^b5 in font cmr10!
Missing character: There is no ^^d7 in font cmr10!
Missing character: There is no ^^be in font cmr10!
Missing character: There is no ^^be in font cmr10!
Missing character: There is no ^^b0 in font cmr10!
Missing character: There is no ^^e6 in font cmr10!
Missing character: There is no ^^bd in font cmr10!
Missing character: There is no ^^d3 in font cmr10!
Missing character: There is no ^^b9 in font cmr10!
Missing character: There is no ^^c0 in font cmr10!
Missing character: There is no ^^b9 in font cmr10!
Missing character: There is no ^^e2 in font cmr10!
Missing character: There is no ^^c0 in font cmr10!
Missing character: There is no ^^a5 in font cmr10!
Missing character: There is no ^^d4 in font cmr10!
Missing character: There is no ^^a2 in font cmr10!
Missing character: There is no ^^b9 in font cmr10!
Missing character: There is no ^^ee in font cmr10!
Missing character: There is no ^^c2 in font cmr10!
Missing character: There is no ^^bf in font cmr10!
Missing character: There is no ^^cc in font cmr10!
Missing character: There is no ^^cc in font cmr10!
Missing character: There is no ^^c2 in font cmr10!
Missing character: There is no ^^ce in font cmr10!
Missing character: There is no ^^b4 in font cmr10!
Missing character: There is no ^^d6 in font cmr10!
Missing character: There is no ^^a4 in font cmr10!
Missing character: There is no ^^ce in font cmr10!
Missing character: There is no ^^c0 in font cmr10!
Missing character: There is no ^^dc in font cmr10!
Missing character: There is no ^^bf in font cmr10!
Missing character: There is no ^^a8 in font cmr10!
Missing character: There is no ^^a4 in font cmr10!
Missing character: There is no ^^cb in font cmr10!
Missing character: There is no ^^a4 in font cmr10!
Missing character: There is no ^^e8 in font cmr10!
Missing character: There is no ^^a4 in font cmr10!
Missing character: There is no ^^eb in font cmr10!
Missing character: There is no ^^b9 in font cmr10!
Missing character: There is no ^^b4 in font cmr10!
Missing character: There is no ^^c2 in font cmr10!
Missing character: There is no ^^ab in font cmr10!
Missing character: There is no ^^be in font cmr10!
Missing character: There is no ^^f2 in font cmr10!
Missing character: There is no ^^b7 in font cmr10!
Missing character: There is no ^^ef in font cmr10!
Missing character: There is no ^^a4 in font cmr10!
Missing character: There is no ^^f2 in font cmr10!
Missing character: There is no ^^b4 in font cmr10!
Missing character: There is no ^^f6 in font cmr10!
Missing character: There is no ^^b2 in font cmr10!
Missing character: There is no ^^bf in font cmr10!
Missing character: There is no ^^a5 in font cmr10!
Missing character: There is no ^^e2 in font cmr10!
Missing character: There is no ^^a5 in font cmr10!
Missing character: There is no ^^c7 in font cmr10!
Missing character: There is no ^^a5 in font cmr10!
Missing character: There is no ^^eb in font cmr10!
Missing character: There is no ^^a4 in font cmr10!
Missing character: There is no ^^ab in font cmr10!
Missing character: There is no ^^a4 in font cmr10!
Missing character: There is no ^^e9 in font cmr10!
Missing character: There is no ^^c6 in font cmr10!
Missing character: There is no ^^b3 in font cmr10!
Missing character: There is no ^^bd in font cmr10!
Missing character: There is no ^^d0 in font cmr10!
Missing character: There is no ^^a4 in font cmr10!
Missing character: There is no ^^b9 in font cmr10!
Missing character: There is no ^^a4 in font cmr10!
Missing character: There is no ^^eb in font cmr10!
Missing character: There is no ^^b0 in font cmr10!
Missing character: There is no ^^ec in font cmr10!
Missing character: There is no ^^c8 in font cmr10!
Missing character: There is no ^^cc in font cmr10!
Missing character: There is no ^^c5 in font cmr10!
Missing character: There is no ^^aa in font cmr10!
Missing character: There is no ^^a4 in font cmr10!
Missing character: There is no ^^ca in font cmr10!
Missing character: There is no ^^a5 in font cmr10!
Missing character: There is no ^^a2 in font cmr10!
Missing character: There is no ^^a5 in font cmr10!
Missing character: There is no ^^eb in font cmr10!
Missing character: There is no ^^a5 in font cmr10!
Missing character: There is no ^^b4 in font cmr10!
Missing character: There is no ^^a5 in font cmr10!
Missing character: There is no ^^ea in font cmr10!
Missing character: There is no ^^a5 in font cmr10!
Missing character: There is no ^^ba in font cmr10!
Missing character: There is no ^^a5 in font cmr10!
Missing character: There is no ^^e0 in font cmr10!
Missing character: There is no ^^c6 in font cmti10!
Missing character: There is no ^^fc in font cmti10!
Missing character: There is no ^^cb in font cmti10!
Missing character: There is no ^^dc in font cmti10!
Missing character: There is no ^^a5 in font cmti10!
Missing character: There is no ^^ed in font cmti10!
Missing character: There is no ^^a5 in font cmti10!
Missing character: There is no ^^dc in font cmti10!
Missing character: There is no ^^a5 in font cmti10!
Missing character: There is no ^^c3 in font cmti10!
Missing character: There is no ^^a5 in font cmti10!
Missing character: There is no ^^c8 in font cmti10!
Missing character: There is no ^^b3 in font cmti10!
Missing character: There is no ^^d8 in font cmti10!
Missing character: There is no ^^b2 in font cmti10!
Missing character: There is no ^^f1 in font cmti10!
Missing character: There is no ^^bb in font cmti10!
Missing character: There is no ^^ef in font cmti10!
) [5]) (generals.tex [6] [7] [8] [9] [10] [11] [12] [13]
LaTeX Font Info:    Try loading font information for OMS+cmtt on input line 603
.
LaTeX Font Info:    No file OMScmtt.fd. on input line 603.
LaTeX Font Warning: Font shape `OMS/cmtt/m/n' undefined
(Font)              using `OMS/cmsy/m/n' instead
(Font)              for symbol `textbraceleft' on input line 603.

[14] [15]) (controls.tex
LaTeX Font Info:    Try loading font information for OMS+cmr on input line 12.
 (/usr/share/texmf/tex/latex/base/omscmr.fd
File: omscmr.fd 1999/05/25 v2.5h Standard LaTeX font definitions
)
LaTeX Font Info:    Font shape `OMS/cmr/m/it' in size <10> not available
(Font)              Font shape `OMS/cmsy/m/n' tried instead on input line 12.
 [16]
[17] [18] [19]) (objects.tex [20] [21]
Underfull \vbox (badness 1087) has occurred while \output is active []

 [22]
Underfull \vbox (badness 10000) has occurred while \output is active []

 [23]
[24]) (arith.tex [25] [26] [27] [28] [29]) (symbols.tex
Underfull \vbox (badness 2662) has occurred while \output is active []

 [30]
[31] [32] [33]) (sequences.tex
Underfull \vbox (badness 10000) has occurred while \output is active []

 [34]
Underfull \vbox (badness 10000) has occurred while \output is active []

 [35]
[36]
Underfull \vbox (badness 10000) has occurred while \output is active []

 [37]
Underfull \vbox (badness 10000) has occurred while \output is active []

 [38]
[39]
Underfull \vbox (badness 1694) has occurred while \output is active []

 [40]
[41]
Underfull \vbox (badness 10000) has occurred while \output is active []

 [42]
[43] [44] [45]) (text.tex [46]) (datetime.tex [47]) (io.tex [48] [49] [50]
[51] [52] [53] [54] [55] [56] [57]
Overfull \hbox (69.20421pt too wide) in paragraph at lines 739--744
\OT1/cmr/m/n/10 com-po-nents; pro-to-col, server, port, di-rec-to-ries, file-na
me, and file-type, like []\OT1/cmtt/m/n/10 http://shock2.etl.go.jp/matsui/index
.html\OT1/cmr/m/n/10 . 
 []

[58] [59] [60]) (evaluation.tex
Underfull \vbox (badness 10000) has occurred while \output is active []

 [61]
Overfull \hbox (0.75337pt too wide) in paragraph at lines 145--150
[]\OT1/cmr/m/n/10 In the mul-ti-thread Eu-sLisp, spe-cial vari-ables are shared
 among threads and the same \OT1/cmr/bx/n/10 *error-handler*
 []

[62]
Overfull \hbox (27.31917pt too wide) in paragraph at lines 217--220
[]\OT1/cmr/m/n/10 Note that Xwin-dow event han-dlers are de-fined to use the \O
T1/cmtt/m/n/10 *top-selector* \OT1/cmr/m/n/10 im-plic-itly when \OT1/cmtt/m/n/1
0 USE[]TOP[]SELECTOR
 []


Underfull \vbox (badness 10000) has occurred while \output is active []

 [63]
[64]
Overfull \hbox (20.34193pt too wide) in paragraph at lines 362--366
\OT1/cmtt/m/n/10 *eusdir*/c \OT1/cmr/m/n/10 di-rec-tory. \OT1/cmtt/m/n/10 *eusd
ir* \OT1/cmr/m/n/10 is copied from the \OT1/cmtt/m/n/10 EUSDIR \OT1/cmr/m/n/10 
en-vi-ron-ment vari-able. If none is set, \OT1/cmtt/m/n/10 /usr/local/eus/
 []


Underfull \vbox (badness 10000) has occurred while \output is active []

 [65]
[66]
Overfull \hbox (80.08076pt too wide) in paragraph at lines 525--525
\OT1/cmtt/m/n/10 "/user/eus/llib/math.o", "/usr/lisp/llib/math.o", "/user/eus/l
lib/math.l" \OT1/cmr/m/n/10 and \OT1/cmtt/m/n/10 "/usr/lisp/llib/math.l"
 []

[67] [68]
Underfull \vbox (badness 3199) has occurred while \output is active []

 [69]
[70] [71] [72]) (sysfunc.tex [73] [74] [75] [76] [77] [78]
Overfull \hbox (14.9877pt too wide) in paragraph at lines 442--442
\OT1/cmr/m/n/10 (SOCK[]STREAM), 2 (SOCK[]DGRAM), 3 (SOCK[]RAW), 4 (SOCK[]RDM) a
nd 5 (SOCK[]SEQPACKET). 
 []


Underfull \vbox (badness 6188) has occurred while \output is active []

 [79]
Overfull \hbox (8.17479pt too wide) in paragraph at lines 529--529
[]  \OT1/cmr/m/n/10 sets \OT1/cmr/m/it/10 value \OT1/cmr/m/n/10 and \OT1/cmr/m/
it/10 in-ter-val \OT1/cmr/m/n/10 in \OT1/cmr/m/it/10 timer\OT1/cmr/m/n/10 . \OT
1/cmr/m/it/10 timer \OT1/cmr/m/n/10 is eit-erh 0 (\OT1/cmtt/m/n/10 ITIMER[]REAL
\OT1/cmr/m/n/10 ), 1 (\OT1/cmtt/m/n/10 ITIMER[]VIRTUAL\OT1/cmr/m/n/10 ), or 2(\
OT1/cmtt/m/n/10 ITIMER[]PROF\OT1/cmr/m/n/10 ).
 []


Underfull \vbox (badness 10000) has occurred while \output is active []

 [80]
[81] [82] [83] [84] [85] [86] [87]) (mthread.tex [88] [89]
Overfull \hbox (43.08035pt too wide) in paragraph at lines 102--103
 [] 
 []


Underfull \vbox (badness 10000) has occurred while \output is active []

 [90]
Overfull \hbox (680.37198pt too wide) in paragraph at lines 128--140
 [] 
 []


Overfull \hbox (10.07222pt too wide) in paragraph at lines 161--173
\OT1/cmr/m/n/10 MT-Eus has three kinds of syn-chro-niza-tion prim-i-tives, name
ly \OT1/cmr/m/it/10 mu-tex locks, con-di-tion vari-ables\OT1/cmr/m/n/10 , and \
OT1/cmr/m/it/10 semaphores\OT1/cmr/m/n/10 .
 []


Underfull \vbox (badness 6078) has occurred while \output is active []

 [91]
Overfull \hbox (139.43924pt too wide) in paragraph at lines 180--181
 [] 
 []

[92] [93] [94] [95]) (matrix.tex [96]
Underfull \vbox (badness 10000) has occurred while \output is active []

 [97]
[98]
Underfull \vbox (badness 10000) has occurred while \output is active []

 [99]
[100] [101]
Underfull \vbox (badness 10000) has occurred while \output is active []

 [102]
[103]) (geometry.tex [104] [105]
Underfull \vbox (badness 10000) has occurred while \output is active []

 [106]
Underfull \vbox (badness 10000) has occurred while \output is active []

 [107]
Overfull \hbox (7.59068pt too wide) in paragraph at lines 202--202
[] \OT1/cmr/m/n/10 finds the min-i-mum and max-i-mum co-or-di-nates in the list
 of \OT1/cmr/m/it/10 points\OT1/cmr/m/n/10 , and make an in-stance of \OT1/cmtt
/m/n/10 bounding-box\OT1/cmr/m/n/10 . 
 []

[108] [109]
Underfull \vbox (badness 10000) has occurred while \output is active []

 [110]
[111] [112]
Underfull \vbox (badness 10000) has occurred while \output is active []

 [113]
[114]
Underfull \vbox (badness 10000) has occurred while \output is active []

 [115]
[116] [117] [118] [119] [120]) (contact.tex
Underfull \hbox (badness 10000) in paragraph at lines 25--26

 []

[121]
Underfull \hbox (badness 10000) in paragraph at lines 58--61

 []


Underfull \hbox (badness 10000) in paragraph at lines 67--83
[][] []
 []

[122

]
Underfull \hbox (badness 10000) in paragraph at lines 89--92

 []

[123

]) (voronoi.tex [124

] [125]) (graphics.tex [126] [127]
Underfull \vbox (badness 4543) has occurred while \output is active []

 [128]
[129] [130]
Underfull \vbox (badness 10000) has occurred while \output is active []

 [131]
[132]
Underfull \vbox (badness 3514) has occurred while \output is active []

 [133]
[134]) (image.tex [135] [136]
Underfull \vbox (badness 10000) has occurred while \output is active []

 [137]
[138] [139] [140]
Overfull \hbox (51.11026pt too wide) in paragraph at lines 390--391
 [] 
 []


Underfull \vbox (badness 10000) has occurred while \output is active []

 [141]
[142]) (manipulator.tex [143]
Overfull \hbox (12.86124pt too wide) in paragraph at lines 7--13
[]\OT1/cmr/m/n/10 Instances of \OT1/cmr/bx/n/10 rotational-joint \OT1/cmr/m/n/1
0 class and \OT1/cmr/bx/n/10 ma-nip-u-la-tor \OT1/cmr/m/n/10 class con-sti-tute
 a Ma-nip-u-la-tor Model. \OT1/cmr/bx/n/10 rotational-
 []

[144]
Underfull \vbox (badness 10000) has occurred while \output is active []

 [145]
Missing character: There is no ^^a1 in font cmtt10!
Missing character: There is no ^^a1 in font cmtt10!
Missing character: There is no ^^a1 in font cmtt10!
Missing character: There is no ^^a1 in font cmtt10!
Missing character: There is no ^^a1 in font cmtt10!
Missing character: There is no ^^a1 in font cmtt10!

[146] [147]) (xwindow.tex [148

]
Underfull \vbox (badness 10000) has occurred while \output is active []

 [149]
[150]
Underfull \vbox (badness 10000) has occurred while \output is active []

 [151]
[152]
Overfull \hbox (5.64075pt too wide) in paragraph at lines 318--318
\OT1/cmr/m/n/10 an event is sent from the server, []\OT1/cmr/bx/n/10 w\OT1/cmr/
m/n/10 indow-main-loop an-a-lyzes the event struc-ture and send the \OT1/cmtt/m
/n/10 :KeyPress,
 []


Overfull \hbox (1.77568pt too wide) in paragraph at lines 318--318
\OT1/cmtt/m/n/10 :KeyRelease, :buttonPress, :ButtonRelease, :EnterNotify, :Leav
eNotify, :MotionNotify,
 []

[153]
Overfull \hbox (36.62952pt too wide) in paragraph at lines 332--332
[] \OT1/cmr/m/n/10 de-stroys this xwin-dow and frees X re-source. The cor-re-sp
ond-ing en-tries in \OT1/cmtt/m/n/10 *xwindows* \OT1/cmr/m/n/10 and \OT1/cmtt/m
/n/10 *xwindow-hash-tab*
 []


Underfull \vbox (badness 10000) has occurred while \output is active []

 [154]
[155]
Overfull \hbox (17.52554pt too wide) in paragraph at lines 446--446
\OT1/cmtt/m/n/10 10=Invert, 11=XorReverse, 12=CopyInverted, 13=OrInverted, 14=N
and, 15=Set, :clear, :and,
 []


Overfull \hbox (3.00081pt too wide) in paragraph at lines 463--463
[] \OT1/cmr/m/n/10 gets at-tribute. \OT1/cmr/m/it/10 Attr \OT1/cmr/m/n/10 is on
e of \OT1/cmtt/m/n/10 :function, :plane-mask, :foreground, :background, :line-w
idth,
 []

[156]
Underfull \vbox (badness 10000) has occurred while \output is active []

 [157]
Underfull \vbox (badness 10000) has occurred while \output is active []

 [158])
(xtoolkit.tex [159] [160]
Overfull \hbox (36.41562pt too wide) in paragraph at lines 140--140
\OT1/cmr/m/n/10 (12), \OT1/cmtt/m/n/10 :GraphicsExpose \OT1/cmr/m/n/10 (13), \O
T1/cmtt/m/n/10 :NoExpose \OT1/cmr/m/n/10 (14), \OT1/cmtt/m/n/10 :VisibilityNoti
fy \OT1/cmr/m/n/10 (15), \OT1/cmtt/m/n/10 :CreateNotify \OT1/cmr/m/n/10 (16), \
OT1/cmtt/m/n/10 :DestroyNotify
 []


Overfull \hbox (25.91571pt too wide) in paragraph at lines 140--140
\OT1/cmr/m/n/10 (17), \OT1/cmtt/m/n/10 :UnmapNotify \OT1/cmr/m/n/10 (18), \OT1/
cmtt/m/n/10 :MapNotify \OT1/cmr/m/n/10 (19), \OT1/cmtt/m/n/10 :MapRequest \OT1/
cmr/m/n/10 (20), \OT1/cmtt/m/n/10 :ConfigureNotify \OT1/cmr/m/n/10 (22), \OT1/c
mtt/m/n/10 :ConfigureRequest
 []


Underfull \vbox (badness 10000) has occurred while \output is active []

 [161]
[162] [163]
Overfull \hbox (18.99834pt too wide) in paragraph at lines 298--298
\OT1/cmr/m/n/10 item by \OT1/cmtt/m/n/10 (instance menu-button-item :create "Op
tion" obj meth :menu-window aMenuPanel)\OT1/cmr/m/n/10 . 
 []


Underfull \vbox (badness 2310) has occurred while \output is active []

 [164]
[165] [166]
Overfull \hbox (8.46318pt too wide) in paragraph at lines 507--507
[]\OT1/cmr/m/n/10 defines a pull-down menu. Though a \OT1/cmtt/m/n/10 menu-butt
on-item \OT1/cmr/m/n/10 looks like a \OT1/cmtt/m/n/10 button-item\OT1/cmr/m/n/1
0 , the \OT1/cmtt/m/n/10 menu-button-item
 []


Overfull \hbox (6.97316pt too wide) in paragraph at lines 533--533
\OT1/cmr/m/n/10 stead of draw-ing a sim-ple la-bel string on the but-ton, as is
 the case for \OT1/cmtt/m/n/10 button-item\OT1/cmr/m/n/10 , \OT1/cmtt/m/n/10 bi
tmap-button-item
 []


Overfull \hbox (3.3699pt too wide) in paragraph at lines 545--545
[]\OT1/cmr/m/n/10 creates bitmap-button-item. The first ar-gu-ment, \OT1/cmr/m/
it/10 bitmap-file \OT1/cmr/m/n/10 re-places the \OT1/cmr/m/it/10 la-bel \OT1/cm
r/m/n/10 ar-gu-ment of \OT1/cmtt/m/n/10 button-item\OT1/cmr/m/n/10 . 
 []

[167] [168] [169] [170] [171]
Underfull \vbox (badness 10000) has occurred while \output is active []

 [172]
[173]) (database.tex
Overfull \hbox (73.25021pt too wide) in paragraph at lines 6--10
\OT1/cmr/m/n/10 PostgreSQL is a free im-ple-men-ta-tion of the re-la-tional dat
abase sys-tem, which is avail-able from [] \OT1/cmtt/m/n/10 http://www.postgres
ql.org\OT1/cmr/m/n/10 .
 []

[174] [175]) (http.tex [176] [177]) [178] (manual.ind [179


] [180] [181]
[182] [183] [184] [185] [186] [187] [188]) (manual.aux)
LaTeX Font Warning: Some font shapes were not available, defaults substituted.
 ) 
Here is how much of TeX's memory you used:
 772 strings out of 10898
 8336 string characters out of 71726
 56019 words of memory out of 263001
 3630 multiletter control sequences out of 10000+0
 26625 words of font info for 98 fonts, out of 400000 for 1000
 14 hyphenation exceptions out of 1000
 25i,11n,22p,291b,404s stack positions out of 300i,100n,500p,50000b,4000s

Output written on manual.dvi (193 pages, 678392 bytes).
