This is JTeX, Version 1.44, based on TeX C Version 3.14t3 (format=jlplain 93.11.30)  14 JUN 1995 14:14
**&jlatex jmanual
(jmanual.tex
** JLaTeX ver.1.3......Isozaki
(/net/etlfs/usr/share/lib/tex/inputs/j-article.sty
Document Style `j-article' <16 Mar 88>.
(/net/etlfs/usr/share/lib/tex/inputs/j-art10.sty)
\c@part=\count82
\c@section=\count83
\c@subsection=\count84
\c@subsubsection=\count85
\c@paragraph=\count86
\c@subparagraph=\count87
\c@figure=\count88
\c@table=\count89
)
(/net/etlfs/usr/share/lib/tex/inputs/art10.sty)
(/net/etlfs/usr/share/lib/tex/inputs/titlepage.sty)
(/net/etlfs/usr/share/lib/tex/inputs/makeidx.sty)
(/net/etlfs/usr/share/lib/tex/inputs/EPSF/epsf.sty
EPSF macro package for LaTeX. version 1.3 - Released October 31, 1990
\@arga=\count90
\@argb=\count91
\@argc=\count92
\@ctmpa=\count93
\@ctmpb=\count94
\@ctmpc=\count95
\@ctmpd=\count96
\@ctmpe=\count97
\@darg=\dimen100
\@bblen=\dimen101
\ps@stream=\read0
) (mytabbing.sty)
\@indexfile=\write3

Writing index file jmanual.idx 
(jmanual.aux) [0

] (jmanual.toc [1] [2] [3])
\tf@toc=\write4
 [4] (jintro.tex [1] [2] [3]
epsf:[fig/eta3colavo.ps]
BoundingBox: (33bp,489bp)--(546bp,745bp) =>(426bp,209bp) (jmanual.bbl [4])
[5]) (jgenerals.tex
epsf:[fig/pointer.ps]
BoundingBox: (134bp,508bp)--(383bp,605bp) =>(249bp,97bp)
epsf:[fig/object.ps]
BoundingBox: (87bp,594bp)--(484bp,713bp) =>(398bp,119bp) [6] [7] [8] [9]
[10] [11] [12] [13] [14] [15]) (jcontrols.tex [16] [17]
Underfull \vbox (badness 4048) has occurred while \output is active
\vbox(699.93796+0.0)x469.47046, glue set 3.43723
.\write3{\indexentry{do}{\thepage }}
.\glue(\topskip) 2.29121
.\hbox(7.70879+2.5)x469.47046, glue set 167.07611fill
..\hbox(0.0+0.0)x0.0
..\tenbf d
..\tenbf o
..\glue 3.33333 plus 1.66666 minus 1.11111
..\tenit (
..etc.
.\penalty -51
.\glue 0.0
.etc.

 [18]
[19]) (jobjects.tex [20] [21] [22]
Underfull \vbox (badness 10000) has occurred while \output is active
\vbox(699.93796+0.0)x469.47046
.\glue(\topskip) 2.29121
.\hbox(7.70879+1.44539)x444.47046, glue set 50.84029fil, shifted 25.0
..\tendmjhira こ
..\glue(\jintercharskip) 0.0 plus 3.0 minus 1.0
..\tendmjhira と
..\glue(\jintercharskip) 0.0 plus 3.0 minus 1.0
..\tendmjhira に
..etc.
.\penalty -51
.\glue 0.0
.\glue 8.53581
.etc.

 [23]
[24]) (jarith.tex [25] [26] [27] [28] [29]) (jsymbols.tex
Underfull \vbox (badness 10000) has occurred while \output is active
\vbox(699.93796+0.0)x469.47046, glue set 5.17404
.\glue(\topskip) 0.0
.\hbox(11.10066+2.79999)x469.47046, glue set 311.09137fil
..\hbox(9.27998+0.0)x24.83983
...\glue 0.0
...\frtnbf 7
...\glue 16.55989
..\frtnbf s
..\frtnbf y
..\frtnbf m
..\kern-0.46
..etc.
.\write1{\@writefile{toc}{\string\contentsline\space {section}{\string\numberl\
ETC.}
.\penalty 10000
.\glue 9.90276 plus 0.86108
.etc.

 [30]
[31] [32]
Underfull \vbox (badness 10000) has occurred while \output is active
\vbox(699.93796+0.0)x469.47046
.\write3{\indexentry{find-package}{\thepage }}
.\glue(\topskip) 2.29121
.\hbox(7.70879+2.5)x469.47046, glue set 353.37233fill
..\hbox(0.0+0.0)x0.0
..\tenbf ^^L (ligature fi)
..\tenbf n
..\tenbf d
..\tenbf -
..etc.
.\penalty -51
.\glue 0.0
.etc.

 [33]
[34]) (jsequences.tex
Underfull \vbox (badness 10000) has occurred while \output is active
\vbox(699.93796+0.0)x469.47046, glue set 6.01332
.\glue(\topskip) 0.0
.\hbox(11.10066+2.08136)x469.47046, glue set 325.99243fil
..\hbox(9.27998+0.0)x24.83983
...\glue 0.0
...\frtnbf 8
...\glue 16.55989
..\fourteendgjl 列
..\fourteendgjsy 、
..\glue(\jintercharskip) 0.0 plus 3.0 minus 1.0
..\fourteendgjd 行
..etc.
.\write1{\@writefile{toc}{\string\contentsline\space {section}{\string\numberl\
ETC.}
.\penalty 10000
.\glue 9.90276 plus 0.86108
.etc.

 [35]
Underfull \vbox (badness 10000) has occurred while \output is active
\vbox(699.93796+0.0)x469.47046
.\glue(\topskip) 2.29121
.\hbox(7.70879+1.44539)x444.47046, glue set 49.01599fil, shifted 25.0
..\tendmjhira も
..\glue(\jintercharskip) 0.0 plus 3.0 minus 1.0
..\tendmjhira し
..\glue(\jintercharskip) 0.0 plus 3.0 minus 1.0
..\tendmjj 片
..etc.
.\penalty -51
.\glue 0.0
.\glue 8.53581
.etc.

 [36]
[37] [38]
Underfull \vbox (badness 10000) has occurred while \output is active
\vbox(699.93796+0.0)x469.47046
.\glue(\topskip) 2.29121
.\hbox(7.70879+2.5)x469.47046, glue set 407.86926fill
..\hbox(0.0+0.0)x0.0
..\tenbf l
..\tenbf a
..\tenbf s
..\tenbf t
..etc.
.\penalty -51
.\glue 0.0
.\glue -4.0 plus -2.0 minus -1.0
.etc.

 [39]
[40]
Underfull \vbox (badness 1694) has occurred while \output is active
\vbox(699.93796+0.0)x469.47046, glue set 2.57224
.\glue(\topskip) 0.84581
.\hbox(9.15419+1.92719)x469.47046, glue set 361.15073fil
..\hbox(7.73332+0.0)x30.75
...\glue 0.0
...\twlbf 8
...\twlbf .
...\twlbf 3
...\glue 13.5
..\twelvedgjkata ベ
..\glue(\jintercharskip) 0.0 plus 3.0 minus 1.0
..\twelvedgjkata ク
..\glue(\jintercharskip) 0.0 plus 3.0 minus 1.0
..etc.
.\write1{\@writefile{toc}{\string\contentsline\space {subsection}{\string\numb\
ETC.}
.\penalty 10000
.\glue 6.45831 plus 0.86108
.etc.

 [41]
[42]
Underfull \vbox (badness 10000) has occurred while \output is active
\vbox(699.93796+0.0)x469.47046, glue set 6.15411
.\glue(\topskip) 0.84581
.\hbox(9.15419+1.92719)x469.47046, glue set 372.23212fil
..\hbox(7.73332+0.0)x30.75
...\glue 0.0
...\twlbf 8
...\twlbf .
...\twlbf 4
...\glue 13.5
..\twelvedgjj 文
..\glue(\jintercharskip) 0.0 plus 3.0 minus 1.0
..\twelvedgje 字
..\glue(\jintercharskip) 0.0 plus 3.0 minus 1.0
..etc.
.\write1{\@writefile{toc}{\string\contentsline\space {subsection}{\string\numb\
ETC.}
.\penalty 10000
.\glue 6.45831 plus 0.86108
.etc.

 [43]
Overfull \hbox (2.32498pt too wide) in paragraph at lines 613--613
[] []  \tenit ad-dress の 位 置 か ら length バ イ ト の \tenbf foreign-string 
の イ ン ス タ ン ス を 作 る。 例 え ば、 \tentt (make-foreign-string

\hbox(7.70879+2.22223)x444.47046, glue set - 1.0
.\hbox(0.0+0.0)x0.0
.\glue 0.0
.\hbox(0.0+0.0)x0.0
..\glue 0.0
..\glue -20.0
..\glue -5.0
..\hbox(0.0+0.0)x20.0, glue set 16.66667fil
...\glue 0.0 plus 1.0fil
...\glue 3.33333 plus 1.66666 minus 1.11111
..\glue 5.0
.\penalty 0
.\glue 0.0
.etc.

[44] [45]) (jio.tex [46] [47] [48] [49] [50] [51] [52] [53] [54] [55] [56]
[57]) (jevaluation.tex
Underfull \vbox (badness 10000) has occurred while \output is active
\vbox(699.93796+0.0)x469.47046, glue set 6.01334
.\glue(\topskip) 0.0
.\hbox(11.10066+2.08136)x469.47046, glue set 409.98665fil
..\hbox(9.27998+0.0)x33.11977
...\glue 0.0
...\frtnbf 1
...\frtnbf 0
...\glue 16.55989
..\fourteendgjj 評
..\glue(\jintercharskip) 0.0 plus 3.0 minus 1.0
..\fourteendgja 価
..\penalty 10000
..etc.
.\write1{\@writefile{toc}{\string\contentsline\space {section}{\string\numberl\
ETC.}
.\penalty 10000
.\glue 9.90276 plus 0.86108
.etc.

 [58]
[59]
Underfull \vbox (badness 10000) has occurred while \output is active
\vbox(699.93796+0.0)x469.47046, glue set 8.92787
.\glue(\topskip) 0.84581
.\hbox(9.15419+1.92719)x469.47046, glue set 332.23795fil
..\hbox(7.73332+0.0)x37.5
...\glue 0.0
...\twlbf 1
...\twlbf 0
...\twlbf .
...\twlbf 2
...etc.
..\twelvedgjd 最
..\glue(\jintercharskip) 0.0 plus 3.0 minus 1.0
..\twelvedgjf 上
..\glue(\jintercharskip) 0.0 plus 3.0 minus 1.0
..etc.
.\write1{\@writefile{toc}{\string\contentsline\space {subsection}{\string\numb\
ETC.}
.\penalty 10000
.\glue 6.45831 plus 0.86108
.etc.

 [60]
[61]
Underfull \vbox (badness 10000) has occurred while \output is active
\vbox(699.93796+0.0)x469.47046, glue set 4.85641
.\glue(\topskip) 0.84581
.\hbox(9.15419+1.92719)x469.47046, glue set 376.5635fil
..\hbox(7.73332+0.0)x37.5
...\glue 0.0
...\twlbf 1
...\twlbf 0
...\twlbf .
...\twlbf 3
...etc.
..\twelvedgjkata コ
..\glue(\jintercharskip) 0.0 plus 3.0 minus 1.0
..\twelvedgjkata ン
..\glue(\jintercharskip) 0.0 plus 3.0 minus 1.0
..etc.
.\write1{\@writefile{toc}{\string\contentsline\space {subsection}{\string\numb\
ETC.}
.\penalty 10000
.\glue 6.45831 plus 0.86108
.etc.

 [62]
[63] [64] [65]
Underfull \vbox (badness 10000) has occurred while \output is active
\vbox(699.93796+0.0)x469.47046, glue set 9.45839
.\glue(\topskip) 0.84581
.\hbox(9.15419+1.92719)x469.47046, glue set 365.48212fil
..\hbox(7.73332+0.0)x37.5
...\glue 0.0
...\twlbf 1
...\twlbf 0
...\twlbf .
...\twlbf 5
...etc.
..\twelvedgjkata デ
..\glue(\jintercharskip) 0.0 plus 3.0 minus 1.0
..\twelvedgjkata バ
..\twelvedgjkata ッ
..etc.
.\write1{\@writefile{toc}{\string\contentsline\space {subsection}{\string\numb\
ETC.}
.\penalty 10000
.\glue 6.45831 plus 0.86108
.etc.

 [66]
[67] [68] [69]) (jsysfunc.tex [70] [71] [72] [73]
Underfull \vbox (badness 10000) has occurred while \output is active
\vbox(699.93796+0.0)x469.47046, glue set 6.51398
.\glue(\topskip) 2.29121
.\hbox(7.70879+1.44539)x444.47046, glue set 398.69951fil, shifted 25.0
..\tendmjhira す
..\glue(\jintercharskip) 0.0 plus 3.0 minus 1.0
..\tendmjhira る
..\glue(\jintercharskip) 0.0 plus 3.0 minus 1.0
..\tendmjhira こ
..etc.
.\penalty -51
.\glue 0.0
.\glue 8.53581
.etc.

 [74]
Underfull \vbox (badness 10000) has occurred while \output is active
\vbox(699.93796+0.0)x469.47046, glue set 4.91351
.\glue(\topskip) 2.29121
.\hbox(7.70879+1.44539)x469.47046, glue set 318.7315fil
..\hbox(6.44444+0.0)x40.88867
...\glue 0.0
...\tenbf 1
...\tenbf 1
...\tenbf .
...\tenbf 2
...etc.
..\tendgjkata フ
..\tendgjkata ァ
..\glue(\jintercharskip) 0.0 plus 3.0 minus 1.0
..\tendgjkata イ
..etc.
.\write1{\@writefile{toc}{\string\contentsline\space {subsubsection}{\string\n\
ETC.}
.\penalty 10000
.\glue 6.45831 plus 0.86108
.etc.

 [75]
Underfull \vbox (badness 10000) has occurred while \output is active
\vbox(699.93796+0.0)x469.47046, glue set 4.91957
.\glue(\topskip) 4.50002
.\hbox(5.49998+2.0)x469.47046, glue set 280.47266fil
..\hbox(0.0+0.0)x0.0
..\penalty 10000
..\glue 4.72495
..\penalty 10000
..\glue 4.72495
..etc.
.\glue(\parskip) 0.0
.\glue(\baselineskip) 3.50002
.\hbox(5.49998+2.0)x469.47046, glue set 341.89694fil
..\hbox(0.0+0.0)x0.0
..\penalty 10000
..\glue 4.72495
..\penalty 10000
..\glue 4.72495
..etc.
.etc.

 [76]
Overfull \hbox (3.06195pt too wide) in paragraph at lines 503--503
[] []  \tenit timer に value と in-ter-val を 設 定 す る。 timer は、 \tenrm 0
 (\tentt ITIMER[]REAL\tenrm ), 1 (\tentt ITIMER[]VIRTUAL\tenrm ), 2(\tentt ITIM
ER[]PROF\tenrm )

\hbox(7.70879+2.5)x444.47046, glue set - 1.0
.\hbox(0.0+0.0)x0.0
.\glue 0.0
.\hbox(0.0+0.0)x0.0
..\glue 0.0
..\glue -20.0
..\glue -5.0
..\hbox(0.0+0.0)x20.0, glue set 16.66667fil
...\glue 0.0 plus 1.0fil
...\glue 3.33333 plus 1.66666 minus 1.11111
..\glue 5.0
.\penalty 0
.\glue 0.0
.etc.

[77] [78]
Underfull \vbox (badness 1552) has occurred while \output is active
\vbox(699.93796+0.0)x469.47046, glue set 2.49768
.\glue(\topskip) 2.29121
.\hbox(7.70879+1.94444)x444.47046, glue set 316.33992fil, shifted 25.0
..\hbox(0.0+0.0)x0.0
..\glue 0.0
..\hbox(0.0+0.0)x-20.0
...\glue -25.0
...\glue 0.0
...\glue -5.0
...\hbox(0.0+0.0)x5.0 []
...\glue 5.0
..\penalty 0
..\tenrm m
..etc.
.\penalty -51
.\glue 8.0 plus 2.0 minus 4.0
.\glue 14.22636
.etc.

 [79]
[80] [81] [82] [83] [84] [85]) (jvxw.tex [86] [87]) (jmthread.tex
epsf:[fig/threadfig.ps]
BoundingBox: (0bp,0bp)--(560bp,246bp) =>(369bp,159bp) [88]
epsf:[fig/parathreads.ps]
BoundingBox: (0bp,0bp)--(504bp,435bp) =>(341bp,293bp)
epsf:[fig/threadobj.ps]
BoundingBox: (0bp,0bp)--(564bp,316bp) =>(213bp,119bp)
epsf:[fig/threadpool.ps]
BoundingBox: (0bp,0bp)--(553bp,303bp) =>(213bp,115bp)
Underfull \vbox (badness 3281) has occurred while \output is active
\vbox(699.93796+0.0)x469.47046, glue set 3.20444
.\vbox(337.07768+0.0)x469.47046
..\penalty -51
..\glue 10.0 plus 3.0 minus 5.0
..\glue(\parskip) 0.0
..\hbox(293.6323+0.0)x469.47046, glue set 64.0187fil
...\glue(\leftskip) 0.0 plus 1.0fil
...\hbox(0.0+0.0)x0.0
...\glue 0.0
...\hbox(0.0+0.0)x0.0 []
...\penalty 0
...etc.
..\write1{\@writefile{lof}{\string\contentsline\space {figure}{\string\numberli
\ETC.}
..etc.
.\glue 12.0 plus 2.0 minus 2.0
.\glue -12.0 plus -2.0 minus -2.0
.\glue 20.0 plus 2.0 minus 4.0
.\glue(\topskip) 2.29121
.etc.

 [89]
epsf:[fig/synchports.ps]
BoundingBox: (0bp,250bp)--(600bp,560bp) =>(369bp,188bp)
Underfull \vbox (badness 10000) has occurred while \output is active
\vbox(699.93796+0.0)x469.47046, glue set 4.70195
.\vbox(175.25563+0.0)x469.47046
..\penalty -51
..\glue 10.0 plus 3.0 minus 5.0
..\glue(\parskip) 0.0
..\hbox(64.05074+59.05072)x469.47046, glue set 9.33957fil
...\glue(\leftskip) 0.0 plus 1.0fil
...\hbox(0.0+0.0)x0.0
...\glue 0.0
...\hbox(0.0+0.0)x0.0 []
...\penalty 0
...etc.
..\penalty -51
..etc.
.\glue 12.0 plus 2.0 minus 2.0
.\vbox(232.0871+0.0)x469.47046
..\penalty -51
..\glue 10.0 plus 3.0 minus 5.0
..\glue(\parskip) 0.0
..\hbox(188.64171+0.0)x469.47046, glue set 49.79233fil
...\glue(\leftskip) 0.0 plus 1.0fil
...\hbox(0.0+0.0)x0.0
...\glue 0.0
...\hbox(0.0+0.0)x0.0 []
...\penalty 0
...etc.
..\write1{\@writefile{lof}{\string\contentsline\space {figure}{\string\numberli
\ETC.}
..etc.
.\glue 12.0 plus 2.0 minus 2.0
.\glue -12.0 plus -2.0 minus -2.0
.etc.

 [90]
[91]
Underfull \vbox (badness 3977) has occurred while \output is active
\vbox(699.93796+0.0)x469.47046, glue set 3.41469
.\vbox(114.95413+0.0)x469.47046
..\write1{\@writefile{lot}{\string\contentsline\space {table}{\string\numberlin
\ETC.}
..\glue 10.0
..\hbox(7.70879+1.44539)x469.47046, glue set 112.53008fil
...\glue 0.0 plus 1.0fil
...\hbox(7.70879+1.44539)x244.41032 []
...\glue 0.0 plus 1.0fil
..\penalty -51
..\glue 10.0 plus 3.0 minus 5.0
..etc.
.\glue 12.0 plus 2.0 minus 2.0
.\glue -12.0 plus -2.0 minus -2.0
.\glue 20.0 plus 2.0 minus 4.0
.\glue(\topskip) 0.84581
.etc.

 [92]
[93] [94]) (jmatrix.tex
Underfull \vbox (badness 10000) has occurred while \output is active
\vbox(699.93796+0.0)x469.47046, glue set 5.7987
.\glue(\topskip) 0.0
.\hbox(11.10066+2.08136)x469.47046, glue set 370.44058fil
..\hbox(9.27998+0.0)x33.11977
...\glue 0.0
...\frtnbf 1
...\frtnbf 3
...\glue 16.55989
..\fourteendgjb 幾
..\glue(\jintercharskip) 0.0 plus 3.0 minus 1.0
..\fourteendgja 何
..\glue(\jintercharskip) 0.0 plus 3.0 minus 1.0
..etc.
.\write1{\@writefile{toc}{\string\contentsline\space {section}{\string\numberl\
ETC.}
.\penalty 10000
.\glue 9.90276 plus 0.86108
.etc.

 [95]
[96] [97] [98]
Underfull \vbox (badness 10000) has occurred while \output is active
\vbox(699.93796+0.0)x469.47046, glue set 4.47554
.\glue(\topskip) 0.84581
.\hbox(9.15419+1.92719)x469.47046, glue set 398.72629fil
..\hbox(7.73332+0.0)x37.5
...\glue 0.0
...\twlbf 1
...\twlbf 3
...\twlbf .
...\twlbf 4
...etc.
..\write1{\newlabel{Coordinates}{{13.4}{\thepage }}}
..\twelvedgjd 座
..\glue(\jintercharskip) 0.0 plus 3.0 minus 1.0
..\twelvedgjj 標
..etc.
.\write1{\@writefile{toc}{\string\contentsline\space {subsection}{\string\numb\
ETC.}
.\penalty 10000
.\glue 6.45831 plus 0.86108
.etc.

 [99]
Underfull \vbox (badness 10000) has occurred while \output is active
\vbox(699.93796+0.0)x469.47046, glue set 9.50821
.\glue(\topskip) 2.29121
.\hbox(7.70879+2.5)x469.47046, glue set 281.01283fill
..\hbox(0.0+0.0)x0.0
..\tenbf :
..\tenbf i
..\tenbf n
..\kern-0.31944
..etc.
.\penalty -51
.\glue 0.0
.\glue -4.0 plus -2.0 minus -1.0
.etc.

 [100]
[101] [102]) (jgeometry.tex
epsf:[fig/beam.ps]
BoundingBox: (130bp,261bp)--(523bp,608bp) =>(321bp,284bp) [103]
Underfull \vbox (badness 10000) has occurred while \output is active
\vbox(699.93796+0.0)x469.47046
.\glue(\topskip) 2.29121
.\hbox(7.70879+1.44539)x444.47046, glue set 271.78625fil, shifted 25.0
..\tendmjhira は
..\tendmjsy 、
..\glue(\@@jasciikanjiskip) 2.28854
..\tenit n
..\tenit o
..etc.
.\penalty -51
.\glue 0.0
.\glue 8.53581
.etc.

 [104]
Underfull \vbox (badness 10000) has occurred while \output is active
\vbox(699.93796+0.0)x469.47046
.\glue(\topskip) 2.29121
.\hbox(7.70879+2.5)x469.47046, glue set 260.86183fill
..\hbox(0.0+0.0)x0.0
..\tenbf e
..\tenbf p
..\tenbf s
..\tenbf =
..etc.
.\penalty -51
.\glue 0.0
.\glue -4.0 plus -2.0 minus -1.0
.etc.

 [105]
[106]
Underfull \vbox (badness 10000) has occurred while \output is active
\vbox(699.93796+0.0)x469.47046, glue set 6.15411
.\glue(\topskip) 0.84581
.\hbox(9.15419+1.92719)x469.47046, glue set 376.5635fil
..\hbox(7.73332+0.0)x37.5
...\glue 0.0
...\twlbf 1
...\twlbf 4
...\twlbf .
...\twlbf 2
...etc.
..\twelvedgjg 線
..\glue(\jintercharskip) 0.0 plus 3.0 minus 1.0
..\twelvedgjhira と
..\glue(\jintercharskip) 0.0 plus 3.0 minus 1.0
..etc.
.\write1{\@writefile{toc}{\string\contentsline\space {subsection}{\string\numb\
ETC.}
.\penalty 10000
.\glue 6.45831 plus 0.86108
.etc.

 [107]
Underfull \vbox (badness 10000) has occurred while \output is active
\vbox(699.93796+0.0)x469.47046
.\glue(\topskip) 2.29121
.\hbox(7.70879+1.44539)x444.47046, glue set - 0.14162, shifted 25.0
..\hbox(0.0+0.0)x0.0
..\glue 0.0
..\hbox(0.0+0.0)x0.0
...\glue 0.0
...\glue -20.0
...\glue -5.0
...\hbox(0.0+0.0)x20.0, glue set 16.66667fil []
...\glue 5.0
..\penalty 0
..\glue 0.0
..etc.
.\penalty 10150
.\glue(\baselineskip) 2.84583
.\hbox(7.70879+1.44539)x444.47046, glue set 388.20401fil, shifted 25.0
..\tenrm N
..\tenrm I
..\tenrm L
..\glue(\@@jasciikanjiskip) 2.28854
..\tendmjhira を
..etc.
.etc.

 [108]
[109] [110]
Underfull \vbox (badness 10000) has occurred while \output is active
\vbox(699.93796+0.0)x469.47046
.\glue(\topskip) 2.29121
.\hbox(7.70879+1.44539)x444.47046, glue set 243.07828fil, shifted 25.0
..\tendmjhira と
..\glue(\jintercharskip) 0.0 plus 3.0 minus 1.0
..\tendmjhira き
..\tendmjsy ，
..\glue(\jintercharskip) 0.0 plus 3.0 minus 1.0
..etc.
.\penalty -51
.\glue 0.0
.\glue 8.53581
.etc.

 [111]
[112]
Underfull \vbox (badness 10000) has occurred while \output is active
\vbox(699.93796+0.0)x469.47046, glue set 6.75772
.\glue(\topskip) 0.84581
.\hbox(9.15419+3.0)x469.47046, glue set 366.91234fil
..\hbox(7.73332+0.0)x37.5
...\glue 0.0
...\twlbf 1
...\twlbf 4
...\twlbf .
...\twlbf 4
...etc.
..\twelvedgjl 立
..\glue(\jintercharskip) 0.0 plus 3.0 minus 1.0
..\twelvedgjg 体
..\glue(\@@jasciikanjiskip) 2.77034
..etc.
.\write1{\@writefile{toc}{\string\contentsline\space {subsection}{\string\numb\
ETC.}
.\penalty 10000
.\glue 6.45831 plus 0.86108
.etc.

 [113]
[114]
epsf:[fig/fig1.ps]
BoundingBox: (99bp,122bp)--(556bp,766bp) =>(378bp,540bp) [115] [116] [117])
(jcontact.tex
Underfull \hbox (badness 10000) in paragraph at lines 20--21


\hbox(0.0+0.0)x469.47046
.\glue(\rightskip) 0.0

[118]
epsf:[fig/fig-peg-in-hole1.ps]
BoundingBox: (0bp,0bp)--(480bp,480bp) =>(224bp,224bp)
epsf:[fig/fig-peg-in-hole2.ps]
BoundingBox: (0bp,0bp)--(480bp,480bp) =>(224bp,224bp)
epsf:[fig/fig-peg-in-hole3.ps]
BoundingBox: (0bp,0bp)--(480bp,480bp) =>(224bp,224bp)
epsf:[fig/fig-peg-in-hole4.ps]
BoundingBox: (0bp,0bp)--(480bp,480bp) =>(224bp,224bp) [119

]
epsf:[fig/fig-peg-naname-m1.ps]
BoundingBox: (0bp,0bp)--(480bp,480bp) =>(224bp,224bp)
epsf:[fig/fig-peg-naname-m2.ps]
BoundingBox: (0bp,0bp)--(480bp,480bp) =>(224bp,224bp)
epsf:[fig/fig-peg-naname-m3.ps]
BoundingBox: (0bp,0bp)--(480bp,480bp) =>(224bp,224bp)
epsf:[fig/fig-peg-naname-m4.ps]
BoundingBox: (0bp,0bp)--(480bp,480bp) =>(224bp,224bp) [120

]) (jvoronoi.tex
[121

] [122]) (jgraphics.tex
epsf:[fig/viewcoords.ps]
BoundingBox: (178bp,407bp)--(549bp,659bp) =>(418bp,284bp)
Underfull \vbox (badness 2486) has occurred while \output is active
\vbox(699.93796+0.0)x469.47046, glue set 2.921
.\vbox(328.472+0.0)x469.47046
..\penalty -51
..\glue 10.0 plus 3.0 minus 5.0
..\glue(\parskip) 0.0
..\hbox(284.52756+0.0)x469.47046, glue set 25.60756fil
...\glue(\leftskip) 0.0 plus 1.0fil
...\hbox(0.0+0.0)x0.0
...\glue 0.0
...\hbox(0.0+0.0)x0.0 []
...\penalty 0
...etc.
..\penalty -51
..etc.
.\glue 12.0 plus 2.0 minus 2.0
.\glue -12.0 plus -2.0 minus -2.0
.\glue 20.0 plus 2.0 minus 4.0
.\glue(\topskip) 0.0
.etc.

 [123]
[124]
Underfull \vbox (badness 4543) has occurred while \output is active
\vbox(699.93796+0.0)x469.47046, glue set 3.5693
.\write3{\indexentry{:hither}{\thepage }}
.\glue(\topskip) 2.29121
.\hbox(7.70879+2.5)x469.47046, glue set 278.00327fill
..\tenbf :
..\tenbf h
..\tenbf i
..\tenbf t
..\tenbf h
..etc.
.\penalty -51
.\glue 0.0
.etc.

 [125]
[126] [127]
Underfull \vbox (badness 2261) has occurred while \output is active
\vbox(699.93796+0.0)x469.47046, glue set 2.82915
.\glue(\topskip) 2.29121
.\hbox(7.70879+1.44539)x444.47046, glue set 297.48297fil, shifted 25.0
..\hbox(0.0+0.0)x0.0
..\glue 0.0
..\hbox(0.0+0.0)x0.0
...\glue 0.0
...\glue -20.0
...\glue -5.0
...\hbox(0.0+0.0)x20.0, glue set 16.66667fil []
...\glue 5.0
..\penalty 0
..\glue 0.0
..etc.
.\penalty -51
.\glue 0.0
.\glue 8.53581
.etc.

 [128]
[129]
Underfull \vbox (badness 1694) has occurred while \output is active
\vbox(699.93796+0.0)x469.47046, glue set 2.57222
.\glue(\topskip) 0.84581
.\hbox(9.15419+1.92719)x469.47046, glue set 409.80768fil
..\hbox(7.73332+0.0)x37.5
...\glue 0.0
...\twlbf 1
...\twlbf 5
...\twlbf .
...\twlbf 5
...etc.
..\write1{\newlabel{Drawings}{{15.5}{\thepage }}}
..\twelvedgjj 描
..\glue(\jintercharskip) 0.0 plus 3.0 minus 1.0
..\twelvedgjb 画
..etc.
.\write1{\@writefile{toc}{\string\contentsline\space {subsection}{\string\numb\
ETC.}
.\penalty 10000
.\glue 6.45831 plus 0.86108
.etc.

 [130]
[131]) (jxwindow.tex [132]
Underfull \vbox (badness 10000) has occurred while \output is active
\vbox(699.93796+0.0)x469.47046
.\glue(\topskip) 2.29121
.\hbox(7.70879+2.5)x469.47046, glue set 365.76529fill
..\tenbf x
..\tenbf :
..\tenbf *
..\tenbf d
..\tenbf e
..etc.
.\penalty -51
.\glue 0.0
.\glue -4.0 plus -2.0 minus -1.0
.etc.

 [133]
[134]
epsf:[fig/xdraw.ps]
BoundingBox: (0bp,0bp)--(409bp,252bp) =>(276bp,170bp)
Underfull \vbox (badness 10000) has occurred while \output is active
\vbox(699.93796+0.0)x469.47046
.\glue(\topskip) 2.29121
.\hbox(7.70879+1.44539)x444.47046, glue set 0.22052, shifted 25.0
..\hbox(0.0+0.0)x0.0
..\glue 0.0
..\hbox(0.0+0.0)x0.0
...\glue 0.0
...\glue -20.0
...\glue -5.0
...\hbox(0.0+0.0)x20.0, glue set 16.66667fil []
...\glue 5.0
..\penalty 0
..\tenbf X
..etc.
.\penalty 150
.\glue(\baselineskip) 2.84583
.\hbox(7.70879+1.94444)x444.47046, glue set 0.01614, shifted 25.0
..\tenbf X
..\tenbf d
..\tenbf r
..\tenbf a
..\kern-0.31944
..etc.
.etc.

 [135]
[136]
Overfull \hbox (4.74387pt too wide) in paragraph at lines 298--298
\tentt :OwnerGrabButton。:key は、:keyPress と:KeyRelease の 両 方 が 指 定 で 
き、:button は、:ButtonPress

\hbox(7.70879+2.22223)x444.47046, glue set - 1.0
.\tentt :
.\tentt O
.\tentt w
.\tentt n
.\tentt e
.etc.

[137]
Underfull \vbox (badness 10000) has occurred while \output is active
\vbox(699.93796+0.0)x469.47046
.\write3{\indexentry{:selectinput}{\thepage }}
.\glue(\topskip) 2.29121
.\hbox(7.70879+2.5)x469.47046, glue set 314.20438fill
..\tenbf :
..\tenbf s
..\tenbf e
..\tenbf l
..\tenbf e
..etc.
.\penalty -51
.\glue 0.0
.etc.

 [138]
[139]
Overfull \hbox (12.27556pt too wide) in paragraph at lines 429--429
\tentt :andReverse, :copy, :andInverted, :NoOp, :Xor, :Or, :Nor, :Equiv, :Inver
t, :XorReverse, 

\hbox(6.11111+2.22223)x444.47046
.\tentt :
.\tentt a
.\tentt n
.\tentt d
.\tentt R
.etc.

[140]
Underfull \vbox (badness 10000) has occurred while \output is active
\vbox(699.93796+0.0)x469.47046
.\glue(\topskip) 2.29121
.\hbox(7.70879+1.44539)x444.47046, glue set 0.14981, shifted 25.0
..\tendmjhira は
..\glue(\@@jasciikanjiskip) 2.28854
..\tenrm R
..\kern-0.27779
..\tenrm G
..etc.
.\penalty 150
.\glue(\baselineskip) 2.84583
.\hbox(7.70879+1.44539)x444.47046, glue set 195.61566fil, shifted 25.0
..\tendmjkata ラ
..\tendmjsy ー
..\glue(\jintercharskip) 0.0 plus 3.0 minus 1.0
..\tendmjkata デ
..\tendmjkata ィ
..etc.
.etc.

 [141]
Underfull \vbox (badness 2564) has occurred while \output is active
\vbox(699.93796+0.0)x469.47046, glue set 2.9504
.\glue(\topskip) 2.29121
.\hbox(7.70879+1.44539)x444.47046, glue set 343.77437fil, shifted 25.0
..\tendmjhira る
..\glue(\jintercharskip) 0.0 plus 3.0 minus 1.0
..\tendmjkata イ
..\glue(\jintercharskip) 0.0 plus 3.0 minus 1.0
..\tendmjkata ン
..etc.
.\penalty -51
.\glue 0.0
.\glue 8.53581
.etc.

 [142]
[143]) (jxtoolkit.tex [144]
Overfull \hbox (2.91562pt too wide) in paragraph at lines 139--139
\tentt :UnmapNotify \tenrm (18), \tentt :MapNotify \tenrm (19), \tentt :MapRequ
est \tenrm (20), \tentt :ConfigureNotify \tenrm (22), \tentt :ConfigureRequest

\hbox(7.5+2.5)x444.47046, glue set - 1.0
.\tentt :
.\tentt U
.\tentt n
.\tentt m
.\tentt a
.etc.


Underfull \vbox (badness 10000) has occurred while \output is active
\vbox(699.93796+0.0)x469.47046, glue set 6.58336
.\glue(\topskip) 0.84581
.\hbox(9.15419+1.92719)x469.47046, glue set 374.68011fil
..\hbox(7.73332+0.0)x37.5
...\glue 0.0
...\twlbf 1
...\twlbf 7
...\twlbf .
...\twlbf 1
...etc.
..\twlbf X
..\glue(\@@jasciikanjiskip) 2.77034
..\twelvedgjkata イ
..\glue(\jintercharskip) 0.0 plus 3.0 minus 1.0
..etc.
.\write1{\@writefile{toc}{\string\contentsline\space {subsection}{\string\numb\
ETC.}
.\penalty 10000
.\glue 6.45831 plus 0.86108
.etc.

 [145]
epsf:[fig/panellayout.ps]
BoundingBox: (117bp,375bp)--(478bp,641bp) =>(268bp,199bp) [146] [147]
epsf:[fig/filepanel.ps]
BoundingBox: (116bp,246bp)--(496bp,546bp) =>(268bp,213bp)
epsf:[fig/textviewpanel.ps]
BoundingBox: (56bp,146bp)--(556bp,646bp) =>(199bp,199bp) [148]
Underfull \vbox (badness 4899) has occurred while \output is active
\vbox(699.93796+0.0)x469.47046, glue set 3.66165
.\vbox(242.61467+0.0)x469.47046
..\penalty -51
..\glue 10.0 plus 3.0 minus 5.0
..\glue(\parskip) 0.0
..\hbox(199.16928+0.0)x469.47046, glue set 135.15059fil
...\glue(\leftskip) 0.0 plus 1.0fil
...\hbox(0.0+0.0)x0.0
...\glue 0.0
...\hbox(0.0+0.0)x0.0 []
...\penalty 0
...etc.
..\penalty -51
..etc.
.\glue 12.0 plus 2.0 minus 2.0
.\glue -12.0 plus -2.0 minus -2.0
.\glue 20.0 plus 2.0 minus 4.0
.\glue(\topskip) 3.05556
.etc.

 [149]
[150] [151] [152]
epsf:[fig/panelitem.ps]
BoundingBox: (201bp,306bp)--(411bp,486bp) =>(165bp,142bp) [153] [154] [155]
Underfull \vbox (badness 10000) has occurred while \output is active
\vbox(699.93796+0.0)x469.47046
.\write3{\indexentry{:event-col}{\thepage }}
.\glue(\topskip) 2.29121
.\hbox(7.70879+2.5)x469.47046, glue set 349.72636fill
..\tenbf :
..\tenbf e
..\tenbf v
..\kern-0.31944
..\tenbf e
..etc.
.\penalty -51
.\glue 0.0
.etc.

 [156]
[157]) (jimage.tex
Underfull \vbox (badness 1629) has occurred while \output is active
\vbox(699.93796+0.0)x469.47046, glue set 2.53683
.\glue(\topskip) 0.0
.\hbox(11.10066+2.08136)x469.47046, glue set 383.6226fil
..\hbox(9.27998+0.0)x33.11977
...\glue 0.0
...\frtnbf 1
...\frtnbf 8
...\glue 16.55989
..\fourteendgjb 画
..\glue(\jintercharskip) 0.0 plus 3.0 minus 1.0
..\fourteendgjg 像
..\glue(\jintercharskip) 0.0 plus 3.0 minus 1.0
..etc.
.\write1{\@writefile{toc}{\string\contentsline\space {section}{\string\numberl\
ETC.}
.\penalty 10000
.\glue 9.90276 plus 0.86108
.etc.

 [158]
[159]
Underfull \vbox (badness 10000) has occurred while \output is active
\vbox(699.93796+0.0)x469.47046
.\glue(\topskip) 2.29121
.\hbox(7.70879+2.22223)x444.47046, glue set 208.14267fil, shifted 25.0
..\hbox(0.0+0.0)x0.0
..\glue 0.0
..\hbox(0.0+0.0)x0.0
...\glue 0.0
...\glue -20.0
...\glue -5.0
...\hbox(0.0+0.0)x20.0, glue set 16.66667fil []
...\glue 5.0
..\penalty 0
..\glue 0.0
..etc.
.\penalty -51
.\glue 0.0
.\glue 8.53581
.etc.

 [160]
[161] [162] [163]
epsf:[fig/block1.edg.ps]
BoundingBox: (50bp,156bp)--(562bp,636bp) =>(271bp,256bp) [164] [165] [166])
(jmanipulator.tex [167]
Underfull \vbox (badness 10000) has occurred while \output is active
\vbox(699.93796+0.0)x469.47046, glue set 4.6859
.\write3{\indexentry{:newcoords}{\thepage }}
.\glue(\topskip) 2.29121
.\hbox(7.70879+2.5)x469.47046, glue set 255.45056fill
..\hbox(0.0+0.0)x0.0
..\tenbf :
..\tenbf n
..\tenbf e
..\tenbf w
..etc.
.\penalty -51
.\glue 0.0
.etc.

 [168]
epsf:[/usr/share/src/eus/doc/latex/fig/eta3coords.ps]
BoundingBox: (142bp,167bp)--(549bp,563bp) =>(290bp,284bp) [169] [170])
(jmars-pre.tex
Underfull \hbox (badness 10000) in paragraph at lines 46--52


\hbox(0.0+0.0)x469.47046
.\glue(\rightskip) 0.0

epsf:[fig/mars.eps]
BoundingBox: (16bp,132bp)--(595bp,659bp) =>(174bp,158bp)
epsf:[fig/simst.ps]
BoundingBox: (12bp,549bp)--(476bp,821bp) =>(195bp,122bp) [171]
epsf:[fig/robot-ui2.ps]
BoundingBox: (13bp,629bp)--(475bp,806bp) =>(231bp,88bp)
epsf:[fig/robot-st2.ps]
BoundingBox: (28bp,410bp)--(587bp,685bp) =>(223bp,110bp)
Overfull \hbox (10.27315pt too wide) in paragraph at lines 84--88
 [] 

\hbox(59.36812+54.36812)x469.47046
.\glue(\leftskip) 0.0 plus 1.0fil
.\hbox(59.36812+54.36812)x479.7436
..\mathon
..\vbox(59.36812+54.36812)x479.7436
...\hbox(110.1362+3.60004)x479.7436 []
..\mathoff
.\penalty 10000
.\glue(\parfillskip) 0.0
.\glue(\rightskip) 0.0 plus 1.0fil

) [172] (jmanual.ind [173


] [174] [175] [176] [177] [178] [179] [180] [181]
[182

]) (jmanual.aux) ) 
Here is how much of TeX's memory you used:
 500 strings out of 3015
 4619 string characters out of 49114
 52982 words of memory out of 262141
 3083 multiletter control sequences out of 9500
 25714 words of font info for 181 fonts, out of 72000 for 511
 14 hyphenation exceptions out of 607
 18i,9n,18p,260b,556s stack positions out of 300i,40n,60p,3000b,4000s

Output written on jmanual.dvi (187 pages, 695348 bytes).
