This is JTeX, Version 1.52, based on TeX C Version 3.141 (format=jlplain 95.6.26)  19 MAR 1996 19:53
**images.tex
(images.tex
** JLaTeX ver.1.3......Isozaki
(/usr/local/lib/tex/inputs/article.sty
Document Style `article' <16 Mar 88>.
(/usr/local/lib/tex/inputs/art10.sty)
\c@part=\count82
\c@section=\count83
\c@subsection=\count84
\c@subsubsection=\count85
\c@paragraph=\count86
\c@subparagraph=\count87
\c@figure=\count88
\c@table=\count89
) (/usr/local/lib/tex/inputs/art10.sty)
(/usr/local/lib/tex/inputs/titlepage.sty)
(/usr/local/lib/tex/inputs/makeidx.sty)
(/opt/SOUMfs/lib/tex/inputs.local/EPSF/epsf.sty
EPSF macro package for LaTeX. version 1.3 - Released October 31, 1990
\@arga=\count90
\@argb=\count91
\@argc=\count92
\@ctmpa=\count93
\@ctmpb=\count94
\@ctmpc=\count95
\@ctmpd=\count96
\@ctmpe=\count97
\@darg=\dimen100
\@bblen=\dimen101
\ps@stream=\read1
) (mytabbing.sty)
\@indexfile=\write3

Writing index file images.idx 
\lthtmlwrite=\write4
\sizebox=\box26
(images.aux) [1


]
LaTeX Warning: Citation `Hirukawa:1991a' on page 2 undefined on input line 146.

LaTeX Warning: Citation `Hirukawa:1991b' on page 2 undefined on input line 146.

LaTeX Warning: Citation `Hirukawa:1991c' on page 2 undefined on input line 146.

[2]
epsf:[fig/eta3colavo.ps]
BoundingBox: (33bp,489bp)--(546bp,745bp) =>(426bp,209bp) [3] [4

]
epsf:[fig/pointer.ps]
BoundingBox: (134bp,508bp)--(383bp,605bp) =>(249bp,97bp) [5]
epsf:[fig/object.ps]
BoundingBox: (87bp,594bp)--(484bp,713bp) =>(398bp,119bp) [6] [7] [8

] [9]
[10

] [11

] [12

] [13

]
latex2htmlSize :tex2html_wrap_inline28115: 8.14003pt::0.83333pt.
[14

]
latex2htmlSize :tex2html_wrap_inline28117: 8.14003pt::0.0pt.
[15

]
latex2htmlSize :tex2html_wrap_inline28121: 4.30554pt::0.0pt.
[16

]
latex2htmlSize :tex2html_wrap_inline28123: 6.44444pt::0.83333pt.
[17

]
latex2htmlSize :tex2html_wrap_inline28125: 7.5pt::2.5pt.
[18

]
latex2htmlSize :tex2html_wrap_inline28127: 6.44444pt::0.83333pt.
[19

]
latex2htmlSize :tex2html_wrap_inline28161: 10.28847pt::3.44841pt.
[20

]
latex2htmlSize :tex2html_wrap_inline28163: 10.28847pt::3.44841pt.
[21

]
latex2htmlSize :tex2html_wrap_inline28165: 10.28847pt::4.28175pt.
[22

]
latex2htmlSize :tex2html_wrap_inline28169: 6.6428pt::0.0pt.
[23

] [24

]
latex2htmlSize :tex2html_wrap_inline28176: 7.5pt::2.5pt.
[25

] [26

] [27

] [28

] [29

]
latex2htmlSize :tex2html_wrap_inline28264: 3.66875pt::0.0pt.
[30

] [31

] [32

] [33

] [34

] [35

] [36

]
epsf:[fig/threadfig.ps]
BoundingBox: (0bp,0bp)--(560bp,246bp) =>(369bp,159bp) [37]
epsf:[fig/parathreads.ps]
BoundingBox: (0bp,0bp)--(504bp,435bp) =>(341bp,293bp) [38]
epsf:[fig/threadobj.ps]
BoundingBox: (0bp,0bp)--(564bp,316bp) =>(213bp,119bp)
epsf:[fig/threadpool.ps]
BoundingBox: (0bp,0bp)--(553bp,303bp) =>(213bp,115bp) [39]
epsf:[fig/synchports.ps]
BoundingBox: (0bp,250bp)--(600bp,560bp) =>(369bp,188bp) [40] [41] [42

]
latex2htmlSize :tex2html_wrap_inline28310: 8.14003pt::2.5pt.
[43

]
latex2htmlSize :tex2html_wrap_inline28314: 8.14003pt::2.5pt.
[44

]
latex2htmlSize :tex2html_wrap_inline28320: 6.94444pt::0.83333pt.
[45

]
latex2htmlSize :tex2html_wrap_inline28322: 5.83333pt::0.83333pt.
[46

] [47

] [48

]
epsf:[fig/beam.ps]
BoundingBox: (130bp,261bp)--(523bp,608bp) =>(321bp,284bp) [49]
latex2htmlSize :tex2html_wrap_inline28325: 7.5pt::2.5pt.
[50

]
latex2htmlSize :tex2html_wrap_inline28331: 7.5pt::2.5pt.
[51

]
latex2htmlSize :tex2html_wrap_inline28373: 7.5pt::2.5pt.
[52

]
latex2htmlSize :tex2html_wrap_inline28375: 7.5pt::2.5pt.
[53

]
epsf:[fig/fig1.ps]
BoundingBox: (99bp,122bp)--(556bp,766bp) =>(378bp,540bp) [54]
epsf:[fig/fig-peg-in-hole1.ps]
BoundingBox: (0bp,0bp)--(480bp,480bp) =>(224bp,224bp)
epsf:[fig/fig-peg-in-hole2.ps]
BoundingBox: (0bp,0bp)--(480bp,480bp) =>(224bp,224bp)
epsf:[fig/fig-peg-in-hole3.ps]
BoundingBox: (0bp,0bp)--(480bp,480bp) =>(224bp,224bp)
epsf:[fig/fig-peg-in-hole4.ps]
BoundingBox: (0bp,0bp)--(480bp,480bp) =>(224bp,224bp) [55]
epsf:[fig/fig-peg-naname-m1.ps]
BoundingBox: (0bp,0bp)--(480bp,480bp) =>(224bp,224bp)
epsf:[fig/fig-peg-naname-m2.ps]
BoundingBox: (0bp,0bp)--(480bp,480bp) =>(224bp,224bp)
epsf:[fig/fig-peg-naname-m3.ps]
BoundingBox: (0bp,0bp)--(480bp,480bp) =>(224bp,224bp)
epsf:[fig/fig-peg-naname-m4.ps]
BoundingBox: (0bp,0bp)--(480bp,480bp) =>(224bp,224bp) [56] [57

] [58

] [59

]
epsf:[fig/viewcoords.ps]
BoundingBox: (178bp,407bp)--(549bp,659bp) =>(418bp,284bp) [60] [61

] [62

]
[63

] [64

]
epsf:[fig/xdraw.ps]
BoundingBox: (0bp,0bp)--(409bp,252bp) =>(276bp,170bp) [65] [66

] [67

] [68

]
latex2htmlSize :tex2html_wrap_inline28409: 8.14003pt::0.0pt.
[69

] [70

] [71

]
epsf:[fig/panellayout.ps]
BoundingBox: (117bp,375bp)--(478bp,641bp) =>(268bp,199bp) [72] [73

] [74

]
[75

]
epsf:[fig/filepanel.ps]
BoundingBox: (116bp,246bp)--(496bp,546bp) =>(268bp,213bp) [76]
epsf:[fig/textviewpanel.ps]
BoundingBox: (56bp,146bp)--(556bp,646bp) =>(199bp,199bp) [77] [78

] [79

]
[80

] [81

] [82

] [83

] [84

]
epsf:[fig/panelitem.ps]
BoundingBox: (201bp,306bp)--(411bp,486bp) =>(165bp,142bp) [85] [86

] [87

]
[88

] [89

]
latex2htmlSize :tex2html_wrap_inline28417: 6.94444pt::1.94444pt.
[90

] [91

] [92

] [93

] [94

] [95

]
epsf:[fig/block1.edg.ps]
BoundingBox: (50bp,156bp)--(562bp,636bp) =>(271bp,256bp) [96] [97

] [98

]
latex2htmlSize :tex2html_wrap_inline28426: 86.69446pt::81.69446pt.
[99

]
epsf:[fig/eta3coords.ps]
BoundingBox: (142bp,167bp)--(549bp,563bp) =>(290bp,284bp) [100] [101

]
latex2htmlSize :tex2html_wrap_inline28431: 3.66875pt::0.0pt.
[102

]
epsf:[fig/mars.eps]
BoundingBox: (16bp,132bp)--(595bp,659bp) =>(174bp,158bp)
epsf:[fig/simst.ps]
BoundingBox: (12bp,549bp)--(476bp,821bp) =>(195bp,122bp) [103]
epsf:[fig/robot-ui2.ps]
BoundingBox: (13bp,629bp)--(475bp,806bp) =>(231bp,88bp)
epsf:[fig/robot-st2.ps]
BoundingBox: (28bp,410bp)--(587bp,685bp) =>(223bp,110bp)
Overfull \hbox (10.27315pt too wide) in paragraph at lines 1591--1595
 [] 

\hbox(59.36812+54.36812)x469.47046
.\glue(\leftskip) 0.0 plus 1.0fil
.\hbox(59.36812+54.36812)x479.7436
..\mathon
..\vbox(59.36812+54.36812)x479.7436
...\hbox(110.1362+3.60004)x479.7436 []
..\mathoff
.\penalty 10000
.\glue(\parfillskip) 0.0
.\glue(\rightskip) 0.0 plus 1.0fil

[104] (images.aux) ) 
Here is how much of TeX's memory you used:
 385 strings out of 10526
 3420 string characters out of 75037
 43024 words of memory out of 262141
 3037 multiletter control sequences out of 9500
 20494 words of font info for 76 fonts, out of 100000 for 511
 14 hyphenation exceptions out of 607
 13i,9n,24p,198b,428s stack positions out of 300i,80n,60p,3000b,4000s

Output written on images.dvi (104 pages, 26676 bytes).
