This is pdfTeX, Version 3.1415926-1.40.10 (TeX Live 2009/Debian) (format=latex 2013.5.21)  21 MAY 2013 09:11
entering extended mode
 %&-line parsing enabled.
**./manual-images.tex
(./manual-images.tex
LaTeX2e <2009/09/24>
Babel <v3.8l> and hyphenation patterns for english, usenglishmax, dumylang, noh
yphenation, farsi, arabic, croatian, bulgarian, ukrainian, russian, czech, slov
ak, danish, dutch, finnish, french, basque, ngerman, german, german-x-2009-06-1
9, ngerman-x-2009-06-19, ibycus, monogreek, greek, ancientgreek, hungarian, san
skrit, italian, latin, latvian, lithuanian, mongolian2a, mongolian, bokmal, nyn
orsk, romanian, irish, coptic, serbian, turkish, welsh, esperanto, uppersorbian
, estonian, indonesian, interlingua, icelandic, kurmanji, slovenian, polish, po
rtuguese, spanish, galician, catalan, swedish, ukenglish, pinyin, loaded.

(/usr/share/texmf-texlive/tex/latex/base/latex209.def
File: latex209.def 1998/05/13 v0.52 Standard LaTeX file

          Entering LaTeX 2.09 COMPATIBILITY MODE
 *************************************************************
    !!WARNING!!    !!WARNING!!    !!WARNING!!    !!WARNING!!   
 
 This mode attempts to provide an emulation of the LaTeX 2.09
 author environment so that OLD documents can be successfully
 processed. It should NOT be used for NEW documents!
 
 New documents should use Standard LaTeX conventions and start
 with the \documentclass command.
 
 Compatibility mode is UNLIKELY TO WORK with LaTeX 2.09 style
 files that change any internal macros, especially not with
 those that change the FONT SELECTION or OUTPUT ROUTINES.
 
 Therefore such style files MUST BE UPDATED to use
          Current Standard LaTeX: LaTeX2e.
 If you suspect that you may be using such a style file, which
 is probably very, very old by now, then you should attempt to
 get it updated by sending a copy of this error message to the
 author of that file.
 *************************************************************

\footheight=\dimen102
\@maxsep=\dimen103
\@dblmaxsep=\dimen104
\@cla=\count79
\@clb=\count80
\mscount=\count81
(/usr/share/texmf-texlive/tex/latex/base/tracefnt.sty
Package: tracefnt 1997/05/29 v3.0j Standard LaTeX package (font tracing)
\tracingfonts=\count82
LaTeX Info: Redefining \selectfont on input line 101.
)
\symbold=\mathgroup4
\symsans=\mathgroup5
\symtypewriter=\mathgroup6
\symitalic=\mathgroup7
\symsmallcaps=\mathgroup8
\symslanted=\mathgroup9
LaTeX Font Info:    Redeclaring math alphabet \mathbf on input line 293.
LaTeX Font Info:    Redeclaring math alphabet \mathsf on input line 294.
LaTeX Font Info:    Redeclaring math alphabet \mathtt on input line 295.
LaTeX Font Info:    Redeclaring math alphabet \mathit on input line 301.
LaTeX Info: Redefining \em on input line 311.
(/usr/share/texmf-texlive/tex/latex/base/latexsym.sty
Package: latexsym 1998/08/17 v2.2e Standard LaTeX package (lasy symbols)
\symlasy=\mathgroup10
LaTeX Font Info:    Overwriting symbol font `lasy' in version `bold'
(Font)                  U/lasy/m/n --> U/lasy/b/n on input line 47.
)
LaTeX Font Info:    Redeclaring math delimiter \lgroup on input line 375.
LaTeX Font Info:    Redeclaring math delimiter \rgroup on input line 377.
LaTeX Font Info:    Redeclaring math delimiter \bracevert on input line 379.
) (/usr/share/texmf-texlive/tex/latex/base/article.cls
Document Class: article 2007/10/19 v1.4h Standard LaTeX document class
(/usr/share/texmf-texlive/tex/latex/base/size10.clo
File: size10.clo 2007/10/19 v1.4h Standard LaTeX file (size option)
)
\c@part=\count83
\c@section=\count84
\c@subsection=\count85
\c@subsubsection=\count86
\c@paragraph=\count87
\c@subparagraph=\count88
\c@figure=\count89
\c@table=\count90
\abovecaptionskip=\skip41
\belowcaptionskip=\skip42
Compatibility mode: definition of \rm ignored.
Compatibility mode: definition of \sf ignored.
Compatibility mode: definition of \tt ignored.
Compatibility mode: definition of \bf ignored.
Compatibility mode: definition of \it ignored.
Compatibility mode: definition of \sl ignored.
Compatibility mode: definition of \sc ignored.
LaTeX Info: Redefining \cal on input line 506.
LaTeX Info: Redefining \mit on input line 507.
\bibindent=\dimen105
) (/usr/share/texmf-texlive/tex/latex/base/makeidx.sty
Package: makeidx 2000/03/29 v1.0m Standard LaTeX package
) (/usr/share/texmf-texlive/tex/generic/epsf/epsf.sty
This is `epsf.tex' v2.7.3 <23 July 2005>
\epsffilein=\read1
\epsfframemargin=\dimen106
\epsfframethickness=\dimen107
\epsfrsize=\dimen108
\epsftmp=\dimen109
\epsftsize=\dimen110
\epsfxsize=\dimen111
\epsfysize=\dimen112
\pspoints=\dimen113
) (/home/k-okada/prog/euslisp/trunk/EusLisp/doc/latex/mytabbing.sty) (/usr/shar
e/texmf-texlive/tex/latex/base/ifthen.sty
Package: ifthen 2001/05/26 v1.1c Standard LaTeX ifthen package (DPC)
)
\@indexfile=\write3
\openout3 = `manual-images.idx'.

Writing index file manual-images.idx

! LaTeX Error: LaTeX2e command \usepackage in LaTeX 2.09 document.

See the LaTeX manual or LaTeX Companion for explanation.
Type  H <return>  for immediate help.
 ...                                              
                                                  
l.43 \usepackage
                [latin1]{inputenc}
This is a LaTeX 2.09 document, but it contains \usepackage.
If you want to use the new features of LaTeX2e, your document
should begin with \documentclass rather than \documentstyle


! LaTeX Error: \usepackage before \documentclass.

See the LaTeX manual or LaTeX Companion for explanation.
Type  H <return>  for immediate help.
 ...                                              
                                                  
l.43 \usepackage[latin1]{
                         inputenc}
\usepackage may only appear in the document preamble, i.e.,
between \documentclass and \begin{document}.

\sizebox=\box26
\lthtmlwrite=\write4

! LaTeX Error: Command \selectlanguage already defined.
               Or name \end... illegal, see p.192 of the manual.

See the LaTeX manual or LaTeX Companion for explanation.
Type  H <return>  for immediate help.
 ...                                              
                                                  
l.139 \providecommand{\selectlanguage}[1]{}
                                           %
Your command was ignored.
Type  I <command> <return>  to replace it with another command,
or  <return>  to continue without it.

(./manual-images.aux)
\openout1 = `manual-images.aux'.

LaTeX Font Info:    Checking defaults for OML/cmm/m/it on input line 143.
LaTeX Font Info:    ... okay on input line 143.
LaTeX Font Info:    Checking defaults for T1/cmr/m/n on input line 143.
LaTeX Font Info:    ... okay on input line 143.
LaTeX Font Info:    Checking defaults for OT1/cmr/m/n on input line 143.
LaTeX Font Info:    ... okay on input line 143.
LaTeX Font Info:    Checking defaults for OMS/cmsy/m/n on input line 143.
LaTeX Font Info:    ... okay on input line 143.
LaTeX Font Info:    Checking defaults for OMX/cmex/m/n on input line 143.
LaTeX Font Info:    ... okay on input line 143.
LaTeX Font Info:    Checking defaults for U/cmr/m/n on input line 143.
LaTeX Font Info:    ... okay on input line 143.

latex2htmlLength hsize=349.0pt

latex2htmlLength vsize=744.17567pt

latex2htmlLength hoffset=0.0pt

latex2htmlLength voffset=0.0pt

latex2htmlLength topmargin=0.0pt

latex2htmlLength topskip=0.00003pt

latex2htmlLength headheight=0.0pt

latex2htmlLength headsep=0.0pt

latex2htmlLength parskip=2.84526pt

latex2htmlLength oddsidemargin=14.22636pt

latex2htmlLength evensidemargin=14.22636pt

(fig/eta3colavo.ps
)

Overfull \hbox (84.458pt too wide) in paragraph at lines 373--374
[][] 
 []

l2hSize :figure598:212.97957pt::0.0pt::349.0pt.
[1



]
(fig/pointer.ps
)
l2hSize :figure737:130.83997pt::0.0pt::349.0pt.
[2


]
(fig/object.ps
)
l2hSize :figure749:105.28651pt::0.0pt::349.0pt.
[3


]
l2hSize :figure769:616.0pt::0.0pt::349.0pt.
[4


]
LaTeX Font Info:    External font `cmex10' loaded for size
(Font)              <7> on input line 487.
LaTeX Font Info:    External font `cmex10' loaded for size
(Font)              <5> on input line 487.
LaTeX Font Info:    Try loading font information for U+lasy on input line 487.
(/usr/share/texmf-texlive/tex/latex/base/ulasy.fd
File: ulasy.fd 1998/08/17 v2.2e LaTeX symbol font definitions
)
l2hSize :tex2html_wrap_inline1273:8.0pt::8.0pt::3.27782pt.
[5


]
LaTeX Font Info:    Try loading font information for OMS+cmr on input line 505.

(/usr/share/texmf-texlive/tex/latex/base/omscmr.fd
File: omscmr.fd 1999/05/25 v2.5h Standard LaTeX font definitions
)
LaTeX Font Info:    Font shape `OMS/cmr/m/it' in size <10> not available
(Font)              Font shape `OMS/cmsy/m/n' tried instead on input line 505.
l2hSize :emtabbing3838:94.84526pt::0.0pt::350.05598pt.
[6


]
l2hSize :tex2html_wrap_inline4499:6.95831pt::6.95831pt::8.27783pt.
[7


]
l2hSize :tex2html_wrap_inline6461:8.64003pt::8.64003pt::104.29175pt.
[8


]
l2hSize :tex2html_wrap_inline6463:8.14003pt::0.0pt::20.22232pt.
[9


]
l2hSize :tex2html_wrap_inline6467:6.45831pt::0.0pt::6.55908pt.
[10


]
l2hSize :tex2html_wrap_inline6469:6.95831pt::6.95831pt::23.78123pt.
[11


]
l2hSize :tex2html_wrap_inline6471:8.0pt::8.0pt::16.55911pt.
[12


]
l2hSize :tex2html_wrap_inline6473:6.95831pt::6.95831pt::31.55904pt.
[13


]
l2hSize :tex2html_wrap_inline6477:6.95831pt::6.95831pt::8.27783pt.
[14


]
l2hSize :tex2html_wrap_inline6489:6.95831pt::6.95831pt::16.05563pt.
[15


]
l2hSize :tex2html_wrap_inline6493:6.95831pt::6.95831pt::16.05563pt.
[16


]
l2hSize :tex2html_wrap_inline6497:7.09525pt::7.09525pt::50.01114pt.
[17


]
l2hSize :tex2html_wrap_inline6499:7.09525pt::7.09525pt::50.01114pt.
[18


]
l2hSize :tex2html_wrap_inline6501:8.0pt::8.0pt::45.33878pt.
[19


]
l2hSize :tex2html_wrap_inline6503:8.0pt::8.0pt::45.06609pt.
[20


]
l2hSize :tex2html_wrap_inline6505:8.0pt::8.0pt::46.10315pt.
[21


]
l2hSize :tex2html_wrap_inline6507:10.78847pt::10.78847pt::31.07172pt.
[22


]
l2hSize :tex2html_wrap_inline6509:10.78847pt::10.78847pt::30.96062pt.
[23


]
l2hSize :tex2html_wrap_inline6511:10.78847pt::10.78847pt::31.07172pt.
[24


]
l2hSize :tex2html_wrap_inline6513:8.0pt::8.0pt::44.43996pt.
[25


]
l2hSize :tex2html_wrap_inline6515:6.6428pt::0.0pt::10.19102pt.
[26


]
l2hSize :tex2html_wrap_inline8252:8.0pt::8.0pt::5.50005pt.
[27


]
l2hSize :tex2html_wrap_inline8254:8.0pt::8.0pt::14.38896pt.
[28


]
l2hSize :emtabbing11019:106.84526pt::0.0pt::349.0pt.
[29


]
l2hSize :displaymath14274:14.5pt::0.0pt::349.0pt.
[30


]
l2hSize :tex2html_wrap_inline14276:8.14003pt::0.0pt::14.98619pt.
[31


]
l2hSize :emtabbing15515:94.84526pt::0.0pt::349.0pt.
[32


]
l2hSize :tex2html_wrap_inline16437:8.0pt::8.0pt::43.54858pt.
[33


]
l2hSize :tex2html_wrap_inline16455:6.45831pt::0.0pt::8.27783pt.
[34


]
Overfull \hbox (0.98181pt too wide) detected at line 749
[] [] []
 []

l2hSize :emtabbing18936:106.84526pt::0.0pt::432.56528pt.
[35


]
l2hSize :emtabbing19011:106.84526pt::0.0pt::292.3775pt.
[36


]
Overfull \hbox (14.973pt too wide) detected at line 782
[] [] []
 []

l2hSize :emtabbing19104:82.84526pt::0.0pt::349.0pt.
[37


]
l2hSize :tex2html_wrap_inline23253:6.94444pt::0.0pt::45.55737pt.
[38


]
l2hSize :tex2html_wrap_inline23255:6.94444pt::0.0pt::45.55737pt.
[39


]
l2hSize :tex2html_wrap_inline23257:6.94444pt::0.0pt::45.55737pt.
[40


]
(fig/threadfig.ps
)
l2hSize :figure25257:144.9888pt::0.0pt::349.0pt.
[41


]
! Missing number, treated as zero.
<to be read again> 
                   c
l.855 }
       
A number should have been here; I inserted `0'.
(If you can't figure out why I needed to see a number,
look up `weird error' in the index to The TeXbook.)

(fig/parathreads.ps
)

Overfull \hbox (163.55081pt too wide) in paragraph at lines 855--856
 [] 
 []

l2hSize :figure25269:457.6262pt::0.0pt::349.0pt.
[42


]
! Missing number, treated as zero.
<to be read again> 
                   c
l.871 }
       
A number should have been here; I inserted `0'.
(If you can't figure out why I needed to see a number,
look up `weird error' in the index to The TeXbook.)

(fig/threadobj.ps
)
! Missing number, treated as zero.
<to be read again> 
                   c
l.876 }
       
A number should have been here; I inserted `0'.
(If you can't figure out why I needed to see a number,
look up `weird error' in the index to The TeXbook.)

(fig/threadpool.ps
)

Overfull \hbox (800.84244pt too wide) in paragraph at lines 866--878
 [] 
 []

l2hSize :figure25280:341.78137pt::0.0pt::349.0pt.
[43


]
! Missing number, treated as zero.
<to be read again> 
                   c
l.893 }
       
A number should have been here; I inserted `0'.
(If you can't figure out why I needed to see a number,
look up `weird error' in the index to The TeXbook.)

(fig/synchports.ps
)

Overfull \hbox (259.9097pt too wide) in paragraph at lines 893--894
 [] 
 []

l2hSize :figure25298:332.1589pt::0.0pt::349.0pt.
[44


]
l2hSize :tex2html_wrap_inline27991:8.0pt::8.0pt::33.00938pt.
[45


]
l2hSize :tex2html_wrap_inline27993:8.64003pt::8.64003pt::121.52103pt.
[46


]
l2hSize :tex2html_wrap_inline27995:8.0pt::8.0pt::77.18532pt.
[47


]
l2hSize :tex2html_wrap_inline27997:8.64003pt::8.64003pt::81.67145pt.
[48


]
l2hSize :tex2html_wrap_inline27999:8.0pt::8.0pt::67.84715pt.
[49


]
l2hSize :tex2html_wrap_inline28001:8.0pt::8.0pt::43.89569pt.
[50


]
l2hSize :tex2html_wrap_inline28003:7.44444pt::7.44444pt::98.40784pt.
[51


]
l2hSize :tex2html_wrap_inline28005:6.95831pt::6.95831pt::8.27783pt.
[52


]
l2hSize :emtabbing27677:154.84526pt::0.0pt::349.0pt.
[53


]
! Missing number, treated as zero.
<to be read again> 
                   c
l.988 }
       
A number should have been here; I inserted `0'.
(If you can't figure out why I needed to see a number,
look up `weird error' in the index to The TeXbook.)

(fig/beam.ps
)

Overfull \hbox (52.13585pt too wide) in paragraph at lines 988--989
 [] 
 []

l2hSize :figure29364:369.29723pt::0.0pt::349.0pt.
[54


]
l2hSize :tex2html_wrap_inline32330:8.0pt::8.0pt::141.06131pt.
[55


]
l2hSize :tex2html_wrap_inline32332:6.45831pt::0.0pt::5.50005pt.
[56


]
l2hSize :tex2html_wrap_inline32336:8.0pt::8.0pt::125.04399pt.
[57


]
l2hSize :tex2html_wrap_inline32342:6.45831pt::0.0pt::26.00711pt.
[58


]
l2hSize :tex2html_wrap_inline32344:6.45831pt::0.0pt::26.00711pt.
[59


]
l2hSize :tex2html_wrap_inline32346:7.44444pt::7.44444pt::118.42616pt.
[60


]
l2hSize :tex2html_wrap_inline32356:7.44444pt::7.44444pt::118.42616pt.
[61


]
l2hSize :tex2html_wrap_inline32378:8.0pt::8.0pt::99.72559pt.
[62


]
l2hSize :tex2html_wrap_inline32380:8.0pt::8.0pt::186.27444pt.
[63


]
l2hSize :tex2html_wrap_inline32382:8.0pt::8.0pt::57.27438pt.
[64


]
l2hSize :tex2html_wrap_inline32384:7.44444pt::7.44444pt::162.16379pt.
[65


]
l2hSize :tex2html_wrap_inline32386:7.09525pt::7.09525pt::37.33066pt.
[66


]
! Missing number, treated as zero.
<to be read again> 
                   c
l.1079 }
        
A number should have been here; I inserted `0'.
(If you can't figure out why I needed to see a number,
look up `weird error' in the index to The TeXbook.)

(fig/fig1.ps
)

Overfull \hbox (116.3751pt too wide) in paragraph at lines 1079--1080
 [] 
 []

l2hSize :figure29999:667.40753pt::0.0pt::349.0pt.
[67


]
l2hSize :tex2html_wrap_inline32388:6.45831pt::0.0pt::5.59033pt.
[68


]
(fig/fig-peg-in-hole1.ps
)
(fig/fig-peg-in-hole2.ps
)
(fig/fig-peg-in-hole3.ps
)
(fig/fig-peg-in-hole4.ps
)

Underfull \hbox (badness 10000) in paragraph at lines 1101--1117
[][]
 []


Underfull \hbox (badness 10000) in paragraph at lines 1101--1117
[]
 []


Underfull \hbox (badness 10000) in paragraph at lines 1101--1117
[]
 []

*** image for figure34582 is too tall at 856.58264pt, reducing to .95 vsize ***

l2hSize :figure34582:706.96461pt::0.0pt::349.0pt.
[69


]
(fig/fig-peg-naname-m1.ps
)
(fig/fig-peg-naname-m2.ps
)
(fig/fig-peg-naname-m3.ps
)
(fig/fig-peg-naname-m4.ps
)
*** image for figure34590 is too tall at 876.58264pt, reducing to .95 vsize ***

l2hSize :figure34590:706.96461pt::0.0pt::349.0pt.
[70


]
l2hSize :tex2html_wrap_inline34843:6.45831pt::0.0pt::29.13432pt.
[71


]
l2hSize :tex2html_wrap_inline34845:8.0pt::8.0pt::19.2547pt.
[72


]
l2hSize :tex2html_wrap_inline34847:6.94444pt::0.0pt::22.95956pt.
[73


]
l2hSize :tex2html_wrap_inline34849:6.45831pt::0.0pt::19.56723pt.
[74


]
l2hSize :tex2html_wrap_inline34851:6.59525pt::0.0pt::16.90004pt.
[75


]
l2hSize :tex2html_wrap_inline34853:7.33331pt::7.33331pt::22.6818pt.
[76


]
l2hSize :tex2html_wrap_inline34855:6.94444pt::0.0pt::19.88779pt.
[77


]
! Missing number, treated as zero.
<to be read again> 
                   c
l.1203 }
        
A number should have been here; I inserted `0'.
(If you can't figure out why I needed to see a number,
look up `weird error' in the index to The TeXbook.)

(fig/viewcoords.ps
)

Overfull \hbox (30.0536pt too wide) in paragraph at lines 1203--1204
 [] 
 []

l2hSize :figure34905:273.94208pt::0.0pt::349.0pt.
[78


]
l2hSize :emtabbing35464:82.84526pt::0.0pt::349.0pt.
[79


]
l2hSize :emtabbing35600:106.84526pt::0.0pt::349.0pt.
[80


]
l2hSize :tex2html_wrap_inline36488:6.95831pt::6.95831pt::180.41145pt.
[81


]
l2hSize :emtabbing36207:142.84526pt::0.0pt::349.0pt.
[82


]
l2hSize :emtabbing38763:58.84526pt::0.0pt::391.96681pt.
[83


]
l2hSize :tex2html_wrap_inline39530:7.44444pt::7.44444pt::66.53725pt.
[84


]
l2hSize :tex2html_wrap_inline39532:8.0pt::8.0pt::66.34158pt.
[85


]
l2hSize :tex2html_wrap_inline39534:7.33331pt::7.33331pt::145.23035pt.
[86


]
l2hSize :emtabbing38964:58.84526pt::0.0pt::349.0pt.
[87


]
l2hSize :emtabbing39016:70.84526pt::0.0pt::358.61702pt.
[88


]
l2hSize :emtabbing39053:58.84526pt::0.0pt::349.0pt.
[89


]
Overfull \hbox (72.12962pt too wide) detected at line 1351
[] [] []
 []

l2hSize :emtabbing39155:46.84526pt::0.0pt::349.0pt.
[90


]
Overfull \hbox (10.8604pt too wide) detected at line 1363
[] [] []
 []

l2hSize :emtabbing39182:58.84526pt::0.0pt::402.42087pt.
[91


]
! Missing number, treated as zero.
<to be read again> 
                   c
l.1380 }
        
A number should have been here; I inserted `0'.
(If you can't figure out why I needed to see a number,
look up `weird error' in the index to The TeXbook.)

(fig/block1.edg.ps
)

Overfull \hbox (171.58072pt too wide) in paragraph at lines 1380--1381
 [] 
 []

l2hSize :figure38064:502.79443pt::0.0pt::349.0pt.
[92


]
l2hSize :emtabbing41301:94.84526pt::0.0pt::387.6406pt.
[93


]
l2hSize :tex2html_wrap_inline41311:6.83331pt::0.0pt::7.73268pt.
[94


]
l2hSize :tex2html_wrap_inline41313:87.19446pt::87.19446pt::257.35117pt.
[95


]
(fig/eta3coords.ps
)
l2hSize :figure40974:304.52756pt::0.0pt::349.0pt.
[96


]
(fig/xdraw.ps
)
l2hSize :figure41890:190.71652pt::0.0pt::349.0pt.
[97


]
l2hSize :tex2html_wrap_inline44328:8.0pt::8.0pt::23.69911pt.
[98


]
l2hSize :emtabbing43356:118.84526pt::0.0pt::352.37126pt.
[99


]
l2hSize :emtabbing43733:94.84526pt::0.0pt::349.0pt.
[100


]
Overfull \hbox (4.60077pt too wide) detected at line 1517
[] [] []
 []

l2hSize :emtabbing43913:46.84526pt::0.0pt::349.0pt.
[101


]
l2hSize :tex2html_wrap_inline44330:8.14003pt::0.0pt::76.38889pt.
[102


]
l2hSize :tex2html_wrap_inline44332:6.95831pt::6.95831pt::13.27785pt.
[103


]
Overfull \hbox (37.59914pt too wide) detected at line 1546
[] [] []
 []

l2hSize :emtabbing47102:58.84526pt::0.0pt::386.83208pt.
[104


]
(fig/panellayout.ps
)
l2hSize :figure46348:219.16928pt::0.0pt::349.0pt.
[105


]
l2hSize :emtabbing47149:58.84526pt::0.0pt::349.0pt.
[106


]
l2hSize :emtabbing47179:58.84526pt::0.0pt::349.0pt.
[107


]
l2hSize :emtabbing47304:58.84526pt::0.0pt::402.80418pt.
[108


]
(fig/filepanel.ps
)
l2hSize :figure46436:233.39566pt::0.0pt::349.0pt.
[109


]
(fig/textviewpanel.ps
)
l2hSize :figure46446:219.16928pt::0.0pt::349.0pt.
[110


]
l2hSize :emtabbing47384:58.84526pt::0.0pt::399.48203pt.
[111


]
l2hSize :emtabbing47427:94.84526pt::0.0pt::349.64882pt.
[112


]
l2hSize :emtabbing47482:70.84526pt::0.0pt::349.0pt.
[113


]
l2hSize :emtabbing47548:58.84526pt::0.0pt::349.0pt.
[114


]
l2hSize :emtabbing47604:94.84526pt::0.0pt::349.0pt.
[115


]
l2hSize :emtabbing47691:70.84526pt::0.0pt::422.22626pt.
[116


]
l2hSize :emtabbing47741:82.84526pt::0.0pt::349.0pt.
[117


]
(fig/panelitem.ps
)
l2hSize :figure46601:162.26378pt::0.0pt::349.0pt.
[118


]
l2hSize :emtabbing47796:58.84526pt::0.0pt::446.24828pt.
[119


]
l2hSize :emtabbing47869:70.84526pt::0.0pt::349.0pt.
[120


] (./manual-images.aux) ) 
Here is how much of TeX's memory you used:
 634 strings out of 493849
 7707 string characters out of 1152846
 68130 words of memory out of 3000000
 3921 multiletter control sequences out of 15000+50000
 9764 words of font info for 37 fonts, out of 3000000 for 9000
 714 hyphenation exceptions out of 8191
 19i,12n,21p,240b,270s stack positions out of 5000i,500n,10000p,200000b,50000s

Output written on manual-images.dvi (120 pages, 26736 bytes).
